#
# There is insufficient memory for the Java Runtime Environment to continue.
# Native memory allocation (mmap) failed to map 35651584 bytes for Failed to commit area from 0x00000000aa800000 to 0x00000000aca00000 of length 35651584.
# Possible reasons:
#   The system is out of physical RAM or swap space
#   The process is running with CompressedOops enabled, and the Java Heap may be blocking the growth of the native heap
# Possible solutions:
#   Reduce memory load on the system
#   Increase physical memory or swap space
#   Check if swap backing store is full
#   Decrease Java heap size (-Xmx/-Xms)
#   Decrease number of Java threads
#   Decrease Java thread stack sizes (-Xss)
#   Set larger code cache with -XX:ReservedCodeCacheSize=
#   JVM is running with Unscaled Compressed Oops mode in which the Java heap is
#     placed in the first 4GB address space. The Java Heap base address is the
#     maximum limit for the native heap growth. Please use -XX:HeapBaseMinAddress
#     to set the Java Heap base and to place the Java Heap above 4GB virtual address.
# This output file may be truncated or incomplete.
#
#  Out of Memory Error (./src/hotspot/os/windows/os_windows.cpp:3619), pid=11588, tid=4464
#
# JRE version: OpenJDK Runtime Environment (11.0.13) (build 11.0.13+0-b1751.21-8125866)
# Java VM: OpenJDK 64-Bit Server VM (11.0.13+0-b1751.21-8125866, mixed mode, tiered, compressed oops, g1 gc, windows-amd64)
# No core dump will be written. Minidumps are not enabled by default on client versions of Windows
#

---------------  S U M M A R Y ------------

Command Line: --add-opens=java.base/java.util=ALL-UNNAMED --add-opens=java.base/java.lang=ALL-UNNAMED --add-opens=java.base/java.lang.invoke=ALL-UNNAMED --add-opens=java.base/java.util=ALL-UNNAMED --add-opens=java.prefs/java.util.prefs=ALL-UNNAMED --add-opens=java.prefs/java.util.prefs=ALL-UNNAMED --add-opens=java.base/java.nio.charset=ALL-UNNAMED --add-opens=java.base/java.net=ALL-UNNAMED --add-opens=java.base/java.util.concurrent.atomic=ALL-UNNAMED -Xmx1536m -Dfile.encoding=windows-1251 -Duser.country=RU -Duser.language=ru -Duser.variant org.gradle.launcher.daemon.bootstrap.GradleDaemon 7.4

Host: AMD Ryzen 5 3500U with Radeon Vega Mobile Gfx  , 8 cores, 5G,  Windows 10 , 64 bit Build 17763 (10.0.17763.292)
Time: Sun Jan 22 18:35:52 2023 RTZ 2 (ceia) elapsed time: 17.425203 seconds (0d 0h 0m 17s)

---------------  T H R E A D  ---------------

Current thread (0x000001852d70c800):  VMThread "VM Thread" [stack: 0x0000003b3fc00000,0x0000003b3fd00000] [id=4464]

Stack: [0x0000003b3fc00000,0x0000003b3fd00000]
[error occurred during error reporting (printing stack bounds), id 0xc0000005, EXCEPTION_ACCESS_VIOLATION (0xc0000005) at pc=0x000001851790112d]

Native frames: (J=compiled Java code, j=interpreted, Vv=VM code, C=native code)
V  [jvm.dll+0x6100fa]
V  [jvm.dll+0x747090]
V  [jvm.dll+0x7486ad]
V  [jvm.dll+0x748ce5]
V  [jvm.dll+0x748c9b]
V  [jvm.dll+0x60f224]
V  [jvm.dll+0x60f9b8]
C  [ntdll.dll+0xa468f]
C  [ntdll.dll+0x4bef]
C  [ntdll.dll+0xa33fe]
C  0x000001851790112d

VM_Operation (0x0000003b44cfae10): G1CollectForAllocation, mode: safepoint, requested by thread 0x0000018532a06000


---------------  P R O C E S S  ---------------

Threads class SMR info:
_java_thread_list=0x0000018533bddb40, length=140, elements={
0x00000185125e4000, 0x000001852d72f800, 0x000001852d733000, 0x000001852d74e800,
0x000001852d751000, 0x000001852d752800, 0x000001852d756000, 0x000001852d759800,
0x000001852d760000, 0x000001852e203800, 0x000001852f10a000, 0x000001853032d800,
0x000001852f765800, 0x000001853049f800, 0x000001852f8c5000, 0x000001852f4db000,
0x000001852f9cd800, 0x000001853042a800, 0x00000185303cd800, 0x000001853041a800,
0x0000018530472000, 0x0000018530525000, 0x000001852f438000, 0x0000018530cfb800,
0x0000018530cf6800, 0x0000018530cf9000, 0x0000018530cfa800, 0x0000018530cfc000,
0x0000018530cfd000, 0x0000018530cf7000, 0x0000018530cf8000, 0x0000018530cf9800,
0x0000018532651000, 0x000001853264f800, 0x0000018532652000, 0x0000018532652800,
0x0000018532656000, 0x0000018532654000, 0x0000018532656800, 0x0000018532659000,
0x0000018532653800, 0x000001853265b000, 0x000001853265a000, 0x0000018532655000,
0x000001853265b800, 0x000001853265d000, 0x0000018532657800, 0x000001853265c800,
0x000001853265e000, 0x0000018532658800, 0x000001853220e000, 0x0000018532212000,
0x0000018532213800, 0x0000018532214800, 0x000001853220f000, 0x000001853220f800,
0x0000018532215800, 0x0000018532213000, 0x0000018532216000, 0x0000018532210800,
0x0000018532217000, 0x0000018532211800, 0x0000018532218800, 0x000001853221c000,
0x0000018532219800, 0x0000018532218000, 0x000001853221b000, 0x000001853221c800,
0x000001853221a000, 0x0000018532a05000, 0x0000018532a08000, 0x0000018532a06000,
0x0000018532a09000, 0x0000018532a07800, 0x0000018532a03800, 0x0000018532a06800,
0x0000018532a0a000, 0x0000018532a04000, 0x0000018532a0b800, 0x0000018532a0e800,
0x0000018532a0c800, 0x0000018532a0e000, 0x0000018532a0f800, 0x0000018532a0d000,
0x0000018532a10800, 0x0000018532a0a800, 0x0000018532a11000, 0x0000018532a12000,
0x000001853232b000, 0x0000018532328800, 0x000001853232c000, 0x000001853232a000,
0x000001853232c800, 0x000001853232d800, 0x000001853232e800, 0x0000018532329800,
0x0000018532332800, 0x0000018532334000, 0x0000018532335000, 0x0000018532331000,
0x0000018532333000, 0x000001853232f000, 0x0000018532335800, 0x0000018532330000,
0x0000018532336800, 0x0000018532337800, 0x0000018532331800, 0x0000018532676000,
0x0000018532679000, 0x0000018532678000, 0x0000018532676800, 0x0000018532677800,
0x000001853267a000, 0x0000018532674000, 0x000001853267a800, 0x0000018532675000,
0x000001853267b800, 0x000001853267f800, 0x0000018532680800, 0x0000018532681000,
0x0000018532682000, 0x000001853267e000, 0x000001853267e800, 0x000001853267c800,
0x000001853267d000, 0x0000018532683000, 0x0000018532741800, 0x000001853273d800,
0x0000018532741000, 0x0000018532742800, 0x0000018532743800, 0x0000018532744000,
0x000001853273e800, 0x0000018532745000, 0x000001853273f800, 0x0000018532740000,
0x0000018532748800, 0x0000018532746800, 0x000001853274a800, 0x000001853274a000
}

Java Threads: ( => current thread )
  0x00000185125e4000 JavaThread "main" [_thread_blocked, id=9728, stack(0x0000003b3f600000,0x0000003b3f700000)]
  0x000001852d72f800 JavaThread "Reference Handler" daemon [_thread_blocked, id=10660, stack(0x0000003b3fd00000,0x0000003b3fe00000)]
  0x000001852d733000 JavaThread "Finalizer" daemon [_thread_blocked, id=2692, stack(0x0000003b3fe00000,0x0000003b3ff00000)]
  0x000001852d74e800 JavaThread "Signal Dispatcher" daemon [_thread_blocked, id=12064, stack(0x0000003b3ff00000,0x0000003b40000000)]
  0x000001852d751000 JavaThread "Attach Listener" daemon [_thread_blocked, id=2132, stack(0x0000003b40000000,0x0000003b40100000)]
  0x000001852d752800 JavaThread "Service Thread" daemon [_thread_blocked, id=1792, stack(0x0000003b40100000,0x0000003b40200000)]
  0x000001852d756000 JavaThread "C2 CompilerThread0" daemon [_thread_blocked, id=10516, stack(0x0000003b40200000,0x0000003b40300000)]
  0x000001852d759800 JavaThread "C1 CompilerThread0" daemon [_thread_blocked, id=3860, stack(0x0000003b40300000,0x0000003b40400000)]
  0x000001852d760000 JavaThread "Sweeper thread" daemon [_thread_blocked, id=1360, stack(0x0000003b40400000,0x0000003b40500000)]
  0x000001852e203800 JavaThread "Common-Cleaner" daemon [_thread_blocked, id=11120, stack(0x0000003b40500000,0x0000003b40600000)]
  0x000001852f10a000 JavaThread "Daemon health stats" [_thread_blocked, id=3492, stack(0x0000003b40900000,0x0000003b40a00000)]
  0x000001853032d800 JavaThread "Incoming local TCP Connector on port 60564" [_thread_in_native, id=3684, stack(0x0000003b40b00000,0x0000003b40c00000)]
  0x000001852f765800 JavaThread "Daemon periodic checks" [_thread_blocked, id=1824, stack(0x0000003b40c00000,0x0000003b40d00000)]
  0x000001853049f800 JavaThread "Daemon" [_thread_blocked, id=10396, stack(0x0000003b40d00000,0x0000003b40e00000)]
  0x000001852f8c5000 JavaThread "Handler for socket connection from /127.0.0.1:60564 to /127.0.0.1:60565" [_thread_in_native, id=6668, stack(0x0000003b40e00000,0x0000003b40f00000)]
  0x000001852f4db000 JavaThread "Cancel handler" [_thread_blocked, id=9760, stack(0x0000003b40f00000,0x0000003b41000000)]
  0x000001852f9cd800 JavaThread "Daemon worker" [_thread_blocked, id=5576, stack(0x0000003b41000000,0x0000003b41100000)]
  0x000001853042a800 JavaThread "Asynchronous log dispatcher for DefaultDaemonConnection: socket connection from /127.0.0.1:60564 to /127.0.0.1:60565" [_thread_blocked, id=4548, stack(0x0000003b41100000,0x0000003b41200000)]
  0x00000185303cd800 JavaThread "Stdin handler" [_thread_blocked, id=11948, stack(0x0000003b41200000,0x0000003b41300000)]
  0x000001853041a800 JavaThread "Daemon client event forwarder" [_thread_blocked, id=10476, stack(0x0000003b41300000,0x0000003b41400000)]
  0x0000018530472000 JavaThread "Cache worker for journal cache (C:\Users\Artem\StudioProjects\CoolNews\caches\journal-1)" [_thread_blocked, id=12172, stack(0x0000003b41400000,0x0000003b41500000)]
  0x0000018530525000 JavaThread "File lock request listener" [_thread_in_native, id=1404, stack(0x0000003b41500000,0x0000003b41600000)]
  0x000001852f438000 JavaThread "Cache worker for file hash cache (C:\Users\Artem\StudioProjects\CoolNews\caches\7.4\fileHashes)" [_thread_blocked, id=10020, stack(0x0000003b41600000,0x0000003b41700000)]
  0x0000018530cfb800 JavaThread "File watcher server" daemon [_thread_blocked, id=3540, stack(0x0000003b41c00000,0x0000003b41d00000)]
  0x0000018530cf6800 JavaThread "File watcher consumer" daemon [_thread_blocked, id=3592, stack(0x0000003b41d00000,0x0000003b41e00000)]
  0x0000018530cf9000 JavaThread "Cache worker for checksums cache (C:\Users\Artem\AndroidStudioProjects\LTechTestTask\.gradle\7.4\checksums)" [_thread_blocked, id=96, stack(0x0000003b41e00000,0x0000003b41f00000)]
  0x0000018530cfa800 JavaThread "Cache worker for cache directory md-rule (C:\Users\Artem\StudioProjects\CoolNews\caches\7.4\md-rule)" [_thread_blocked, id=368, stack(0x0000003b41f00000,0x0000003b42000000)]
  0x0000018530cfc000 JavaThread "Cache worker for file hash cache (C:\Users\Artem\AndroidStudioProjects\LTechTestTask\.gradle\7.4\fileHashes)" [_thread_blocked, id=7112, stack(0x0000003b42000000,0x0000003b42100000)]
  0x0000018530cfd000 JavaThread "Cache worker for cache directory md-supplier (C:\Users\Artem\StudioProjects\CoolNews\caches\7.4\md-supplier)" [_thread_blocked, id=6888, stack(0x0000003b42100000,0x0000003b42200000)]
  0x0000018530cf7000 JavaThread "Cache worker for execution history cache (C:\Users\Artem\StudioProjects\CoolNews\caches\7.4\executionHistory)" [_thread_blocked, id=1176, stack(0x0000003b42200000,0x0000003b42300000)]
  0x0000018530cf8000 JavaThread "jar transforms" [_thread_blocked, id=8912, stack(0x0000003b42300000,0x0000003b42400000)]
  0x0000018530cf9800 JavaThread "Cache worker for file content cache (C:\Users\Artem\StudioProjects\CoolNews\caches\7.4\fileContent)" [_thread_blocked, id=4048, stack(0x0000003b42400000,0x0000003b42500000)]
  0x0000018532651000 JavaThread "jar transforms Thread 2" [_thread_blocked, id=7176, stack(0x0000003b42500000,0x0000003b42600000)]
  0x000001853264f800 JavaThread "Cache worker for dependencies-accessors (C:\Users\Artem\AndroidStudioProjects\LTechTestTask\.gradle\7.4\dependencies-accessors)" [_thread_blocked, id=4708, stack(0x0000003b42600000,0x0000003b42700000)]
  0x0000018532652000 JavaThread "jar transforms Thread 3" [_thread_blocked, id=5384, stack(0x0000003b42700000,0x0000003b42800000)]
  0x0000018532652800 JavaThread "Cache worker for Build Output Cleanup Cache (C:\Users\Artem\AndroidStudioProjects\LTechTestTask\.gradle\buildOutputCleanup)" [_thread_blocked, id=11324, stack(0x0000003b42800000,0x0000003b42900000)]
  0x0000018532656000 JavaThread "Unconstrained build operations" [_thread_blocked, id=5860, stack(0x0000003b42900000,0x0000003b42a00000)]
  0x0000018532654000 JavaThread "Unconstrained build operations Thread 2" [_thread_blocked, id=12276, stack(0x0000003b42a00000,0x0000003b42b00000)]
  0x0000018532656800 JavaThread "Unconstrained build operations Thread 3" [_thread_blocked, id=9544, stack(0x0000003b42b00000,0x0000003b42c00000)]
  0x0000018532659000 JavaThread "Unconstrained build operations Thread 4" [_thread_blocked, id=10088, stack(0x0000003b42c00000,0x0000003b42d00000)]
  0x0000018532653800 JavaThread "Unconstrained build operations Thread 5" [_thread_blocked, id=2696, stack(0x0000003b42d00000,0x0000003b42e00000)]
  0x000001853265b000 JavaThread "Unconstrained build operations Thread 6" [_thread_blocked, id=1252, stack(0x0000003b42e00000,0x0000003b42f00000)]
  0x000001853265a000 JavaThread "Unconstrained build operations Thread 7" [_thread_blocked, id=5196, stack(0x0000003b42f00000,0x0000003b43000000)]
  0x0000018532655000 JavaThread "Unconstrained build operations Thread 8" [_thread_blocked, id=11936, stack(0x0000003b43000000,0x0000003b43100000)]
  0x000001853265b800 JavaThread "Unconstrained build operations Thread 9" [_thread_blocked, id=4072, stack(0x0000003b43100000,0x0000003b43200000)]
  0x000001853265d000 JavaThread "Unconstrained build operations Thread 10" [_thread_blocked, id=10740, stack(0x0000003b43200000,0x0000003b43300000)]
  0x0000018532657800 JavaThread "Unconstrained build operations Thread 11" [_thread_blocked, id=1552, stack(0x0000003b43300000,0x0000003b43400000)]
  0x000001853265c800 JavaThread "Unconstrained build operations Thread 12" [_thread_blocked, id=7420, stack(0x0000003b43400000,0x0000003b43500000)]
  0x000001853265e000 JavaThread "Unconstrained build operations Thread 13" [_thread_blocked, id=9348, stack(0x0000003b43500000,0x0000003b43600000)]
  0x0000018532658800 JavaThread "Unconstrained build operations Thread 14" [_thread_blocked, id=11308, stack(0x0000003b43600000,0x0000003b43700000)]
  0x000001853220e000 JavaThread "Unconstrained build operations Thread 15" [_thread_blocked, id=560, stack(0x0000003b43700000,0x0000003b43800000)]
  0x0000018532212000 JavaThread "Unconstrained build operations Thread 16" [_thread_blocked, id=3576, stack(0x0000003b43800000,0x0000003b43900000)]
  0x0000018532213800 JavaThread "Unconstrained build operations Thread 17" [_thread_blocked, id=3868, stack(0x0000003b43900000,0x0000003b43a00000)]
  0x0000018532214800 JavaThread "Unconstrained build operations Thread 18" [_thread_blocked, id=9552, stack(0x0000003b43a00000,0x0000003b43b00000)]
  0x000001853220f000 JavaThread "Unconstrained build operations Thread 19" [_thread_blocked, id=10528, stack(0x0000003b43b00000,0x0000003b43c00000)]
  0x000001853220f800 JavaThread "Unconstrained build operations Thread 20" [_thread_blocked, id=3528, stack(0x0000003b43c00000,0x0000003b43d00000)]
  0x0000018532215800 JavaThread "Unconstrained build operations Thread 21" [_thread_blocked, id=4360, stack(0x0000003b43d00000,0x0000003b43e00000)]
  0x0000018532213000 JavaThread "Unconstrained build operations Thread 22" [_thread_blocked, id=10092, stack(0x0000003b43e00000,0x0000003b43f00000)]
  0x0000018532216000 JavaThread "Unconstrained build operations Thread 23" [_thread_blocked, id=9360, stack(0x0000003b43f00000,0x0000003b44000000)]
  0x0000018532210800 JavaThread "Unconstrained build operations Thread 24" [_thread_blocked, id=328, stack(0x0000003b44000000,0x0000003b44100000)]
  0x0000018532217000 JavaThread "Unconstrained build operations Thread 25" [_thread_blocked, id=240, stack(0x0000003b44100000,0x0000003b44200000)]
  0x0000018532211800 JavaThread "Unconstrained build operations Thread 26" [_thread_blocked, id=11852, stack(0x0000003b44200000,0x0000003b44300000)]
  0x0000018532218800 JavaThread "Unconstrained build operations Thread 27" [_thread_blocked, id=9004, stack(0x0000003b44300000,0x0000003b44400000)]
  0x000001853221c000 JavaThread "Unconstrained build operations Thread 28" [_thread_blocked, id=11776, stack(0x0000003b44400000,0x0000003b44500000)]
  0x0000018532219800 JavaThread "Unconstrained build operations Thread 29" [_thread_blocked, id=12268, stack(0x0000003b44500000,0x0000003b44600000)]
  0x0000018532218000 JavaThread "Unconstrained build operations Thread 30" [_thread_blocked, id=7452, stack(0x0000003b44600000,0x0000003b44700000)]
  0x000001853221b000 JavaThread "Unconstrained build operations Thread 31" [_thread_blocked, id=1808, stack(0x0000003b44700000,0x0000003b44800000)]
  0x000001853221c800 JavaThread "Unconstrained build operations Thread 32" [_thread_blocked, id=10116, stack(0x0000003b44800000,0x0000003b44900000)]
  0x000001853221a000 JavaThread "Unconstrained build operations Thread 33" [_thread_blocked, id=12008, stack(0x0000003b44900000,0x0000003b44a00000)]
  0x0000018532a05000 JavaThread "Unconstrained build operations Thread 34" [_thread_blocked, id=6696, stack(0x0000003b44a00000,0x0000003b44b00000)]
  0x0000018532a08000 JavaThread "Unconstrained build operations Thread 35" [_thread_blocked, id=10244, stack(0x0000003b44b00000,0x0000003b44c00000)]
  0x0000018532a06000 JavaThread "Unconstrained build operations Thread 36" [_thread_blocked, id=10316, stack(0x0000003b44c00000,0x0000003b44d00000)]
  0x0000018532a09000 JavaThread "Unconstrained build operations Thread 37" [_thread_blocked, id=5972, stack(0x0000003b44d00000,0x0000003b44e00000)]
  0x0000018532a07800 JavaThread "Unconstrained build operations Thread 38" [_thread_blocked, id=2744, stack(0x0000003b44e00000,0x0000003b44f00000)]
  0x0000018532a03800 JavaThread "Unconstrained build operations Thread 39" [_thread_blocked, id=12056, stack(0x0000003b44f00000,0x0000003b45000000)]
  0x0000018532a06800 JavaThread "Unconstrained build operations Thread 40" [_thread_blocked, id=1876, stack(0x0000003b45000000,0x0000003b45100000)]
  0x0000018532a0a000 JavaThread "Unconstrained build operations Thread 41" [_thread_blocked, id=10832, stack(0x0000003b45100000,0x0000003b45200000)]
  0x0000018532a04000 JavaThread "Unconstrained build operations Thread 42" [_thread_blocked, id=4200, stack(0x0000003b45200000,0x0000003b45300000)]
  0x0000018532a0b800 JavaThread "Unconstrained build operations Thread 43" [_thread_blocked, id=12184, stack(0x0000003b45300000,0x0000003b45400000)]
  0x0000018532a0e800 JavaThread "Unconstrained build operations Thread 44" [_thread_blocked, id=3344, stack(0x0000003b45400000,0x0000003b45500000)]
  0x0000018532a0c800 JavaThread "Unconstrained build operations Thread 45" [_thread_blocked, id=9756, stack(0x0000003b45500000,0x0000003b45600000)]
  0x0000018532a0e000 JavaThread "Unconstrained build operations Thread 46" [_thread_blocked, id=2364, stack(0x0000003b45600000,0x0000003b45700000)]
  0x0000018532a0f800 JavaThread "Unconstrained build operations Thread 47" [_thread_blocked, id=4296, stack(0x0000003b45700000,0x0000003b45800000)]
  0x0000018532a0d000 JavaThread "Unconstrained build operations Thread 48" [_thread_blocked, id=11688, stack(0x0000003b45800000,0x0000003b45900000)]
  0x0000018532a10800 JavaThread "Unconstrained build operations Thread 49" [_thread_blocked, id=7588, stack(0x0000003b45900000,0x0000003b45a00000)]
  0x0000018532a0a800 JavaThread "Unconstrained build operations Thread 50" [_thread_blocked, id=3108, stack(0x0000003b45a00000,0x0000003b45b00000)]
  0x0000018532a11000 JavaThread "Unconstrained build operations Thread 51" [_thread_blocked, id=7164, stack(0x0000003b45b00000,0x0000003b45c00000)]
  0x0000018532a12000 JavaThread "Unconstrained build operations Thread 52" [_thread_blocked, id=7092, stack(0x0000003b45c00000,0x0000003b45d00000)]
  0x000001853232b000 JavaThread "Unconstrained build operations Thread 53" [_thread_blocked, id=4820, stack(0x0000003b45d00000,0x0000003b45e00000)]
  0x0000018532328800 JavaThread "Unconstrained build operations Thread 54" [_thread_blocked, id=5116, stack(0x0000003b45e00000,0x0000003b45f00000)]
  0x000001853232c000 JavaThread "Unconstrained build operations Thread 55" [_thread_blocked, id=11408, stack(0x0000003b45f00000,0x0000003b46000000)]
  0x000001853232a000 JavaThread "Unconstrained build operations Thread 56" [_thread_blocked, id=7892, stack(0x0000003b46000000,0x0000003b46100000)]
  0x000001853232c800 JavaThread "Unconstrained build operations Thread 57" [_thread_blocked, id=7808, stack(0x0000003b46100000,0x0000003b46200000)]
  0x000001853232d800 JavaThread "Unconstrained build operations Thread 58" [_thread_blocked, id=356, stack(0x0000003b46200000,0x0000003b46300000)]
  0x000001853232e800 JavaThread "Unconstrained build operations Thread 59" [_thread_blocked, id=8864, stack(0x0000003b46300000,0x0000003b46400000)]
  0x0000018532329800 JavaThread "Unconstrained build operations Thread 60" [_thread_blocked, id=10816, stack(0x0000003b46400000,0x0000003b46500000)]
  0x0000018532332800 JavaThread "Unconstrained build operations Thread 61" [_thread_blocked, id=10368, stack(0x0000003b46500000,0x0000003b46600000)]
  0x0000018532334000 JavaThread "Unconstrained build operations Thread 62" [_thread_blocked, id=5376, stack(0x0000003b46600000,0x0000003b46700000)]
  0x0000018532335000 JavaThread "Unconstrained build operations Thread 63" [_thread_blocked, id=976, stack(0x0000003b46700000,0x0000003b46800000)]
  0x0000018532331000 JavaThread "Unconstrained build operations Thread 64" [_thread_blocked, id=1016, stack(0x0000003b46800000,0x0000003b46900000)]
  0x0000018532333000 JavaThread "Unconstrained build operations Thread 65" [_thread_blocked, id=6904, stack(0x0000003b46900000,0x0000003b46a00000)]
  0x000001853232f000 JavaThread "Unconstrained build operations Thread 66" [_thread_blocked, id=8492, stack(0x0000003b46a00000,0x0000003b46b00000)]
  0x0000018532335800 JavaThread "Unconstrained build operations Thread 67" [_thread_blocked, id=4256, stack(0x0000003b46b00000,0x0000003b46c00000)]
  0x0000018532330000 JavaThread "Unconstrained build operations Thread 68" [_thread_blocked, id=4536, stack(0x0000003b46c00000,0x0000003b46d00000)]
  0x0000018532336800 JavaThread "Unconstrained build operations Thread 69" [_thread_blocked, id=11316, stack(0x0000003b46d00000,0x0000003b46e00000)]
  0x0000018532337800 JavaThread "Unconstrained build operations Thread 70" [_thread_blocked, id=10600, stack(0x0000003b46e00000,0x0000003b46f00000)]
  0x0000018532331800 JavaThread "Unconstrained build operations Thread 71" [_thread_blocked, id=4840, stack(0x0000003b46f00000,0x0000003b47000000)]
  0x0000018532676000 JavaThread "Unconstrained build operations Thread 72" [_thread_blocked, id=10640, stack(0x0000003b47000000,0x0000003b47100000)]
  0x0000018532679000 JavaThread "Unconstrained build operations Thread 73" [_thread_blocked, id=12132, stack(0x0000003b47100000,0x0000003b47200000)]
  0x0000018532678000 JavaThread "Unconstrained build operations Thread 74" [_thread_blocked, id=916, stack(0x0000003b47200000,0x0000003b47300000)]
  0x0000018532676800 JavaThread "Unconstrained build operations Thread 75" [_thread_blocked, id=12272, stack(0x0000003b47300000,0x0000003b47400000)]
  0x0000018532677800 JavaThread "Unconstrained build operations Thread 76" [_thread_blocked, id=5148, stack(0x0000003b47400000,0x0000003b47500000)]
  0x000001853267a000 JavaThread "Unconstrained build operations Thread 77" [_thread_blocked, id=972, stack(0x0000003b47500000,0x0000003b47600000)]
  0x0000018532674000 JavaThread "Unconstrained build operations Thread 78" [_thread_blocked, id=2776, stack(0x0000003b47600000,0x0000003b47700000)]
  0x000001853267a800 JavaThread "Unconstrained build operations Thread 79" [_thread_blocked, id=9876, stack(0x0000003b47700000,0x0000003b47800000)]
  0x0000018532675000 JavaThread "Unconstrained build operations Thread 80" [_thread_blocked, id=4380, stack(0x0000003b47800000,0x0000003b47900000)]
  0x000001853267b800 JavaThread "jar transforms Thread 4" [_thread_blocked, id=2032, stack(0x0000003b47900000,0x0000003b47a00000)]
  0x000001853267f800 JavaThread "jar transforms Thread 5" [_thread_blocked, id=9748, stack(0x0000003b47a00000,0x0000003b47b00000)]
  0x0000018532680800 JavaThread "jar transforms Thread 6" [_thread_blocked, id=7084, stack(0x0000003b47b00000,0x0000003b47c00000)]
  0x0000018532681000 JavaThread "jar transforms Thread 7" [_thread_blocked, id=3808, stack(0x0000003b47c00000,0x0000003b47d00000)]
  0x0000018532682000 JavaThread "jar transforms Thread 8" [_thread_blocked, id=11608, stack(0x0000003b47d00000,0x0000003b47e00000)]
  0x000001853267e000 JavaThread "Memory manager" [_thread_blocked, id=5720, stack(0x0000003b47e00000,0x0000003b47f00000)]
  0x000001853267e800 JavaThread "build event listener" [_thread_blocked, id=2756, stack(0x0000003b47f00000,0x0000003b48000000)]
  0x000001853267c800 JavaThread "included builds" [_thread_blocked, id=11104, stack(0x0000003b48000000,0x0000003b48100000)]
  0x000001853267d000 JavaThread "Execution worker for ':'" [_thread_blocked, id=2576, stack(0x0000003b48100000,0x0000003b48200000)]
  0x0000018532683000 JavaThread "Execution worker for ':' Thread 2" [_thread_blocked, id=11272, stack(0x0000003b48200000,0x0000003b48300000)]
  0x0000018532741800 JavaThread "Execution worker for ':' Thread 3" [_thread_blocked, id=10960, stack(0x0000003b48300000,0x0000003b48400000)]
  0x000001853273d800 JavaThread "Execution worker for ':' Thread 4" [_thread_blocked, id=12224, stack(0x0000003b48400000,0x0000003b48500000)]
  0x0000018532741000 JavaThread "Execution worker for ':' Thread 5" [_thread_blocked, id=5476, stack(0x0000003b48500000,0x0000003b48600000)]
  0x0000018532742800 JavaThread "Execution worker for ':' Thread 6" [_thread_blocked, id=4836, stack(0x0000003b48600000,0x0000003b48700000)]
  0x0000018532743800 JavaThread "Execution worker for ':' Thread 7" [_thread_blocked, id=8344, stack(0x0000003b48700000,0x0000003b48800000)]
  0x0000018532744000 JavaThread "Cache worker for execution history cache (C:\Users\Artem\AndroidStudioProjects\LTechTestTask\.gradle\7.4\executionHistory)" [_thread_blocked, id=2148, stack(0x0000003b48800000,0x0000003b48900000)]
  0x000001853273e800 JavaThread "WorkerExecutor Queue" [_thread_blocked, id=10248, stack(0x0000003b48900000,0x0000003b48a00000)]
  0x0000018532745000 JavaThread "WorkerExecutor Queue Thread 2" [_thread_blocked, id=10900, stack(0x0000003b48a00000,0x0000003b48b00000)]
  0x000001853273f800 JavaThread "WorkerExecutor Queue Thread 3" [_thread_blocked, id=6300, stack(0x0000003b48b00000,0x0000003b48c00000)]
  0x0000018532740000 JavaThread "WorkerExecutor Queue Thread 4" [_thread_blocked, id=10852, stack(0x0000003b48c00000,0x0000003b48d00000)]
  0x0000018532748800 JavaThread "WorkerExecutor Queue Thread 5" [_thread_blocked, id=10444, stack(0x0000003b48d00000,0x0000003b48e00000)]
  0x0000018532746800 JavaThread "WorkerExecutor Queue Thread 6" [_thread_blocked, id=6716, stack(0x0000003b48e00000,0x0000003b48f00000)]
  0x000001853274a800 JavaThread "WorkerExecutor Queue Thread 7" [_thread_blocked, id=11540, stack(0x0000003b48f00000,0x0000003b49000000)]
  0x000001853274a000 JavaThread "WorkerExecutor Queue Thread 8" [_thread_blocked, id=3516, stack(0x0000003b49000000,0x0000003b49100000)]

Other Threads:
=>0x000001852d70c800 VMThread "VM Thread" [stack: 0x0000003b3fc00000,0x0000003b3fd00000] [id=4464]
  0x000001852e238000 WatcherThread [stack: 0x0000003b40600000,0x0000003b40700000] [id=6520]
  0x00000185125fd000 GCTaskThread "GC Thread#0" [stack: 0x0000003b3f700000,0x0000003b3f800000] [id=180]
  0x000001852f166000 GCTaskThread "GC Thread#1" [stack: 0x0000003b40800000,0x0000003b40900000] [id=3580]
  0x00000185305f3800 GCTaskThread "GC Thread#2" [stack: 0x0000003b40700000,0x0000003b40800000] [id=9988]
  0x000001853059f000 GCTaskThread "GC Thread#3" [stack: 0x0000003b40a00000,0x0000003b40b00000] [id=9968]
  0x000001852ecdc800 GCTaskThread "GC Thread#4" [stack: 0x0000003b41700000,0x0000003b41800000] [id=2984]
  0x00000185308af800 GCTaskThread "GC Thread#5" [stack: 0x0000003b41800000,0x0000003b41900000] [id=8544]
  0x0000018530122800 GCTaskThread "GC Thread#6" [stack: 0x0000003b41900000,0x0000003b41a00000] [id=8656]
  0x00000185300f5800 GCTaskThread "GC Thread#7" [stack: 0x0000003b41a00000,0x0000003b41b00000] [id=8744]
  0x0000018512624000 ConcurrentGCThread "G1 Main Marker" [stack: 0x0000003b3f800000,0x0000003b3f900000] [id=8084]
  0x0000018512625800 ConcurrentGCThread "G1 Conc#0" [stack: 0x0000003b3f900000,0x0000003b3fa00000] [id=3364]
  0x0000018530a67000 ConcurrentGCThread "G1 Conc#1" [stack: 0x0000003b41b00000,0x0000003b41c00000] [id=11520]
  0x00000185126aa800 ConcurrentGCThread "G1 Refine#0" [stack: 0x0000003b3fa00000,0x0000003b3fb00000] [id=3896]
  0x00000185126ab800 ConcurrentGCThread "G1 Young RemSet Sampling" [stack: 0x0000003b3fb00000,0x0000003b3fc00000] [id=5252]

Threads with active compile tasks:
C2 CompilerThread0  17451 9879       4       org.apache.xerces.impl.XMLEntityScanner::skipSpaces (285 bytes)
C1 CompilerThread0  17451 11924       1       com.android.aaptcompiler.android.ResValue$DataType::getByteValue (5 bytes)

VM state:at safepoint (normal execution)

VM Mutex/Monitor currently owned by a thread:  ([mutex/lock_event])
[0x00000185125dfc50] Threads_lock - owner thread: 0x000001852d70c800
[0x00000185125dee40] Heap_lock - owner thread: 0x0000018532a06000

Heap address: 0x00000000a0000000, size: 1536 MB, Compressed Oops mode: 32-bit
Narrow klass base: 0x0000000000000000, Narrow klass shift: 3
Compressed class space size: 1073741824 Address: 0x0000000100000000

Heap:
 garbage-first heap   total 206848K, used 99763K [0x00000000a0000000, 0x0000000100000000)
  region size 1024K, 4 young (4096K), 4 survivors (4096K)
 Metaspace       used 94918K, capacity 97031K, committed 97392K, reserved 1134592K
  class space    used 11939K, capacity 12794K, committed 13004K, reserved 1048576K
Heap Regions: E=young(eden), S=young(survivor), O=old, HS=humongous(starts), HC=humongous(continues), CS=collection set, F=free, A=archive, TAMS=top-at-mark-start (previous, next)
|   0|0x00000000a0000000, 0x00000000a0100000, 0x00000000a0100000|100%| O|  |TAMS 0x00000000a0100000, 0x00000000a0100000| Untracked 
|   1|0x00000000a0100000, 0x00000000a0200000, 0x00000000a0200000|100%| O|  |TAMS 0x00000000a0200000, 0x00000000a0200000| Untracked 
|   2|0x00000000a0200000, 0x00000000a0300000, 0x00000000a0300000|100%| O|  |TAMS 0x00000000a0300000, 0x00000000a0300000| Untracked 
|   3|0x00000000a0300000, 0x00000000a0400000, 0x00000000a0400000|100%|HS|  |TAMS 0x00000000a0400000, 0x00000000a0400000| Complete 
|   4|0x00000000a0400000, 0x00000000a0500000, 0x00000000a0500000|100%|HC|  |TAMS 0x00000000a0500000, 0x00000000a0500000| Complete 
|   5|0x00000000a0500000, 0x00000000a0600000, 0x00000000a0600000|100%|HC|  |TAMS 0x00000000a0600000, 0x00000000a0600000| Complete 
|   6|0x00000000a0600000, 0x00000000a0700000, 0x00000000a0700000|100%| O|  |TAMS 0x00000000a0700000, 0x00000000a0700000| Untracked 
|   7|0x00000000a0700000, 0x00000000a0800000, 0x00000000a0800000|100%| O|  |TAMS 0x00000000a0800000, 0x00000000a0800000| Untracked 
|   8|0x00000000a0800000, 0x00000000a0900000, 0x00000000a0900000|100%| O|  |TAMS 0x00000000a0900000, 0x00000000a0900000| Untracked 
|   9|0x00000000a0900000, 0x00000000a0a00000, 0x00000000a0a00000|100%| O|  |TAMS 0x00000000a0a00000, 0x00000000a0a00000| Untracked 
|  10|0x00000000a0a00000, 0x00000000a0b00000, 0x00000000a0b00000|100%| O|  |TAMS 0x00000000a0b00000, 0x00000000a0b00000| Untracked 
|  11|0x00000000a0b00000, 0x00000000a0c00000, 0x00000000a0c00000|100%| O|  |TAMS 0x00000000a0c00000, 0x00000000a0c00000| Untracked 
|  12|0x00000000a0c00000, 0x00000000a0d00000, 0x00000000a0d00000|100%| O|  |TAMS 0x00000000a0d00000, 0x00000000a0d00000| Untracked 
|  13|0x00000000a0d00000, 0x00000000a0e00000, 0x00000000a0e00000|100%| O|  |TAMS 0x00000000a0e00000, 0x00000000a0e00000| Untracked 
|  14|0x00000000a0e00000, 0x00000000a0f00000, 0x00000000a0f00000|100%| O|  |TAMS 0x00000000a0f00000, 0x00000000a0f00000| Untracked 
|  15|0x00000000a0f00000, 0x00000000a1000000, 0x00000000a1000000|100%| O|  |TAMS 0x00000000a1000000, 0x00000000a1000000| Untracked 
|  16|0x00000000a1000000, 0x00000000a1100000, 0x00000000a1100000|100%| O|  |TAMS 0x00000000a1100000, 0x00000000a1100000| Untracked 
|  17|0x00000000a1100000, 0x00000000a1200000, 0x00000000a1200000|100%| O|  |TAMS 0x00000000a1200000, 0x00000000a1200000| Untracked 
|  18|0x00000000a1200000, 0x00000000a1300000, 0x00000000a1300000|100%|HS|  |TAMS 0x00000000a1300000, 0x00000000a1300000| Complete 
|  19|0x00000000a1300000, 0x00000000a1400000, 0x00000000a1400000|100%|HS|  |TAMS 0x00000000a1400000, 0x00000000a1400000| Complete 
|  20|0x00000000a1400000, 0x00000000a1500000, 0x00000000a1500000|100%|HS|  |TAMS 0x00000000a1500000, 0x00000000a1500000| Complete 
|  21|0x00000000a1500000, 0x00000000a1600000, 0x00000000a1600000|100%| O|  |TAMS 0x00000000a1600000, 0x00000000a1600000| Untracked 
|  22|0x00000000a1600000, 0x00000000a1700000, 0x00000000a1700000|100%| O|  |TAMS 0x00000000a1700000, 0x00000000a1700000| Untracked 
|  23|0x00000000a1700000, 0x00000000a1800000, 0x00000000a1800000|100%| O|  |TAMS 0x00000000a1800000, 0x00000000a1800000| Untracked 
|  24|0x00000000a1800000, 0x00000000a1900000, 0x00000000a1900000|100%| O|  |TAMS 0x00000000a1900000, 0x00000000a1900000| Untracked 
|  25|0x00000000a1900000, 0x00000000a1a00000, 0x00000000a1a00000|100%| O|  |TAMS 0x00000000a1a00000, 0x00000000a1a00000| Untracked 
|  26|0x00000000a1a00000, 0x00000000a1b00000, 0x00000000a1b00000|100%| O|  |TAMS 0x00000000a1b00000, 0x00000000a1b00000| Untracked 
|  27|0x00000000a1b00000, 0x00000000a1c00000, 0x00000000a1c00000|100%|HS|  |TAMS 0x00000000a1c00000, 0x00000000a1c00000| Complete 
|  28|0x00000000a1c00000, 0x00000000a1d00000, 0x00000000a1d00000|100%|HC|  |TAMS 0x00000000a1d00000, 0x00000000a1d00000| Complete 
|  29|0x00000000a1d00000, 0x00000000a1e00000, 0x00000000a1e00000|100%|HC|  |TAMS 0x00000000a1e00000, 0x00000000a1e00000| Complete 
|  30|0x00000000a1e00000, 0x00000000a1f00000, 0x00000000a1f00000|100%|HC|  |TAMS 0x00000000a1f00000, 0x00000000a1f00000| Complete 
|  31|0x00000000a1f00000, 0x00000000a2000000, 0x00000000a2000000|100%| O|  |TAMS 0x00000000a2000000, 0x00000000a2000000| Untracked 
|  32|0x00000000a2000000, 0x00000000a2100000, 0x00000000a2100000|100%|HS|  |TAMS 0x00000000a2100000, 0x00000000a2100000| Complete 
|  33|0x00000000a2100000, 0x00000000a2200000, 0x00000000a2200000|100%|HC|  |TAMS 0x00000000a2200000, 0x00000000a2200000| Complete 
|  34|0x00000000a2200000, 0x00000000a2300000, 0x00000000a2300000|100%| O|  |TAMS 0x00000000a2300000, 0x00000000a2300000| Untracked 
|  35|0x00000000a2300000, 0x00000000a2400000, 0x00000000a2400000|100%| O|  |TAMS 0x00000000a2400000, 0x00000000a2400000| Untracked 
|  36|0x00000000a2400000, 0x00000000a2500000, 0x00000000a2500000|100%| O|  |TAMS 0x00000000a2500000, 0x00000000a2500000| Untracked 
|  37|0x00000000a2500000, 0x00000000a2600000, 0x00000000a2600000|100%| O|  |TAMS 0x00000000a2600000, 0x00000000a2600000| Untracked 
|  38|0x00000000a2600000, 0x00000000a2700000, 0x00000000a2700000|100%| O|  |TAMS 0x00000000a2700000, 0x00000000a2700000| Untracked 
|  39|0x00000000a2700000, 0x00000000a2800000, 0x00000000a2800000|100%| O|  |TAMS 0x00000000a2800000, 0x00000000a2800000| Untracked 
|  40|0x00000000a2800000, 0x00000000a2900000, 0x00000000a2900000|100%| O|  |TAMS 0x00000000a2900000, 0x00000000a2900000| Untracked 
|  41|0x00000000a2900000, 0x00000000a2a00000, 0x00000000a2a00000|100%| O|  |TAMS 0x00000000a2a00000, 0x00000000a2a00000| Untracked 
|  42|0x00000000a2a00000, 0x00000000a2b00000, 0x00000000a2b00000|100%| O|  |TAMS 0x00000000a2b00000, 0x00000000a2b00000| Untracked 
|  43|0x00000000a2b00000, 0x00000000a2c00000, 0x00000000a2c00000|100%| O|  |TAMS 0x00000000a2c00000, 0x00000000a2c00000| Untracked 
|  44|0x00000000a2c00000, 0x00000000a2d00000, 0x00000000a2d00000|100%| O|  |TAMS 0x00000000a2d00000, 0x00000000a2d00000| Untracked 
|  45|0x00000000a2d00000, 0x00000000a2e00000, 0x00000000a2e00000|100%| O|  |TAMS 0x00000000a2e00000, 0x00000000a2e00000| Untracked 
|  46|0x00000000a2e00000, 0x00000000a2f00000, 0x00000000a2f00000|100%| O|  |TAMS 0x00000000a2f00000, 0x00000000a2f00000| Untracked 
|  47|0x00000000a2f00000, 0x00000000a3000000, 0x00000000a3000000|100%| O|  |TAMS 0x00000000a3000000, 0x00000000a3000000| Untracked 
|  48|0x00000000a3000000, 0x00000000a3100000, 0x00000000a3100000|100%| O|  |TAMS 0x00000000a3100000, 0x00000000a3100000| Untracked 
|  49|0x00000000a3100000, 0x00000000a3200000, 0x00000000a3200000|100%| O|  |TAMS 0x00000000a3200000, 0x00000000a3200000| Untracked 
|  50|0x00000000a3200000, 0x00000000a3300000, 0x00000000a3300000|100%| O|  |TAMS 0x00000000a3300000, 0x00000000a3300000| Untracked 
|  51|0x00000000a3300000, 0x00000000a3400000, 0x00000000a3400000|100%| O|  |TAMS 0x00000000a3400000, 0x00000000a3400000| Untracked 
|  52|0x00000000a3400000, 0x00000000a3500000, 0x00000000a3500000|100%| O|  |TAMS 0x00000000a3500000, 0x00000000a3500000| Untracked 
|  53|0x00000000a3500000, 0x00000000a3600000, 0x00000000a3600000|100%| O|  |TAMS 0x00000000a3600000, 0x00000000a3600000| Untracked 
|  54|0x00000000a3600000, 0x00000000a3700000, 0x00000000a3700000|100%| O|  |TAMS 0x00000000a3700000, 0x00000000a3700000| Untracked 
|  55|0x00000000a3700000, 0x00000000a3800000, 0x00000000a3800000|100%| O|  |TAMS 0x00000000a3800000, 0x00000000a3800000| Untracked 
|  56|0x00000000a3800000, 0x00000000a3900000, 0x00000000a3900000|100%| O|  |TAMS 0x00000000a3900000, 0x00000000a3900000| Untracked 
|  57|0x00000000a3900000, 0x00000000a3a00000, 0x00000000a3a00000|100%| O|  |TAMS 0x00000000a3a00000, 0x00000000a3a00000| Untracked 
|  58|0x00000000a3a00000, 0x00000000a3b00000, 0x00000000a3b00000|100%| O|  |TAMS 0x00000000a3b00000, 0x00000000a3b00000| Untracked 
|  59|0x00000000a3b00000, 0x00000000a3c00000, 0x00000000a3c00000|100%| O|  |TAMS 0x00000000a3c00000, 0x00000000a3c00000| Untracked 
|  60|0x00000000a3c00000, 0x00000000a3d00000, 0x00000000a3d00000|100%| O|  |TAMS 0x00000000a3d00000, 0x00000000a3d00000| Untracked 
|  61|0x00000000a3d00000, 0x00000000a3e00000, 0x00000000a3e00000|100%| O|  |TAMS 0x00000000a3e00000, 0x00000000a3e00000| Untracked 
|  62|0x00000000a3e00000, 0x00000000a3f00000, 0x00000000a3f00000|100%| O|  |TAMS 0x00000000a3f00000, 0x00000000a3f00000| Untracked 
|  63|0x00000000a3f00000, 0x00000000a4000000, 0x00000000a4000000|100%| O|  |TAMS 0x00000000a4000000, 0x00000000a4000000| Untracked 
|  64|0x00000000a4000000, 0x00000000a4100000, 0x00000000a4100000|100%| O|  |TAMS 0x00000000a4100000, 0x00000000a4100000| Untracked 
|  65|0x00000000a4100000, 0x00000000a4200000, 0x00000000a4200000|100%| O|  |TAMS 0x00000000a4200000, 0x00000000a4200000| Untracked 
|  66|0x00000000a4200000, 0x00000000a4300000, 0x00000000a4300000|100%| O|  |TAMS 0x00000000a4300000, 0x00000000a4300000| Untracked 
|  67|0x00000000a4300000, 0x00000000a4400000, 0x00000000a4400000|100%| O|  |TAMS 0x00000000a4400000, 0x00000000a4400000| Untracked 
|  68|0x00000000a4400000, 0x00000000a4500000, 0x00000000a4500000|100%| O|  |TAMS 0x00000000a4500000, 0x00000000a4500000| Untracked 
|  69|0x00000000a4500000, 0x00000000a4600000, 0x00000000a4600000|100%| O|  |TAMS 0x00000000a4600000, 0x00000000a4600000| Untracked 
|  70|0x00000000a4600000, 0x00000000a4700000, 0x00000000a4700000|100%| O|  |TAMS 0x00000000a4700000, 0x00000000a4700000| Untracked 
|  71|0x00000000a4700000, 0x00000000a4800000, 0x00000000a4800000|100%| O|  |TAMS 0x00000000a4800000, 0x00000000a4800000| Untracked 
|  72|0x00000000a4800000, 0x00000000a4900000, 0x00000000a4900000|100%| O|  |TAMS 0x00000000a4900000, 0x00000000a4900000| Untracked 
|  73|0x00000000a4900000, 0x00000000a4a00000, 0x00000000a4a00000|100%| O|  |TAMS 0x00000000a4900000, 0x00000000a4a00000| Untracked 
|  74|0x00000000a4a00000, 0x00000000a4a8e600, 0x00000000a4b00000| 55%| O|  |TAMS 0x00000000a4a00000, 0x00000000a4a8e600| Untracked 
|  75|0x00000000a4b00000, 0x00000000a4b00000, 0x00000000a4c00000|  0%| F|  |TAMS 0x00000000a4b00000, 0x00000000a4b00000| Untracked 
|  76|0x00000000a4c00000, 0x00000000a4c00000, 0x00000000a4d00000|  0%| F|  |TAMS 0x00000000a4c00000, 0x00000000a4c00000| Untracked 
|  77|0x00000000a4d00000, 0x00000000a4e00000, 0x00000000a4e00000|100%| O|  |TAMS 0x00000000a4e00000, 0x00000000a4e00000| Untracked 
|  78|0x00000000a4e00000, 0x00000000a4f00000, 0x00000000a4f00000|100%| O|  |TAMS 0x00000000a4f00000, 0x00000000a4f00000| Untracked 
|  79|0x00000000a4f00000, 0x00000000a5000000, 0x00000000a5000000|100%| O|  |TAMS 0x00000000a5000000, 0x00000000a5000000| Untracked 
|  80|0x00000000a5000000, 0x00000000a5100000, 0x00000000a5100000|100%| O|  |TAMS 0x00000000a5100000, 0x00000000a5100000| Untracked 
|  81|0x00000000a5100000, 0x00000000a5200000, 0x00000000a5200000|100%| O|  |TAMS 0x00000000a5200000, 0x00000000a5200000| Untracked 
|  82|0x00000000a5200000, 0x00000000a5300000, 0x00000000a5300000|100%| O|  |TAMS 0x00000000a5300000, 0x00000000a5300000| Untracked 
|  83|0x00000000a5300000, 0x00000000a5400000, 0x00000000a5400000|100%| O|  |TAMS 0x00000000a5400000, 0x00000000a5400000| Untracked 
|  84|0x00000000a5400000, 0x00000000a5500000, 0x00000000a5500000|100%| O|  |TAMS 0x00000000a5500000, 0x00000000a5500000| Untracked 
|  85|0x00000000a5500000, 0x00000000a5500000, 0x00000000a5600000|  0%| F|  |TAMS 0x00000000a5500000, 0x00000000a5500000| Untracked 
|  86|0x00000000a5600000, 0x00000000a5700000, 0x00000000a5700000|100%| O|  |TAMS 0x00000000a5700000, 0x00000000a5700000| Untracked 
|  87|0x00000000a5700000, 0x00000000a5700000, 0x00000000a5800000|  0%| F|  |TAMS 0x00000000a5700000, 0x00000000a5700000| Untracked 
|  88|0x00000000a5800000, 0x00000000a5900000, 0x00000000a5900000|100%| O|  |TAMS 0x00000000a5900000, 0x00000000a5900000| Untracked 
|  89|0x00000000a5900000, 0x00000000a5a00000, 0x00000000a5a00000|100%| O|  |TAMS 0x00000000a5a00000, 0x00000000a5a00000| Untracked 
|  90|0x00000000a5a00000, 0x00000000a5b00000, 0x00000000a5b00000|100%| O|  |TAMS 0x00000000a5b00000, 0x00000000a5b00000| Untracked 
|  91|0x00000000a5b00000, 0x00000000a5c00000, 0x00000000a5c00000|100%| O|  |TAMS 0x00000000a5b59000, 0x00000000a5c00000| Untracked 
|  92|0x00000000a5c00000, 0x00000000a5c00000, 0x00000000a5d00000|  0%| F|  |TAMS 0x00000000a5c00000, 0x00000000a5c00000| Untracked 
|  93|0x00000000a5d00000, 0x00000000a5d00000, 0x00000000a5e00000|  0%| F|  |TAMS 0x00000000a5d00000, 0x00000000a5d00000| Untracked 
|  94|0x00000000a5e00000, 0x00000000a5e00000, 0x00000000a5f00000|  0%| F|  |TAMS 0x00000000a5e00000, 0x00000000a5e00000| Untracked 
|  95|0x00000000a5f00000, 0x00000000a5f00000, 0x00000000a6000000|  0%| F|  |TAMS 0x00000000a5f00000, 0x00000000a5f00000| Untracked 
|  96|0x00000000a6000000, 0x00000000a6000000, 0x00000000a6100000|  0%| F|  |TAMS 0x00000000a6000000, 0x00000000a6000000| Untracked 
|  97|0x00000000a6100000, 0x00000000a6100000, 0x00000000a6200000|  0%| F|  |TAMS 0x00000000a6100000, 0x00000000a6100000| Untracked 
|  98|0x00000000a6200000, 0x00000000a6200000, 0x00000000a6300000|  0%| F|  |TAMS 0x00000000a6200000, 0x00000000a6200000| Untracked 
|  99|0x00000000a6300000, 0x00000000a6300000, 0x00000000a6400000|  0%| F|  |TAMS 0x00000000a6300000, 0x00000000a6300000| Untracked 
| 100|0x00000000a6400000, 0x00000000a6400000, 0x00000000a6500000|  0%| F|  |TAMS 0x00000000a6400000, 0x00000000a6400000| Untracked 
| 101|0x00000000a6500000, 0x00000000a6500000, 0x00000000a6600000|  0%| F|  |TAMS 0x00000000a6500000, 0x00000000a6500000| Untracked 
| 102|0x00000000a6600000, 0x00000000a6600000, 0x00000000a6700000|  0%| F|  |TAMS 0x00000000a6600000, 0x00000000a6600000| Untracked 
| 103|0x00000000a6700000, 0x00000000a6700000, 0x00000000a6800000|  0%| F|  |TAMS 0x00000000a6700000, 0x00000000a6700000| Untracked 
| 104|0x00000000a6800000, 0x00000000a6800000, 0x00000000a6900000|  0%| F|  |TAMS 0x00000000a6800000, 0x00000000a6800000| Untracked 
| 105|0x00000000a6900000, 0x00000000a6900000, 0x00000000a6a00000|  0%| F|  |TAMS 0x00000000a6900000, 0x00000000a6900000| Untracked 
| 106|0x00000000a6a00000, 0x00000000a6b00000, 0x00000000a6b00000|100%| O|  |TAMS 0x00000000a6b00000, 0x00000000a6b00000| Untracked 
| 107|0x00000000a6b00000, 0x00000000a6c00000, 0x00000000a6c00000|100%| O|  |TAMS 0x00000000a6c00000, 0x00000000a6c00000| Untracked 
| 108|0x00000000a6c00000, 0x00000000a6d00000, 0x00000000a6d00000|100%| O|  |TAMS 0x00000000a6d00000, 0x00000000a6d00000| Untracked 
| 109|0x00000000a6d00000, 0x00000000a6d00000, 0x00000000a6e00000|  0%| F|  |TAMS 0x00000000a6d00000, 0x00000000a6d00000| Untracked 
| 110|0x00000000a6e00000, 0x00000000a6f00000, 0x00000000a6f00000|100%| O|  |TAMS 0x00000000a6f00000, 0x00000000a6f00000| Untracked 
| 111|0x00000000a6f00000, 0x00000000a6f00000, 0x00000000a7000000|  0%| F|  |TAMS 0x00000000a6f00000, 0x00000000a6f00000| Untracked 
| 112|0x00000000a7000000, 0x00000000a7000000, 0x00000000a7100000|  0%| F|  |TAMS 0x00000000a7000000, 0x00000000a7000000| Untracked 
| 113|0x00000000a7100000, 0x00000000a7100000, 0x00000000a7200000|  0%| F|  |TAMS 0x00000000a7100000, 0x00000000a7100000| Untracked 
| 114|0x00000000a7200000, 0x00000000a7200000, 0x00000000a7300000|  0%| F|  |TAMS 0x00000000a7200000, 0x00000000a7200000| Untracked 
| 115|0x00000000a7300000, 0x00000000a7300000, 0x00000000a7400000|  0%| F|  |TAMS 0x00000000a7300000, 0x00000000a7300000| Untracked 
| 116|0x00000000a7400000, 0x00000000a7400000, 0x00000000a7500000|  0%| F|  |TAMS 0x00000000a7400000, 0x00000000a7400000| Untracked 
| 117|0x00000000a7500000, 0x00000000a7500000, 0x00000000a7600000|  0%| F|  |TAMS 0x00000000a7500000, 0x00000000a7500000| Untracked 
| 118|0x00000000a7600000, 0x00000000a7600000, 0x00000000a7700000|  0%| F|  |TAMS 0x00000000a7600000, 0x00000000a7600000| Untracked 
| 119|0x00000000a7700000, 0x00000000a7700000, 0x00000000a7800000|  0%| F|  |TAMS 0x00000000a7700000, 0x00000000a7700000| Untracked 
| 120|0x00000000a7800000, 0x00000000a7800000, 0x00000000a7900000|  0%| F|  |TAMS 0x00000000a7800000, 0x00000000a7800000| Untracked 
| 121|0x00000000a7900000, 0x00000000a7900000, 0x00000000a7a00000|  0%| F|  |TAMS 0x00000000a7900000, 0x00000000a7900000| Untracked 
| 122|0x00000000a7a00000, 0x00000000a7a00000, 0x00000000a7b00000|  0%| F|  |TAMS 0x00000000a7a00000, 0x00000000a7a00000| Untracked 
| 123|0x00000000a7b00000, 0x00000000a7b00000, 0x00000000a7c00000|  0%| F|  |TAMS 0x00000000a7b00000, 0x00000000a7b00000| Untracked 
| 124|0x00000000a7c00000, 0x00000000a7c00000, 0x00000000a7d00000|  0%| F|  |TAMS 0x00000000a7c00000, 0x00000000a7c00000| Untracked 
| 125|0x00000000a7d00000, 0x00000000a7d00000, 0x00000000a7e00000|  0%| F|  |TAMS 0x00000000a7d00000, 0x00000000a7d00000| Untracked 
| 126|0x00000000a7e00000, 0x00000000a7f00000, 0x00000000a7f00000|100%| O|  |TAMS 0x00000000a7f00000, 0x00000000a7f00000| Untracked 
| 127|0x00000000a7f00000, 0x00000000a7f00000, 0x00000000a8000000|  0%| F|  |TAMS 0x00000000a7f00000, 0x00000000a7f00000| Untracked 
| 128|0x00000000a8000000, 0x00000000a8100000, 0x00000000a8100000|100%| O|  |TAMS 0x00000000a8100000, 0x00000000a8100000| Untracked 
| 129|0x00000000a8100000, 0x00000000a81de6c0, 0x00000000a8200000| 86%| S|CS|TAMS 0x00000000a8100000, 0x00000000a8100000| Complete 
| 130|0x00000000a8200000, 0x00000000a8300000, 0x00000000a8300000|100%| S|CS|TAMS 0x00000000a8200000, 0x00000000a8200000| Complete 
| 131|0x00000000a8300000, 0x00000000a8400000, 0x00000000a8400000|100%| S|CS|TAMS 0x00000000a8300000, 0x00000000a8300000| Complete 
| 132|0x00000000a8400000, 0x00000000a8500000, 0x00000000a8500000|100%| S|CS|TAMS 0x00000000a8400000, 0x00000000a8400000| Complete 
| 133|0x00000000a8500000, 0x00000000a8500000, 0x00000000a8600000|  0%| F|  |TAMS 0x00000000a8500000, 0x00000000a8500000| Untracked 
| 134|0x00000000a8600000, 0x00000000a8600000, 0x00000000a8700000|  0%| F|  |TAMS 0x00000000a8600000, 0x00000000a8600000| Untracked 
| 135|0x00000000a8700000, 0x00000000a8700000, 0x00000000a8800000|  0%| F|  |TAMS 0x00000000a8700000, 0x00000000a8700000| Untracked 
| 136|0x00000000a8800000, 0x00000000a8800000, 0x00000000a8900000|  0%| F|  |TAMS 0x00000000a8800000, 0x00000000a8800000| Untracked 
| 137|0x00000000a8900000, 0x00000000a8900000, 0x00000000a8a00000|  0%| F|  |TAMS 0x00000000a8900000, 0x00000000a8900000| Untracked 
| 138|0x00000000a8a00000, 0x00000000a8a00000, 0x00000000a8b00000|  0%| F|  |TAMS 0x00000000a8a00000, 0x00000000a8a00000| Untracked 
| 139|0x00000000a8b00000, 0x00000000a8b00000, 0x00000000a8c00000|  0%| F|  |TAMS 0x00000000a8b00000, 0x00000000a8b00000| Untracked 
| 140|0x00000000a8c00000, 0x00000000a8c00000, 0x00000000a8d00000|  0%| F|  |TAMS 0x00000000a8c00000, 0x00000000a8c00000| Untracked 
| 141|0x00000000a8d00000, 0x00000000a8d00000, 0x00000000a8e00000|  0%| F|  |TAMS 0x00000000a8d00000, 0x00000000a8d00000| Untracked 
| 142|0x00000000a8e00000, 0x00000000a8e00000, 0x00000000a8f00000|  0%| F|  |TAMS 0x00000000a8e00000, 0x00000000a8e00000| Untracked 
| 143|0x00000000a8f00000, 0x00000000a8f00000, 0x00000000a9000000|  0%| F|  |TAMS 0x00000000a8f00000, 0x00000000a8f00000| Untracked 
| 144|0x00000000a9000000, 0x00000000a9000000, 0x00000000a9100000|  0%| F|  |TAMS 0x00000000a9000000, 0x00000000a9000000| Untracked 
| 145|0x00000000a9100000, 0x00000000a9100000, 0x00000000a9200000|  0%| F|  |TAMS 0x00000000a9100000, 0x00000000a9100000| Untracked 
| 146|0x00000000a9200000, 0x00000000a9200000, 0x00000000a9300000|  0%| F|  |TAMS 0x00000000a9200000, 0x00000000a9200000| Untracked 
| 147|0x00000000a9300000, 0x00000000a9300000, 0x00000000a9400000|  0%| F|  |TAMS 0x00000000a9300000, 0x00000000a9300000| Untracked 
| 148|0x00000000a9400000, 0x00000000a9400000, 0x00000000a9500000|  0%| F|  |TAMS 0x00000000a9400000, 0x00000000a9400000| Untracked 
| 149|0x00000000a9500000, 0x00000000a9500000, 0x00000000a9600000|  0%| F|  |TAMS 0x00000000a9500000, 0x00000000a9500000| Untracked 
| 150|0x00000000a9600000, 0x00000000a9600000, 0x00000000a9700000|  0%| F|  |TAMS 0x00000000a9600000, 0x00000000a9600000| Untracked 
| 151|0x00000000a9700000, 0x00000000a9700000, 0x00000000a9800000|  0%| F|  |TAMS 0x00000000a9700000, 0x00000000a9700000| Untracked 
| 152|0x00000000a9800000, 0x00000000a9800000, 0x00000000a9900000|  0%| F|  |TAMS 0x00000000a9800000, 0x00000000a9800000| Untracked 
| 153|0x00000000a9900000, 0x00000000a9900000, 0x00000000a9a00000|  0%| F|  |TAMS 0x00000000a9900000, 0x00000000a9900000| Untracked 
| 154|0x00000000a9a00000, 0x00000000a9a00000, 0x00000000a9b00000|  0%| F|  |TAMS 0x00000000a9a00000, 0x00000000a9a00000| Untracked 
| 155|0x00000000a9b00000, 0x00000000a9b00000, 0x00000000a9c00000|  0%| F|  |TAMS 0x00000000a9b00000, 0x00000000a9b00000| Untracked 
| 156|0x00000000a9c00000, 0x00000000a9c00000, 0x00000000a9d00000|  0%| F|  |TAMS 0x00000000a9c00000, 0x00000000a9c00000| Untracked 
| 157|0x00000000a9d00000, 0x00000000a9d00000, 0x00000000a9e00000|  0%| F|  |TAMS 0x00000000a9d00000, 0x00000000a9d00000| Untracked 
| 158|0x00000000a9e00000, 0x00000000a9e00000, 0x00000000a9f00000|  0%| F|  |TAMS 0x00000000a9e00000, 0x00000000a9e00000| Untracked 
| 159|0x00000000a9f00000, 0x00000000a9f00000, 0x00000000aa000000|  0%| F|  |TAMS 0x00000000a9f00000, 0x00000000a9f00000| Untracked 
| 160|0x00000000aa000000, 0x00000000aa000000, 0x00000000aa100000|  0%| F|  |TAMS 0x00000000aa000000, 0x00000000aa000000| Untracked 
| 161|0x00000000aa100000, 0x00000000aa100000, 0x00000000aa200000|  0%| F|  |TAMS 0x00000000aa100000, 0x00000000aa100000| Untracked 
| 162|0x00000000aa200000, 0x00000000aa200000, 0x00000000aa300000|  0%| F|  |TAMS 0x00000000aa200000, 0x00000000aa200000| Untracked 
| 163|0x00000000aa300000, 0x00000000aa300000, 0x00000000aa400000|  0%| F|  |TAMS 0x00000000aa300000, 0x00000000aa300000| Untracked 
| 164|0x00000000aa400000, 0x00000000aa400000, 0x00000000aa500000|  0%| F|  |TAMS 0x00000000aa400000, 0x00000000aa400000| Untracked 
| 165|0x00000000aa500000, 0x00000000aa500000, 0x00000000aa600000|  0%| F|  |TAMS 0x00000000aa500000, 0x00000000aa500000| Untracked 
| 166|0x00000000aa600000, 0x00000000aa600000, 0x00000000aa700000|  0%| F|  |TAMS 0x00000000aa600000, 0x00000000aa600000| Untracked 
| 167|0x00000000aa700000, 0x00000000aa700000, 0x00000000aa800000|  0%| F|  |TAMS 0x00000000aa700000, 0x00000000aa700000| Untracked 

Card table byte_map: [0x0000018527660000,0x0000018527960000] _byte_map_base: 0x0000018527160000

Marking Bits (Prev, Next): (CMBitMap*) 0x000001851261d1e8, (CMBitMap*) 0x000001851261d220
 Prev Bits: [0x0000018527c60000, 0x0000018529460000)
 Next Bits: [0x0000018529460000, 0x000001852ac60000)

Polling page: 0x00000185126b0000

Metaspace:

Usage:
  Non-class:     82.26 MB capacity,    81.03 MB ( 99%) used,   999.59 KB (  1%) free+waste,   258.44 KB ( <1%) overhead. 
      Class:     12.49 MB capacity,    11.66 MB ( 93%) used,   738.46 KB (  6%) free+waste,   115.88 KB ( <1%) overhead. 
       Both:     94.76 MB capacity,    92.69 MB ( 98%) used,     1.70 MB (  2%) free+waste,   374.31 KB ( <1%) overhead. 

Virtual space:
  Non-class space:       84.00 MB reserved,      82.41 MB ( 98%) committed 
      Class space:        1.00 GB reserved,      12.70 MB (  1%) committed 
             Both:        1.08 GB reserved,      95.11 MB (  9%) committed 

Chunk freelists:
   Non-Class:  151.00 KB
       Class:  134.00 KB
        Both:  285.00 KB

MaxMetaspaceSize: 17179869184.00 GB
CompressedClassSpaceSize: 1.00 GB
Initial GC threshold: 20.80 MB
Current GC threshold: 157.48 MB
CDS: off

CodeHeap 'non-profiled nmethods': size=120000Kb used=4737Kb max_used=4737Kb free=115262Kb
 bounds [0x000001851f3d0000, 0x000001851f880000, 0x0000018526900000]
CodeHeap 'profiled nmethods': size=120000Kb used=21305Kb max_used=21305Kb free=98694Kb
 bounds [0x0000018517ea0000, 0x0000018519370000, 0x000001851f3d0000]
CodeHeap 'non-nmethods': size=5760Kb used=2378Kb max_used=2410Kb free=3382Kb
 bounds [0x0000018517900000, 0x0000018517b70000, 0x0000018517ea0000]
 total_blobs=12288 nmethods=11389 adapters=811
 compilation: enabled
              stopped_count=0, restarted_count=0
 full_count=0

Compilation events (20 events):
Event: 17.406 Thread 0x000001852d759800 nmethod 11914 0x000001851936a810 code [0x000001851936a9c0, 0x000001851936ab28]
Event: 17.406 Thread 0x000001852d759800 11915       2       com.google.common.collect.ImmutableSortedMap$Builder::put (6 bytes)
Event: 17.406 Thread 0x000001852d759800 nmethod 11915 0x000001851936ac10 code [0x000001851936ade0, 0x000001851936af68]
Event: 17.406 Thread 0x000001852d759800 11900       2       org.gradle.internal.operations.DefaultBuildOperationExecutor$$Lambda$550/0x000000010065bc40::execute (11 bytes)
Event: 17.406 Thread 0x000001852d759800 nmethod 11900 0x000001851936b090 code [0x000001851936b240, 0x000001851936b3a8]
Event: 17.406 Thread 0x000001852d759800 11923       2       com.google.common.collect.ImmutableSortedMap::createEntrySet (22 bytes)
Event: 17.406 Thread 0x000001852d759800 nmethod 11923 0x000001851936b490 code [0x000001851936b660, 0x000001851936b868]
Event: 17.406 Thread 0x000001852d759800 11941       2       com.android.aaptcompiler.ResourceName::toString (86 bytes)
Event: 17.408 Thread 0x000001852d759800 nmethod 11941 0x000001851936b990 code [0x000001851936bbe0, 0x000001851936c0e8]
Event: 17.408 Thread 0x000001852d759800 11912       2       com.sun.org.apache.xerces.internal.impl.XMLDocumentFragmentScannerImpl$FragmentContentDriver::startOfMarkup (280 bytes)
Event: 17.409 Thread 0x000001852d759800 nmethod 11912 0x000001851936c490 code [0x000001851936c720, 0x000001851936cc48]
Event: 17.409 Thread 0x000001852d759800 11907       2       kotlin.text.StringsKt__StringsKt::split$default (26 bytes)
Event: 17.409 Thread 0x000001852d759800 nmethod 11907 0x000001851936d090 code [0x000001851936d240, 0x000001851936d348]
Event: 17.410 Thread 0x000001852d759800 11911       2       com.android.aaptcompiler.ConfigDescription::equals (26 bytes)
Event: 17.410 Thread 0x000001852d759800 nmethod 11911 0x000001851936d410 code [0x000001851936d5c0, 0x000001851936d768]
Event: 17.410 Thread 0x000001852d759800 11947       2       java.util.TreeMap::key (17 bytes)
Event: 17.410 Thread 0x000001852d759800 nmethod 11947 0x000001851936d810 code [0x000001851936d9c0, 0x000001851936db68]
Event: 17.410 Thread 0x000001852d759800 11953 %     3       com.google.common.collect.ImmutableSet::chooseTableSize @ 21 (61 bytes)
Event: 17.411 Thread 0x000001852d759800 nmethod 11953% 0x000001851936dc90 code [0x000001851936dec0, 0x000001851936e4f8]
Event: 17.411 Thread 0x000001852d759800 11924       1       com.android.aaptcompiler.android.ResValue$DataType::getByteValue (5 bytes)

GC Heap History (20 events):
Event: 15.202 GC heap after
{Heap after GC invocations=31 (full 0):
 garbage-first heap   total 172032K, used 104063K [0x00000000a0000000, 0x0000000100000000)
  region size 1024K, 2 young (2048K), 2 survivors (2048K)
 Metaspace       used 89152K, capacity 91371K, committed 91504K, reserved 1128448K
  class space    used 11509K, capacity 12379K, committed 12492K, reserved 1048576K
}
Event: 15.687 GC heap before
{Heap before GC invocations=32 (full 0):
 garbage-first heap   total 172032K, used 135807K [0x00000000a0000000, 0x0000000100000000)
  region size 1024K, 26 young (26624K), 2 survivors (2048K)
 Metaspace       used 89159K, capacity 91212K, committed 91760K, reserved 1128448K
  class space    used 11437K, capacity 12256K, committed 12492K, reserved 1048576K
}
Event: 15.696 GC heap after
{Heap after GC invocations=33 (full 0):
 garbage-first heap   total 172032K, used 108025K [0x00000000a0000000, 0x0000000100000000)
  region size 1024K, 4 young (4096K), 4 survivors (4096K)
 Metaspace       used 89159K, capacity 91212K, committed 91760K, reserved 1128448K
  class space    used 11437K, capacity 12256K, committed 12492K, reserved 1048576K
}
Event: 15.968 GC heap before
{Heap before GC invocations=33 (full 0):
 garbage-first heap   total 172032K, used 123385K [0x00000000a0000000, 0x0000000100000000)
  region size 1024K, 21 young (21504K), 4 survivors (4096K)
 Metaspace       used 89241K, capacity 91280K, committed 92016K, reserved 1128448K
  class space    used 11444K, capacity 12257K, committed 12492K, reserved 1048576K
}
Event: 15.980 GC heap after
{Heap after GC invocations=34 (full 0):
 garbage-first heap   total 172032K, used 113460K [0x00000000a0000000, 0x0000000100000000)
  region size 1024K, 4 young (4096K), 4 survivors (4096K)
 Metaspace       used 89241K, capacity 91280K, committed 92016K, reserved 1128448K
  class space    used 11444K, capacity 12257K, committed 12492K, reserved 1048576K
}
Event: 16.238 GC heap before
{Heap before GC invocations=35 (full 0):
 garbage-first heap   total 172032K, used 150324K [0x00000000a0000000, 0x0000000100000000)
  region size 1024K, 24 young (24576K), 4 survivors (4096K)
 Metaspace       used 89695K, capacity 91700K, committed 92272K, reserved 1128448K
  class space    used 11484K, capacity 12275K, committed 12492K, reserved 1048576K
}
Event: 16.248 GC heap after
{Heap after GC invocations=36 (full 0):
 garbage-first heap   total 172032K, used 117168K [0x00000000a0000000, 0x0000000100000000)
  region size 1024K, 3 young (3072K), 3 survivors (3072K)
 Metaspace       used 89695K, capacity 91700K, committed 92272K, reserved 1128448K
  class space    used 11484K, capacity 12275K, committed 12492K, reserved 1048576K
}
Event: 16.412 GC heap before
{Heap before GC invocations=36 (full 0):
 garbage-first heap   total 172032K, used 135600K [0x00000000a0000000, 0x0000000100000000)
  region size 1024K, 22 young (22528K), 3 survivors (3072K)
 Metaspace       used 90765K, capacity 92814K, committed 93424K, reserved 1130496K
  class space    used 11586K, capacity 12382K, committed 12620K, reserved 1048576K
}
Event: 16.419 GC heap after
{Heap after GC invocations=37 (full 0):
 garbage-first heap   total 172032K, used 121309K [0x00000000a0000000, 0x0000000100000000)
  region size 1024K, 3 young (3072K), 3 survivors (3072K)
 Metaspace       used 90765K, capacity 92814K, committed 93424K, reserved 1130496K
  class space    used 11586K, capacity 12382K, committed 12620K, reserved 1048576K
}
Event: 16.659 GC heap before
{Heap before GC invocations=38 (full 0):
 garbage-first heap   total 172032K, used 127453K [0x00000000a0000000, 0x0000000100000000)
  region size 1024K, 21 young (21504K), 3 survivors (3072K)
 Metaspace       used 93210K, capacity 95314K, committed 95984K, reserved 1132544K
  class space    used 11802K, capacity 12615K, committed 12876K, reserved 1048576K
}
Event: 16.664 GC heap after
{Heap after GC invocations=39 (full 0):
 garbage-first heap   total 172032K, used 111783K [0x00000000a0000000, 0x0000000100000000)
  region size 1024K, 2 young (2048K), 2 survivors (2048K)
 Metaspace       used 93210K, capacity 95314K, committed 95984K, reserved 1132544K
  class space    used 11802K, capacity 12615K, committed 12876K, reserved 1048576K
}
Event: 16.702 GC heap before
{Heap before GC invocations=39 (full 0):
 garbage-first heap   total 172032K, used 116903K [0x00000000a0000000, 0x0000000100000000)
  region size 1024K, 8 young (8192K), 2 survivors (2048K)
 Metaspace       used 93232K, capacity 95314K, committed 95984K, reserved 1132544K
  class space    used 11802K, capacity 12615K, committed 12876K, reserved 1048576K
}
Event: 16.707 GC heap after
{Heap after GC invocations=40 (full 0):
 garbage-first heap   total 172032K, used 95551K [0x00000000a0000000, 0x0000000100000000)
  region size 1024K, 1 young (1024K), 1 survivors (1024K)
 Metaspace       used 93232K, capacity 95314K, committed 95984K, reserved 1132544K
  class space    used 11802K, capacity 12615K, committed 12876K, reserved 1048576K
}
Event: 16.902 GC heap before
{Heap before GC invocations=40 (full 0):
 garbage-first heap   total 172032K, used 125247K [0x00000000a0000000, 0x0000000100000000)
  region size 1024K, 31 young (31744K), 1 survivors (1024K)
 Metaspace       used 93409K, capacity 95507K, committed 95984K, reserved 1132544K
  class space    used 11802K, capacity 12615K, committed 12876K, reserved 1048576K
}
Event: 16.905 GC heap after
{Heap after GC invocations=41 (full 0):
 garbage-first heap   total 172032K, used 96141K [0x00000000a0000000, 0x0000000100000000)
  region size 1024K, 2 young (2048K), 2 survivors (2048K)
 Metaspace       used 93409K, capacity 95507K, committed 95984K, reserved 1132544K
  class space    used 11802K, capacity 12615K, committed 12876K, reserved 1048576K
}
Event: 17.148 GC heap before
{Heap before GC invocations=42 (full 0):
 garbage-first heap   total 172032K, used 127885K [0x00000000a0000000, 0x0000000100000000)
  region size 1024K, 34 young (34816K), 2 survivors (2048K)
 Metaspace       used 94437K, capacity 96568K, committed 97008K, reserved 1134592K
  class space    used 11885K, capacity 12713K, committed 12876K, reserved 1048576K
}
Event: 17.153 GC heap after
{Heap after GC invocations=43 (full 0):
 garbage-first heap   total 172032K, used 96915K [0x00000000a0000000, 0x0000000100000000)
  region size 1024K, 3 young (3072K), 3 survivors (3072K)
 Metaspace       used 94437K, capacity 96568K, committed 97008K, reserved 1134592K
  class space    used 11885K, capacity 12713K, committed 12876K, reserved 1048576K
}
Event: 17.188 GC heap before
{Heap before GC invocations=43 (full 0):
 garbage-first heap   total 172032K, used 102035K [0x00000000a0000000, 0x0000000100000000)
  region size 1024K, 8 young (8192K), 3 survivors (3072K)
 Metaspace       used 94447K, capacity 96568K, committed 97008K, reserved 1134592K
  class space    used 11886K, capacity 12713K, committed 12876K, reserved 1048576K
}
Event: 17.192 GC heap after
{Heap after GC invocations=44 (full 0):
 garbage-first heap   total 172032K, used 96617K [0x00000000a0000000, 0x0000000100000000)
  region size 1024K, 1 young (1024K), 1 survivors (1024K)
 Metaspace       used 94447K, capacity 96568K, committed 97008K, reserved 1134592K
  class space    used 11886K, capacity 12713K, committed 12876K, reserved 1048576K
}
Event: 17.411 GC heap before
{Heap before GC invocations=44 (full 0):
 garbage-first heap   total 172032K, used 130409K [0x00000000a0000000, 0x0000000100000000)
  region size 1024K, 35 young (35840K), 1 survivors (1024K)
 Metaspace       used 94918K, capacity 97031K, committed 97392K, reserved 1134592K
  class space    used 11939K, capacity 12794K, committed 13004K, reserved 1048576K
}

Deoptimization events (20 events):
Event: 17.277 Thread 0x000001853273d800 DEOPT PACKING pc=0x000001851f846d34 sp=0x0000003b484fc400
Event: 17.277 Thread 0x000001853273d800 DEOPT UNPACKING pc=0x000001851794a1af sp=0x0000003b484fc318 mode 2
Event: 17.277 Thread 0x000001853273d800 Uncommon trap: trap_request=0xffffffc6 fr.pc=0x000001851f791570 relative=0x00000000000000b0
Event: 17.277 Thread 0x000001853273d800 Uncommon trap: reason=bimorphic_or_optimized_type_check action=maybe_recompile pc=0x000001851f791570 method=com.google.common.collect.RegularImmutableMap.checkNoConflictInKeyBucket(Ljava/lang/Object;Ljava/util/Map$Entry;Lcom/google/common/collect/Immutabl
Event: 17.277 Thread 0x000001853273d800 DEOPT PACKING pc=0x000001851f791570 sp=0x0000003b484fcee0
Event: 17.277 Thread 0x000001853273d800 DEOPT UNPACKING pc=0x000001851794a1af sp=0x0000003b484fce88 mode 2
Event: 17.297 Thread 0x000001853273d800 DEOPT PACKING pc=0x000001851931c30f sp=0x0000003b484f98b0
Event: 17.297 Thread 0x000001853273d800 DEOPT UNPACKING pc=0x000001851794a95e sp=0x0000003b484f8dd8 mode 0
Event: 17.379 Thread 0x000001853273d800 Uncommon trap: trap_request=0xffffff4d fr.pc=0x000001851f860ec8 relative=0x0000000000000368
Event: 17.379 Thread 0x000001853273d800 Uncommon trap: reason=unstable_if action=reinterpret pc=0x000001851f860ec8 method=org.gradle.internal.snapshot.PathUtil.equalChars(CCLorg/gradle/internal/snapshot/CaseSensitivity;)Z @ 40 c2
Event: 17.379 Thread 0x000001853273d800 DEOPT PACKING pc=0x000001851f860ec8 sp=0x0000003b484fc320
Event: 17.379 Thread 0x000001853273d800 DEOPT UNPACKING pc=0x000001851794a1af sp=0x0000003b484fc2b0 mode 2
Event: 17.379 Thread 0x000001853273d800 DEOPT PACKING pc=0x000001851918453a sp=0x0000003b484fc4b0
Event: 17.379 Thread 0x000001853273d800 DEOPT UNPACKING pc=0x000001851794a95e sp=0x0000003b484fb9f8 mode 0
Event: 17.379 Thread 0x000001853273d800 Uncommon trap: trap_request=0xffffffc6 fr.pc=0x000001851f791570 relative=0x00000000000000b0
Event: 17.379 Thread 0x000001853273d800 Uncommon trap: reason=bimorphic_or_optimized_type_check action=maybe_recompile pc=0x000001851f791570 method=com.google.common.collect.RegularImmutableMap.checkNoConflictInKeyBucket(Ljava/lang/Object;Ljava/util/Map$Entry;Lcom/google/common/collect/Immutabl
Event: 17.379 Thread 0x000001853273d800 DEOPT PACKING pc=0x000001851f791570 sp=0x0000003b484fcee0
Event: 17.379 Thread 0x000001853273d800 DEOPT UNPACKING pc=0x000001851794a1af sp=0x0000003b484fce88 mode 2
Event: 17.397 Thread 0x0000018532742800 DEOPT PACKING pc=0x0000018518ce1946 sp=0x0000003b486fb7f0
Event: 17.397 Thread 0x0000018532742800 DEOPT UNPACKING pc=0x000001851794a95e sp=0x0000003b486fad10 mode 0

Classes redefined (0 events):
No events

Internal exceptions (20 events):
Event: 12.511 Thread 0x000001853267e800 Exception <a 'java/lang/NoSuchMethodError'{0x00000000a79716c0}: <clinit>> (0x00000000a79716c0) thrown at [./src/hotspot/share/prims/jni.cpp, line 1366]
Event: 12.512 Thread 0x0000018532741000 Exception <a 'java/lang/NoSuchMethodError'{0x00000000a795b398}: 'int java.lang.invoke.DirectMethodHandle$Holder.invokeSpecial(java.lang.Object, java.lang.Object, java.lang.Object, java.lang.Object, java.lang.Object)'> (0x00000000a795b398) thrown at [./src/hotspot/share/interpreter/linkResolver.cpp, line 773]
Event: 12.515 Thread 0x000001853267e800 Exception <a 'java/lang/NoSuchMethodError'{0x00000000a7993af8}: <clinit>> (0x00000000a7993af8) thrown at [./src/hotspot/share/prims/jni.cpp, line 1366]
Event: 12.516 Thread 0x000001853267e800 Exception <a 'java/lang/NoSuchMethodError'{0x00000000a799deb0}: 'void java.lang.invoke.DirectMethodHandle$Holder.invokeSpecial(java.lang.Object, java.lang.Object, java.lang.Object, int)'> (0x00000000a799deb0) thrown at [./src/hotspot/share/interpreter/linkResolver.cpp, line 773]
Event: 12.818 Thread 0x0000018532741000 Exception <a 'java/lang/NoSuchMethodError'{0x00000000a6c85748}: 'void java.lang.invoke.DirectMethodHandle$Holder.invokeStatic(java.lang.Object, java.lang.Object, java.lang.Object, java.lang.Object, int, java.lang.Object, java.lang.Object)'> (0x00000000a6c85748) thrown at [./src/hotspot/share/interpreter/linkResolver.cpp, line 773]
Event: 12.863 Thread 0x0000018532676800 Exception <a 'java/lang/NoSuchMethodError'{0x00000000aa1311f0}: 'java.lang.Object java.lang.invoke.DirectMethodHandle$Holder.invokeSpecialIFC(java.lang.Object, java.lang.Object, java.lang.Object)'> (0x00000000aa1311f0) thrown at [./src/hotspot/share/interpreter/linkResolver.cpp, line 773]
Event: 12.863 Thread 0x000001853265a000 Exception <a 'java/lang/NoSuchMethodError'{0x00000000aa14b038}: 'java.lang.Object java.lang.invoke.DirectMethodHandle$Holder.invokeSpecialIFC(java.lang.Object, java.lang.Object, java.lang.Object)'> (0x00000000aa14b038) thrown at [./src/hotspot/share/interpreter/linkResolver.cpp, line 773]
Event: 12.863 Thread 0x0000018532656800 Exception <a 'java/lang/NoSuchMethodError'{0x00000000aa13dd08}: 'java.lang.Object java.lang.invoke.DirectMethodHandle$Holder.invokeSpecialIFC(java.lang.Object, java.lang.Object, java.lang.Object)'> (0x00000000aa13dd08) thrown at [./src/hotspot/share/interpreter/linkResolver.cpp, line 773]
Event: 12.863 Thread 0x0000018532659000 Exception <a 'java/lang/NoSuchMethodError'{0x00000000aa109c48}: 'java.lang.Object java.lang.invoke.DirectMethodHandle$Holder.invokeSpecialIFC(java.lang.Object, java.lang.Object, java.lang.Object)'> (0x00000000aa109c48) thrown at [./src/hotspot/share/interpreter/linkResolver.cpp, line 773]
Event: 12.863 Thread 0x000001853265b000 Exception <a 'java/lang/NoSuchMethodError'{0x00000000aa114c18}: 'java.lang.Object java.lang.invoke.DirectMethodHandle$Holder.invokeSpecialIFC(java.lang.Object, java.lang.Object, java.lang.Object)'> (0x00000000aa114c18) thrown at [./src/hotspot/share/interpreter/linkResolver.cpp, line 773]
Event: 12.864 Thread 0x0000018532741000 Exception <a 'java/lang/NoSuchMethodError'{0x00000000aa76bf68}: 'java.lang.Object java.lang.invoke.DirectMethodHandle$Holder.invokeSpecialIFC(java.lang.Object, java.lang.Object, java.lang.Object)'> (0x00000000aa76bf68) thrown at [./src/hotspot/share/interpreter/linkResolver.cpp, line 773]
Event: 12.864 Thread 0x0000018532215800 Exception <a 'java/lang/NoSuchMethodError'{0x00000000aa2f7be8}: 'java.lang.Object java.lang.invoke.DirectMethodHandle$Holder.invokeSpecialIFC(java.lang.Object, java.lang.Object, java.lang.Object)'> (0x00000000aa2f7be8) thrown at [./src/hotspot/share/interpreter/linkResolver.cpp, line 773]
Event: 12.864 Thread 0x0000018532653800 Exception <a 'java/lang/NoSuchMethodError'{0x00000000aa122958}: 'java.lang.Object java.lang.invoke.DirectMethodHandle$Holder.invokeSpecialIFC(java.lang.Object, java.lang.Object, java.lang.Object)'> (0x00000000aa122958) thrown at [./src/hotspot/share/interpreter/linkResolver.cpp, line 773]
Event: 13.014 Thread 0x0000018532653800 Exception <a 'java/lang/NoSuchMethodError'{0x00000000a92720e8}: 'void java.lang.invoke.DirectMethodHandle$Holder.invokeVirtual(java.lang.Object, java.lang.Object)'> (0x00000000a92720e8) thrown at [./src/hotspot/share/interpreter/linkResolver.cpp, line 773]
Event: 13.422 Thread 0x000001853267c800 Exception <a 'java/lang/NoSuchMethodError'{0x00000000a98532e8}: 'void java.lang.invoke.DirectMethodHandle$Holder.invokeInterface(java.lang.Object, java.lang.Object, java.lang.Object, java.lang.Object)'> (0x00000000a98532e8) thrown at [./src/hotspot/share/interpreter/linkResolver.cpp, line 773]
Event: 13.635 Thread 0x000001853267c800 Implicit null exception at 0x000001851f770238 to 0x000001851f77640c
Event: 16.092 Thread 0x000001853267c800 Exception <a 'java/lang/NoSuchMethodError'{0x00000000aa444368}: <clinit>> (0x00000000aa444368) thrown at [./src/hotspot/share/prims/jni.cpp, line 1366]
Event: 16.119 Thread 0x000001853267c800 Exception <a 'java/lang/NoSuchMethodError'{0x00000000aa273300}: <clinit>> (0x00000000aa273300) thrown at [./src/hotspot/share/prims/jni.cpp, line 1366]
Event: 16.151 Thread 0x000001853267c800 Exception <a 'java/lang/NoSuchMethodError'{0x00000000aa056638}: <clinit>> (0x00000000aa056638) thrown at [./src/hotspot/share/prims/jni.cpp, line 1366]
Event: 17.347 Thread 0x0000018532741000 Exception <a 'java/lang/NoSuchMethodError'{0x00000000a9035800}: 'java.lang.Object java.lang.invoke.DirectMethodHandle$Holder.newInvokeSpecial(java.lang.Object, java.lang.Object, java.lang.Object, java.lang.Object)'> (0x00000000a9035800) thrown at [./src/hotspot/share/interpreter/linkResolver.cpp, line 773]

Events (20 events):
Event: 17.350 loading class org/gradle/internal/snapshot/FileSystemLocationSnapshot done
Event: 17.350 loading class org/gradle/internal/execution/history/impl/DefaultOutputFilesRepository
Event: 17.350 loading class org/gradle/internal/execution/history/impl/DefaultOutputFilesRepository done
Event: 17.350 loading class org/gradle/internal/execution/history/impl/DefaultOutputFilesRepository$1
Event: 17.350 loading class org/gradle/internal/execution/history/impl/DefaultOutputFilesRepository$1 done
Event: 17.351 loading class org/gradle/internal/execution/history/impl/FileSystemSnapshotSerializer$1$1
Event: 17.351 loading class org/gradle/internal/execution/history/impl/FileSystemSnapshotSerializer$1$1 done
Event: 17.352 loading class org/gradle/internal/execution/steps/SkipUpToDateStep$2
Event: 17.352 loading class org/gradle/internal/execution/steps/SkipUpToDateStep$2 done
Event: 17.354 loading class org/gradle/internal/execution/history/AfterExecutionState
Event: 17.354 loading class org/gradle/internal/execution/history/AfterExecutionState done
Event: 17.354 loading class org/gradle/caching/internal/origin/OriginMetadata
Event: 17.354 loading class org/gradle/caching/internal/origin/OriginMetadata done
Event: 17.354 loading class org/gradle/internal/execution/history/AfterExecutionState
Event: 17.354 loading class org/gradle/internal/execution/history/AfterExecutionState done
Event: 17.358 loading class com/google/common/collect/ImmutableList$SerializedForm
Event: 17.358 loading class com/google/common/collect/ImmutableList$SerializedForm done
Event: 17.388 loading class org/gradle/api/specs/OrSpec
Event: 17.388 loading class org/gradle/api/specs/OrSpec done
Event: 17.411 Executing VM operation: G1CollectForAllocation


Dynamic libraries:
0x00007ff71bf60000 - 0x00007ff71bf6a000 	C:\Program Files\Android\Android Studio\jre\bin\java.exe
0x00007ff87a270000 - 0x00007ff87a45d000 	C:\Windows\SYSTEM32\ntdll.dll
0x00007ff848780000 - 0x00007ff848797000 	C:\Program Files\Avast Software\Avast\aswhook.dll
0x00007ff877d50000 - 0x00007ff877e03000 	C:\Windows\System32\KERNEL32.DLL
0x00007ff877090000 - 0x00007ff877323000 	C:\Windows\System32\KERNELBASE.dll
0x00007ff877330000 - 0x00007ff87742c000 	C:\Windows\System32\ucrtbase.dll
0x00007ff8715e0000 - 0x00007ff8715f7000 	C:\Program Files\Android\Android Studio\jre\bin\VCRUNTIME140.dll
0x00007ff871760000 - 0x00007ff871779000 	C:\Program Files\Android\Android Studio\jre\bin\jli.dll
0x00007ff878860000 - 0x00007ff8789f7000 	C:\Windows\System32\USER32.dll
0x00007ff876fe0000 - 0x00007ff877000000 	C:\Windows\System32\win32u.dll
0x00007ff878a00000 - 0x00007ff878a29000 	C:\Windows\System32\GDI32.dll
0x00007ff85dbc0000 - 0x00007ff85de39000 	C:\Windows\WinSxS\amd64_microsoft.windows.common-controls_6595b64144ccf1df_6.0.17763.316_none_05b53be2071f46b6\COMCTL32.dll
0x00007ff8766a0000 - 0x00007ff87683a000 	C:\Windows\System32\gdi32full.dll
0x00007ff876600000 - 0x00007ff8766a0000 	C:\Windows\System32\msvcp_win.dll
0x00007ff878760000 - 0x00007ff8787fe000 	C:\Windows\System32\msvcrt.dll
0x00007ff878120000 - 0x00007ff87844d000 	C:\Windows\System32\combase.dll
0x00007ff877e80000 - 0x00007ff877fa2000 	C:\Windows\System32\RPCRT4.dll
0x00007ff877450000 - 0x00007ff8774ce000 	C:\Windows\System32\bcryptPrimitives.dll
0x00007ff877d20000 - 0x00007ff877d4e000 	C:\Windows\System32\IMM32.DLL
0x00007ff869530000 - 0x00007ff8695cd000 	C:\Program Files\Android\Android Studio\jre\bin\msvcp140.dll
0x00007ff81f130000 - 0x00007ff81fc32000 	C:\Program Files\Android\Android Studio\jre\bin\server\jvm.dll
0x00007ff87a1b0000 - 0x00007ff87a253000 	C:\Windows\System32\ADVAPI32.dll
0x00007ff878a40000 - 0x00007ff878ade000 	C:\Windows\System32\sechost.dll
0x00007ff87a260000 - 0x00007ff87a268000 	C:\Windows\System32\PSAPI.DLL
0x00007ff866560000 - 0x00007ff866569000 	C:\Windows\SYSTEM32\WSOCK32.dll
0x00007ff873fc0000 - 0x00007ff873fe4000 	C:\Windows\SYSTEM32\WINMM.dll
0x00007ff871350000 - 0x00007ff87135a000 	C:\Windows\SYSTEM32\VERSION.dll
0x00007ff877e10000 - 0x00007ff877e7d000 	C:\Windows\System32\WS2_32.dll
0x00007ff873f90000 - 0x00007ff873fbd000 	C:\Windows\SYSTEM32\WINMMBASE.dll
0x00007ff876840000 - 0x00007ff87688a000 	C:\Windows\System32\cfgmgr32.dll
0x00007ff8762a0000 - 0x00007ff8762b1000 	C:\Windows\System32\kernel.appcore.dll
0x00007ff84f6e0000 - 0x00007ff84f6f1000 	C:\Program Files\Android\Android Studio\jre\bin\verify.dll
0x00007ff86d710000 - 0x00007ff86d8fd000 	C:\Windows\SYSTEM32\DBGHELP.DLL
0x00007ff869de0000 - 0x00007ff869e0a000 	C:\Windows\SYSTEM32\dbgcore.DLL
0x00007ff83b960000 - 0x00007ff83b989000 	C:\Program Files\Android\Android Studio\jre\bin\java.dll
0x00007ff861660000 - 0x00007ff86166b000 	C:\Program Files\Android\Android Studio\jre\bin\jimage.dll
0x00007ff83b940000 - 0x00007ff83b958000 	C:\Program Files\Android\Android Studio\jre\bin\zip.dll
0x00007ff878be0000 - 0x00007ff87a0cf000 	C:\Windows\System32\SHELL32.dll
0x00007ff878450000 - 0x00007ff8784f8000 	C:\Windows\System32\shcore.dll
0x00007ff876890000 - 0x00007ff876fda000 	C:\Windows\System32\windows.storage.dll
0x00007ff876320000 - 0x00007ff876344000 	C:\Windows\System32\profapi.dll
0x00007ff8762c0000 - 0x00007ff87631d000 	C:\Windows\System32\powrprof.dll
0x00007ff878ae0000 - 0x00007ff878b32000 	C:\Windows\System32\shlwapi.dll
0x00007ff877430000 - 0x00007ff877447000 	C:\Windows\System32\cryptsp.dll
0x00007ff83b8d0000 - 0x00007ff83b8ea000 	C:\Program Files\Android\Android Studio\jre\bin\net.dll
0x00007ff869b70000 - 0x00007ff869c61000 	C:\Windows\SYSTEM32\WINHTTP.dll
0x00007ff875ad0000 - 0x00007ff875b37000 	C:\Windows\system32\mswsock.dll
0x00007ff83b820000 - 0x00007ff83b834000 	C:\Program Files\Android\Android Studio\jre\bin\nio.dll
0x00007ff8745e0000 - 0x00007ff874607000 	C:\Users\Artem\StudioProjects\CoolNews\native\e1d6ef7f7dcc3fd88c89a11ec53ec762bb8ba0a96d01ffa2cd45eb1d1d8dd5c5\windows-amd64\native-platform.dll
0x00007ff85f460000 - 0x00007ff85f5a4000 	C:\Users\Artem\StudioProjects\CoolNews\native\0d407fdbe67a94daf76414ababcb853783967236a71b16ec16e742cd7a986fd3\windows-amd64\native-platform-file-events.dll
0x00007ff858b80000 - 0x00007ff858b8a000 	C:\Program Files\Android\Android Studio\jre\bin\management.dll
0x00007ff84f6d0000 - 0x00007ff84f6dd000 	C:\Program Files\Android\Android Studio\jre\bin\management_ext.dll
0x00007ff875690000 - 0x00007ff8756c3000 	C:\Windows\system32\rsaenh.dll
0x00007ff877000000 - 0x00007ff877026000 	C:\Windows\System32\bcrypt.dll
0x00007ff8761d0000 - 0x00007ff8761f8000 	C:\Windows\SYSTEM32\USERENV.dll
0x00007ff875ca0000 - 0x00007ff875cac000 	C:\Windows\SYSTEM32\CRYPTBASE.dll
0x00007ff875830000 - 0x00007ff87586d000 	C:\Windows\SYSTEM32\IPHLPAPI.DLL
0x00007ff877600000 - 0x00007ff877608000 	C:\Windows\System32\NSI.dll
0x00007ff86b7c0000 - 0x00007ff86b7d6000 	C:\Windows\SYSTEM32\dhcpcsvc6.DLL
0x00007ff86be40000 - 0x00007ff86be5c000 	C:\Windows\SYSTEM32\dhcpcsvc.DLL
0x00007ff875870000 - 0x00007ff875936000 	C:\Windows\SYSTEM32\DNSAPI.dll

dbghelp: loaded successfully - version: 4.0.5 - missing functions: none
symbol engine: initialized successfully - sym options: 0x614 - pdb path: .;C:\Program Files\Android\Android Studio\jre\bin;C:\Windows\SYSTEM32;C:\Program Files\Avast Software\Avast;C:\Windows\WinSxS\amd64_microsoft.windows.common-controls_6595b64144ccf1df_6.0.17763.316_none_05b53be2071f46b6;C:\Program Files\Android\Android Studio\jre\bin\server;C:\Users\Artem\StudioProjects\CoolNews\native\e1d6ef7f7dcc3fd88c89a11ec53ec762bb8ba0a96d01ffa2cd45eb1d1d8dd5c5\windows-amd64;C:\Users\Artem\StudioProjects\CoolNews\native\0d407fdbe67a94daf76414ababcb853783967236a71b16ec16e742cd7a986fd3\windows-amd64

VM Arguments:
jvm_args: --add-opens=java.base/java.util=ALL-UNNAMED --add-opens=java.base/java.lang=ALL-UNNAMED --add-opens=java.base/java.lang.invoke=ALL-UNNAMED --add-opens=java.base/java.util=ALL-UNNAMED --add-opens=java.prefs/java.util.prefs=ALL-UNNAMED --add-opens=java.prefs/java.util.prefs=ALL-UNNAMED --add-opens=java.base/java.nio.charset=ALL-UNNAMED --add-opens=java.base/java.net=ALL-UNNAMED --add-opens=java.base/java.util.concurrent.atomic=ALL-UNNAMED -Xmx1536m -Dfile.encoding=windows-1251 -Duser.country=RU -Duser.language=ru -Duser.variant 
java_command: org.gradle.launcher.daemon.bootstrap.GradleDaemon 7.4
java_class_path (initial): C:\Users\Artem\StudioProjects\CoolNews\wrapper\dists\gradle-7.4-bin\c0gwcg53nkjbqw7r0h0umtfvt\gradle-7.4\lib\gradle-launcher-7.4.jar
Launcher Type: SUN_STANDARD

[Global flags]
     intx CICompilerCount                          = 4                                         {product} {ergonomic}
     uint ConcGCThreads                            = 2                                         {product} {ergonomic}
     uint G1ConcRefinementThreads                  = 8                                         {product} {ergonomic}
   size_t G1HeapRegionSize                         = 1048576                                   {product} {ergonomic}
    uintx GCDrainStackTargetSize                   = 64                                        {product} {ergonomic}
   size_t InitialHeapSize                          = 100663296                                 {product} {ergonomic}
   size_t MarkStackSize                            = 4194304                                   {product} {ergonomic}
   size_t MaxHeapSize                              = 1610612736                                {product} {command line}
   size_t MaxNewSize                               = 965738496                                 {product} {ergonomic}
   size_t MinHeapDeltaBytes                        = 1048576                                   {product} {ergonomic}
    uintx NonNMethodCodeHeapSize                   = 5836300                                {pd product} {ergonomic}
    uintx NonProfiledCodeHeapSize                  = 122910970                              {pd product} {ergonomic}
    uintx ProfiledCodeHeapSize                     = 122910970                              {pd product} {ergonomic}
    uintx ReservedCodeCacheSize                    = 251658240                              {pd product} {ergonomic}
     bool SegmentedCodeCache                       = true                                      {product} {ergonomic}
     bool UseCompressedClassPointers               = true                                 {lp64_product} {ergonomic}
     bool UseCompressedOops                        = true                                 {lp64_product} {ergonomic}
     bool UseG1GC                                  = true                                      {product} {ergonomic}
     bool UseLargePagesIndividualAllocation        = false                                  {pd product} {ergonomic}

Logging:
Log output configuration:
 #0: stdout all=warning uptime,level,tags
 #1: stderr all=off uptime,level,tags

Environment Variables:
PATH=C:\Windows\system32;C:\Windows;C:\Windows\System32\Wbem;C:\Windows\System32\WindowsPowerShell\v1.0\;C:\Program Files (x86)\NVIDIA Corporation\PhysX\Common;C:\Program Files\Common Files\Autodesk Shared\;C:\Program Files\Git\cmd;C:\Users\Artem\AppData\Local\Microsoft\WindowsApps;
USERNAME=Artem
OS=Windows_NT
PROCESSOR_IDENTIFIER=AMD64 Family 23 Model 24 Stepping 1, AuthenticAMD



---------------  S Y S T E M  ---------------

OS: Windows 10 , 64 bit Build 17763 (10.0.17763.292)
OS uptime: 0 days 17:03 hours

CPU:total 8 (initial active 8) (8 cores per cpu, 2 threads per core) family 23 model 24 stepping 1 microcode 0x0, cmov, cx8, fxsr, mmx, sse, sse2, sse3, ssse3, sse4.1, sse4.2, popcnt, avx, avx2, aes, clmul, mmxext, 3dnowpref, lzcnt, sse4a, ht, tsc, tscinvbit, tscinv, bmi1, bmi2, adx, sha, fma

Memory: 4k page, system-wide physical 6082M (176M free)
TotalPageFile size 10178M (AvailPageFile size 18M)
current process WorkingSet (physical memory assigned to process): 393M, peak: 393M
current process commit charge ("private bytes"): 462M, peak: 496M

vm_info: OpenJDK 64-Bit Server VM (11.0.13+0-b1751.21-8125866) for windows-amd64 JRE (11.0.13+0-b1751.21-8125866), built on Feb  2 2022 03:00:22 by "builder" with MS VC++ 14.0 (VS2015)

END.
