#
# There is insufficient memory for the Java Runtime Environment to continue.
# Native memory allocation (malloc) failed to allocate 1370096 bytes for Chunk::new
# Possible reasons:
#   The system is out of physical RAM or swap space
#   The process is running with CompressedOops enabled, and the Java Heap may be blocking the growth of the native heap
# Possible solutions:
#   Reduce memory load on the system
#   Increase physical memory or swap space
#   Check if swap backing store is full
#   Decrease Java heap size (-Xmx/-Xms)
#   Decrease number of Java threads
#   Decrease Java thread stack sizes (-Xss)
#   Set larger code cache with -XX:ReservedCodeCacheSize=
#   JVM is running with Unscaled Compressed Oops mode in which the Java heap is
#     placed in the first 4GB address space. The Java Heap base address is the
#     maximum limit for the native heap growth. Please use -XX:HeapBaseMinAddress
#     to set the Java Heap base and to place the Java Heap above 4GB virtual address.
# This output file may be truncated or incomplete.
#
#  Out of Memory Error (./src/hotspot/share/memory/arena.cpp:197), pid=11560, tid=11776
#
# JRE version: OpenJDK Runtime Environment (11.0.13) (build 11.0.13+0-b1751.21-8125866)
# Java VM: OpenJDK 64-Bit Server VM (11.0.13+0-b1751.21-8125866, mixed mode, tiered, compressed oops, g1 gc, windows-amd64)
# No core dump will be written. Minidumps are not enabled by default on client versions of Windows
#

---------------  S U M M A R Y ------------

Command Line: --add-opens=java.base/java.util=ALL-UNNAMED --add-opens=java.base/java.lang=ALL-UNNAMED --add-opens=java.base/java.lang.invoke=ALL-UNNAMED --add-opens=java.base/java.util=ALL-UNNAMED --add-opens=java.prefs/java.util.prefs=ALL-UNNAMED --add-opens=java.prefs/java.util.prefs=ALL-UNNAMED --add-opens=java.base/java.nio.charset=ALL-UNNAMED --add-opens=java.base/java.net=ALL-UNNAMED --add-opens=java.base/java.util.concurrent.atomic=ALL-UNNAMED -Xmx1536m -Dfile.encoding=windows-1251 -Duser.country=RU -Duser.language=ru -Duser.variant org.gradle.launcher.daemon.bootstrap.GradleDaemon 7.4

Host: AMD Ryzen 5 3500U with Radeon Vega Mobile Gfx  , 8 cores, 5G,  Windows 10 , 64 bit Build 17763 (10.0.17763.292)
Time: Sun Jan 22 18:37:49 2023 RTZ 2 (ceia) elapsed time: 3.593694 seconds (0d 0h 0m 3s)

---------------  T H R E A D  ---------------

Current thread (0x0000025ede761800):  JavaThread "C2 CompilerThread0" daemon [_thread_in_native, id=11776, stack(0x000000eb0cf00000,0x000000eb0d000000)]


Current CompileTask:
C2:   3593 1980   !   4       java.lang.ClassLoader::loadClass (122 bytes)

Stack: [0x000000eb0cf00000,0x000000eb0d000000]
Native frames: (J=compiled Java code, j=interpreted, Vv=VM code, C=native code)
V  [jvm.dll+0x6100fa]
V  [jvm.dll+0x747090]
V  [jvm.dll+0x7486ad]
V  [jvm.dll+0x748d83]
V  [jvm.dll+0x24ab48]
V  [jvm.dll+0xc04dc]
V  [jvm.dll+0xc0a0c]
V  [jvm.dll+0x35eb5b]
V  [jvm.dll+0x32b833]
V  [jvm.dll+0x32ad2a]
V  [jvm.dll+0x2032b2]
V  [jvm.dll+0x202437]
V  [jvm.dll+0x188e01]
V  [jvm.dll+0x21106b]
V  [jvm.dll+0x20f8c1]
V  [jvm.dll+0x70de0f]
V  [jvm.dll+0x706a75]
V  [jvm.dll+0x60ed66]
C  [ucrtbase.dll+0x203ba]
C  [KERNEL32.DLL+0x181f4]
C  [ntdll.dll+0x6a251]


---------------  P R O C E S S  ---------------

Threads class SMR info:
_java_thread_list=0x0000025ee14a4620, length=23, elements={
0x0000025ec3622800, 0x0000025ede739000, 0x0000025ede744800, 0x0000025ede757800,
0x0000025ede75a800, 0x0000025ede75b800, 0x0000025ede761800, 0x0000025ede764000,
0x0000025ede76a000, 0x0000025edf223800, 0x0000025ee124f800, 0x0000025ee06d8000,
0x0000025ee08a1000, 0x0000025ee0b70800, 0x0000025ee11e3800, 0x0000025ee11dc800,
0x0000025ee11df800, 0x0000025ee0323800, 0x0000025ee1191000, 0x0000025ee0b16800,
0x0000025ee1151000, 0x0000025ee1150000, 0x0000025ee1152800
}

Java Threads: ( => current thread )
  0x0000025ec3622800 JavaThread "main" [_thread_blocked, id=8744, stack(0x000000eb0c300000,0x000000eb0c400000)]
  0x0000025ede739000 JavaThread "Reference Handler" daemon [_thread_blocked, id=3892, stack(0x000000eb0ca00000,0x000000eb0cb00000)]
  0x0000025ede744800 JavaThread "Finalizer" daemon [_thread_blocked, id=11444, stack(0x000000eb0cb00000,0x000000eb0cc00000)]
  0x0000025ede757800 JavaThread "Signal Dispatcher" daemon [_thread_blocked, id=9332, stack(0x000000eb0cc00000,0x000000eb0cd00000)]
  0x0000025ede75a800 JavaThread "Attach Listener" daemon [_thread_blocked, id=7364, stack(0x000000eb0cd00000,0x000000eb0ce00000)]
  0x0000025ede75b800 JavaThread "Service Thread" daemon [_thread_blocked, id=11300, stack(0x000000eb0ce00000,0x000000eb0cf00000)]
=>0x0000025ede761800 JavaThread "C2 CompilerThread0" daemon [_thread_in_native, id=11776, stack(0x000000eb0cf00000,0x000000eb0d000000)]
  0x0000025ede764000 JavaThread "C1 CompilerThread0" daemon [_thread_in_native, id=1392, stack(0x000000eb0d000000,0x000000eb0d100000)]
  0x0000025ede76a000 JavaThread "Sweeper thread" daemon [_thread_blocked, id=1808, stack(0x000000eb0d100000,0x000000eb0d200000)]
  0x0000025edf223800 JavaThread "Common-Cleaner" daemon [_thread_blocked, id=12268, stack(0x000000eb0d200000,0x000000eb0d300000)]
  0x0000025ee124f800 JavaThread "Daemon health stats" [_thread_blocked, id=3136, stack(0x000000eb0d500000,0x000000eb0d600000)]
  0x0000025ee06d8000 JavaThread "Incoming local TCP Connector on port 60712" [_thread_in_native, id=5500, stack(0x000000eb0d600000,0x000000eb0d700000)]
  0x0000025ee08a1000 JavaThread "Daemon periodic checks" [_thread_blocked, id=11940, stack(0x000000eb0d700000,0x000000eb0d800000)]
  0x0000025ee0b70800 JavaThread "Daemon" [_thread_blocked, id=11472, stack(0x000000eb0d800000,0x000000eb0d900000)]
  0x0000025ee11e3800 JavaThread "Handler for socket connection from /127.0.0.1:60712 to /127.0.0.1:60713" [_thread_in_native, id=7876, stack(0x000000eb0d900000,0x000000eb0da00000)]
  0x0000025ee11dc800 JavaThread "Cancel handler" [_thread_blocked, id=5616, stack(0x000000eb0da00000,0x000000eb0db00000)]
  0x0000025ee11df800 JavaThread "Daemon worker" [_thread_in_Java, id=7032, stack(0x000000eb0db00000,0x000000eb0dc00000)]
  0x0000025ee0323800 JavaThread "Asynchronous log dispatcher for DefaultDaemonConnection: socket connection from /127.0.0.1:60712 to /127.0.0.1:60713" [_thread_blocked, id=10960, stack(0x000000eb0dc00000,0x000000eb0dd00000)]
  0x0000025ee1191000 JavaThread "Stdin handler" [_thread_blocked, id=5376, stack(0x000000eb0dd00000,0x000000eb0de00000)]
  0x0000025ee0b16800 JavaThread "Daemon client event forwarder" [_thread_blocked, id=8492, stack(0x000000eb0de00000,0x000000eb0df00000)]
  0x0000025ee1151000 JavaThread "Cache worker for journal cache (C:\Users\Artem\StudioProjects\CoolNews\caches\journal-1)" [_thread_blocked, id=7084, stack(0x000000eb0df00000,0x000000eb0e000000)]
  0x0000025ee1150000 JavaThread "File lock request listener" [_thread_in_native, id=2032, stack(0x000000eb0e000000,0x000000eb0e100000)]
  0x0000025ee1152800 JavaThread "Cache worker for file hash cache (C:\Users\Artem\StudioProjects\CoolNews\caches\7.4\fileHashes)" [_thread_blocked, id=10640, stack(0x000000eb0e700000,0x000000eb0e800000)]

Other Threads:
  0x0000025ede716800 VMThread "VM Thread" [stack: 0x000000eb0c900000,0x000000eb0ca00000] [id=848]
  0x0000025edf255000 WatcherThread [stack: 0x000000eb0d300000,0x000000eb0d400000] [id=11852]
  0x0000025ec363d000 GCTaskThread "GC Thread#0" [stack: 0x000000eb0c400000,0x000000eb0c500000] [id=9676]
  0x0000025edfd32000 GCTaskThread "GC Thread#1" [stack: 0x000000eb0d400000,0x000000eb0d500000] [id=7452]
  0x0000025edfd2c800 GCTaskThread "GC Thread#2" [stack: 0x000000eb0e100000,0x000000eb0e200000] [id=10852]
  0x0000025edfd2f000 GCTaskThread "GC Thread#3" [stack: 0x000000eb0e200000,0x000000eb0e300000] [id=6696]
  0x0000025edfd2d800 GCTaskThread "GC Thread#4" [stack: 0x000000eb0e300000,0x000000eb0e400000] [id=4464]
  0x0000025edfd30000 GCTaskThread "GC Thread#5" [stack: 0x000000eb0e400000,0x000000eb0e500000] [id=4296]
  0x0000025edfd2e800 GCTaskThread "GC Thread#6" [stack: 0x000000eb0e500000,0x000000eb0e600000] [id=5720]
  0x0000025edfd31800 GCTaskThread "GC Thread#7" [stack: 0x000000eb0e600000,0x000000eb0e700000] [id=2776]
  0x0000025ec3663800 ConcurrentGCThread "G1 Main Marker" [stack: 0x000000eb0c500000,0x000000eb0c600000] [id=1312]
  0x0000025ec3664800 ConcurrentGCThread "G1 Conc#0" [stack: 0x000000eb0c600000,0x000000eb0c700000] [id=8]
  0x0000025edfd30800 ConcurrentGCThread "G1 Conc#1" [stack: 0x000000eb0e800000,0x000000eb0e900000] [id=916]
  0x0000025ec36ea800 ConcurrentGCThread "G1 Refine#0" [stack: 0x000000eb0c700000,0x000000eb0c800000] [id=9324]
  0x0000025ec36eb800 ConcurrentGCThread "G1 Young RemSet Sampling" [stack: 0x000000eb0c800000,0x000000eb0c900000] [id=7900]

Threads with active compile tasks:
C2 CompilerThread0   3620 1980   !   4       java.lang.ClassLoader::loadClass (122 bytes)
C1 CompilerThread0   3620 2031   !   3       jdk.internal.reflect.UTF8::encode (191 bytes)

VM state:not at safepoint (normal execution)

VM Mutex/Monitor currently owned by a thread: None

Heap address: 0x00000000a0000000, size: 1536 MB, Compressed Oops mode: 32-bit
Narrow klass base: 0x0000000000000000, Narrow klass shift: 3
Compressed class space size: 1073741824 Address: 0x0000000100000000

Heap:
 garbage-first heap   total 98304K, used 42711K [0x00000000a0000000, 0x0000000100000000)
  region size 1024K, 29 young (29696K), 3 survivors (3072K)
 Metaspace       used 23205K, capacity 23751K, committed 23804K, reserved 1071104K
  class space    used 2939K, capacity 3137K, committed 3148K, reserved 1048576K
Heap Regions: E=young(eden), S=young(survivor), O=old, HS=humongous(starts), HC=humongous(continues), CS=collection set, F=free, A=archive, TAMS=top-at-mark-start (previous, next)
|   0|0x00000000a0000000, 0x00000000a0100000, 0x00000000a0100000|100%| O|  |TAMS 0x00000000a0100000, 0x00000000a0000000| Untracked 
|   1|0x00000000a0100000, 0x00000000a0200000, 0x00000000a0200000|100%| O|  |TAMS 0x00000000a0200000, 0x00000000a0100000| Untracked 
|   2|0x00000000a0200000, 0x00000000a0300000, 0x00000000a0300000|100%| O|  |TAMS 0x00000000a0300000, 0x00000000a0200000| Untracked 
|   3|0x00000000a0300000, 0x00000000a0400000, 0x00000000a0400000|100%|HS|  |TAMS 0x00000000a0400000, 0x00000000a0300000| Complete 
|   4|0x00000000a0400000, 0x00000000a0500000, 0x00000000a0500000|100%|HC|  |TAMS 0x00000000a0500000, 0x00000000a0400000| Complete 
|   5|0x00000000a0500000, 0x00000000a0600000, 0x00000000a0600000|100%|HC|  |TAMS 0x00000000a0600000, 0x00000000a0500000| Complete 
|   6|0x00000000a0600000, 0x00000000a0700000, 0x00000000a0700000|100%| O|  |TAMS 0x00000000a0700000, 0x00000000a0600000| Untracked 
|   7|0x00000000a0700000, 0x00000000a0800000, 0x00000000a0800000|100%| O|  |TAMS 0x00000000a0800000, 0x00000000a0700000| Untracked 
|   8|0x00000000a0800000, 0x00000000a0900000, 0x00000000a0900000|100%| O|  |TAMS 0x00000000a0900000, 0x00000000a0800000| Untracked 
|   9|0x00000000a0900000, 0x00000000a0a00000, 0x00000000a0a00000|100%| O|  |TAMS 0x00000000a0a00000, 0x00000000a0900000| Untracked 
|  10|0x00000000a0a00000, 0x00000000a0b00000, 0x00000000a0b00000|100%| O|  |TAMS 0x00000000a0b00000, 0x00000000a0a00000| Untracked 
|  11|0x00000000a0b00000, 0x00000000a0c00000, 0x00000000a0c00000|100%| O|  |TAMS 0x00000000a0c00000, 0x00000000a0b00000| Untracked 
|  12|0x00000000a0c00000, 0x00000000a0d00000, 0x00000000a0d00000|100%| O|  |TAMS 0x00000000a0d00000, 0x00000000a0c00000| Untracked 
|  13|0x00000000a0d00000, 0x00000000a0db5e00, 0x00000000a0e00000| 71%| O|  |TAMS 0x00000000a0db5e00, 0x00000000a0d00000| Untracked 
|  14|0x00000000a0e00000, 0x00000000a0e00000, 0x00000000a0f00000|  0%| F|  |TAMS 0x00000000a0e00000, 0x00000000a0e00000| Untracked 
|  15|0x00000000a0f00000, 0x00000000a0f00000, 0x00000000a1000000|  0%| F|  |TAMS 0x00000000a0f00000, 0x00000000a0f00000| Untracked 
|  16|0x00000000a1000000, 0x00000000a1000000, 0x00000000a1100000|  0%| F|  |TAMS 0x00000000a1000000, 0x00000000a1000000| Untracked 
|  17|0x00000000a1100000, 0x00000000a1100000, 0x00000000a1200000|  0%| F|  |TAMS 0x00000000a1100000, 0x00000000a1100000| Untracked 
|  18|0x00000000a1200000, 0x00000000a1200000, 0x00000000a1300000|  0%| F|  |TAMS 0x00000000a1200000, 0x00000000a1200000| Untracked 
|  19|0x00000000a1300000, 0x00000000a1300000, 0x00000000a1400000|  0%| F|  |TAMS 0x00000000a1300000, 0x00000000a1300000| Untracked 
|  20|0x00000000a1400000, 0x00000000a1400000, 0x00000000a1500000|  0%| F|  |TAMS 0x00000000a1400000, 0x00000000a1400000| Untracked 
|  21|0x00000000a1500000, 0x00000000a1500000, 0x00000000a1600000|  0%| F|  |TAMS 0x00000000a1500000, 0x00000000a1500000| Untracked 
|  22|0x00000000a1600000, 0x00000000a1600000, 0x00000000a1700000|  0%| F|  |TAMS 0x00000000a1600000, 0x00000000a1600000| Untracked 
|  23|0x00000000a1700000, 0x00000000a1700000, 0x00000000a1800000|  0%| F|  |TAMS 0x00000000a1700000, 0x00000000a1700000| Untracked 
|  24|0x00000000a1800000, 0x00000000a1800000, 0x00000000a1900000|  0%| F|  |TAMS 0x00000000a1800000, 0x00000000a1800000| Untracked 
|  25|0x00000000a1900000, 0x00000000a1900000, 0x00000000a1a00000|  0%| F|  |TAMS 0x00000000a1900000, 0x00000000a1900000| Untracked 
|  26|0x00000000a1a00000, 0x00000000a1a00000, 0x00000000a1b00000|  0%| F|  |TAMS 0x00000000a1a00000, 0x00000000a1a00000| Untracked 
|  27|0x00000000a1b00000, 0x00000000a1b00000, 0x00000000a1c00000|  0%| F|  |TAMS 0x00000000a1b00000, 0x00000000a1b00000| Untracked 
|  28|0x00000000a1c00000, 0x00000000a1c00000, 0x00000000a1d00000|  0%| F|  |TAMS 0x00000000a1c00000, 0x00000000a1c00000| Untracked 
|  29|0x00000000a1d00000, 0x00000000a1d00000, 0x00000000a1e00000|  0%| F|  |TAMS 0x00000000a1d00000, 0x00000000a1d00000| Untracked 
|  30|0x00000000a1e00000, 0x00000000a1e00000, 0x00000000a1f00000|  0%| F|  |TAMS 0x00000000a1e00000, 0x00000000a1e00000| Untracked 
|  31|0x00000000a1f00000, 0x00000000a1f00000, 0x00000000a2000000|  0%| F|  |TAMS 0x00000000a1f00000, 0x00000000a1f00000| Untracked 
|  32|0x00000000a2000000, 0x00000000a2000000, 0x00000000a2100000|  0%| F|  |TAMS 0x00000000a2000000, 0x00000000a2000000| Untracked 
|  33|0x00000000a2100000, 0x00000000a2100000, 0x00000000a2200000|  0%| F|  |TAMS 0x00000000a2100000, 0x00000000a2100000| Untracked 
|  34|0x00000000a2200000, 0x00000000a2200000, 0x00000000a2300000|  0%| F|  |TAMS 0x00000000a2200000, 0x00000000a2200000| Untracked 
|  35|0x00000000a2300000, 0x00000000a2300000, 0x00000000a2400000|  0%| F|  |TAMS 0x00000000a2300000, 0x00000000a2300000| Untracked 
|  36|0x00000000a2400000, 0x00000000a2400000, 0x00000000a2500000|  0%| F|  |TAMS 0x00000000a2400000, 0x00000000a2400000| Untracked 
|  37|0x00000000a2500000, 0x00000000a2500000, 0x00000000a2600000|  0%| F|  |TAMS 0x00000000a2500000, 0x00000000a2500000| Untracked 
|  38|0x00000000a2600000, 0x00000000a2600000, 0x00000000a2700000|  0%| F|  |TAMS 0x00000000a2600000, 0x00000000a2600000| Untracked 
|  39|0x00000000a2700000, 0x00000000a2700000, 0x00000000a2800000|  0%| F|  |TAMS 0x00000000a2700000, 0x00000000a2700000| Untracked 
|  40|0x00000000a2800000, 0x00000000a2800000, 0x00000000a2900000|  0%| F|  |TAMS 0x00000000a2800000, 0x00000000a2800000| Untracked 
|  41|0x00000000a2900000, 0x00000000a2900000, 0x00000000a2a00000|  0%| F|  |TAMS 0x00000000a2900000, 0x00000000a2900000| Untracked 
|  42|0x00000000a2a00000, 0x00000000a2a00000, 0x00000000a2b00000|  0%| F|  |TAMS 0x00000000a2a00000, 0x00000000a2a00000| Untracked 
|  43|0x00000000a2b00000, 0x00000000a2b00000, 0x00000000a2c00000|  0%| F|  |TAMS 0x00000000a2b00000, 0x00000000a2b00000| Untracked 
|  44|0x00000000a2c00000, 0x00000000a2c00000, 0x00000000a2d00000|  0%| F|  |TAMS 0x00000000a2c00000, 0x00000000a2c00000| Untracked 
|  45|0x00000000a2d00000, 0x00000000a2d00000, 0x00000000a2e00000|  0%| F|  |TAMS 0x00000000a2d00000, 0x00000000a2d00000| Untracked 
|  46|0x00000000a2e00000, 0x00000000a2e00000, 0x00000000a2f00000|  0%| F|  |TAMS 0x00000000a2e00000, 0x00000000a2e00000| Untracked 
|  47|0x00000000a2f00000, 0x00000000a2f00000, 0x00000000a3000000|  0%| F|  |TAMS 0x00000000a2f00000, 0x00000000a2f00000| Untracked 
|  48|0x00000000a3000000, 0x00000000a3000000, 0x00000000a3100000|  0%| F|  |TAMS 0x00000000a3000000, 0x00000000a3000000| Untracked 
|  49|0x00000000a3100000, 0x00000000a3100000, 0x00000000a3200000|  0%| F|  |TAMS 0x00000000a3100000, 0x00000000a3100000| Untracked 
|  50|0x00000000a3200000, 0x00000000a3200000, 0x00000000a3300000|  0%| F|  |TAMS 0x00000000a3200000, 0x00000000a3200000| Untracked 
|  51|0x00000000a3300000, 0x00000000a3300000, 0x00000000a3400000|  0%| F|  |TAMS 0x00000000a3300000, 0x00000000a3300000| Untracked 
|  52|0x00000000a3400000, 0x00000000a3400000, 0x00000000a3500000|  0%| F|  |TAMS 0x00000000a3400000, 0x00000000a3400000| Untracked 
|  53|0x00000000a3500000, 0x00000000a3500000, 0x00000000a3600000|  0%| F|  |TAMS 0x00000000a3500000, 0x00000000a3500000| Untracked 
|  54|0x00000000a3600000, 0x00000000a3600000, 0x00000000a3700000|  0%| F|  |TAMS 0x00000000a3600000, 0x00000000a3600000| Untracked 
|  55|0x00000000a3700000, 0x00000000a3700000, 0x00000000a3800000|  0%| F|  |TAMS 0x00000000a3700000, 0x00000000a3700000| Untracked 
|  56|0x00000000a3800000, 0x00000000a3800000, 0x00000000a3900000|  0%| F|  |TAMS 0x00000000a3800000, 0x00000000a3800000| Untracked 
|  57|0x00000000a3900000, 0x00000000a3900000, 0x00000000a3a00000|  0%| F|  |TAMS 0x00000000a3900000, 0x00000000a3900000| Untracked 
|  58|0x00000000a3a00000, 0x00000000a3a00000, 0x00000000a3b00000|  0%| F|  |TAMS 0x00000000a3a00000, 0x00000000a3a00000| Untracked 
|  59|0x00000000a3b00000, 0x00000000a3b00000, 0x00000000a3c00000|  0%| F|  |TAMS 0x00000000a3b00000, 0x00000000a3b00000| Untracked 
|  60|0x00000000a3c00000, 0x00000000a3c00000, 0x00000000a3d00000|  0%| F|  |TAMS 0x00000000a3c00000, 0x00000000a3c00000| Untracked 
|  61|0x00000000a3d00000, 0x00000000a3d00000, 0x00000000a3e00000|  0%| F|  |TAMS 0x00000000a3d00000, 0x00000000a3d00000| Untracked 
|  62|0x00000000a3e00000, 0x00000000a3e00000, 0x00000000a3f00000|  0%| F|  |TAMS 0x00000000a3e00000, 0x00000000a3e00000| Untracked 
|  63|0x00000000a3f00000, 0x00000000a3f00000, 0x00000000a4000000|  0%| F|  |TAMS 0x00000000a3f00000, 0x00000000a3f00000| Untracked 
|  64|0x00000000a4000000, 0x00000000a4000000, 0x00000000a4100000|  0%| F|  |TAMS 0x00000000a4000000, 0x00000000a4000000| Untracked 
|  65|0x00000000a4100000, 0x00000000a4100000, 0x00000000a4200000|  0%| F|  |TAMS 0x00000000a4100000, 0x00000000a4100000| Untracked 
|  66|0x00000000a4200000, 0x00000000a4200000, 0x00000000a4300000|  0%| F|  |TAMS 0x00000000a4200000, 0x00000000a4200000| Untracked 
|  67|0x00000000a4300000, 0x00000000a436e5e0, 0x00000000a4400000| 43%| E|  |TAMS 0x00000000a4300000, 0x00000000a4300000| Complete 
|  68|0x00000000a4400000, 0x00000000a4500000, 0x00000000a4500000|100%| E|CS|TAMS 0x00000000a4400000, 0x00000000a4400000| Complete 
|  69|0x00000000a4500000, 0x00000000a4600000, 0x00000000a4600000|100%| E|CS|TAMS 0x00000000a4500000, 0x00000000a4500000| Complete 
|  70|0x00000000a4600000, 0x00000000a4700000, 0x00000000a4700000|100%| E|CS|TAMS 0x00000000a4600000, 0x00000000a4600000| Complete 
|  71|0x00000000a4700000, 0x00000000a4800000, 0x00000000a4800000|100%| E|CS|TAMS 0x00000000a4700000, 0x00000000a4700000| Complete 
|  72|0x00000000a4800000, 0x00000000a4900000, 0x00000000a4900000|100%| E|CS|TAMS 0x00000000a4800000, 0x00000000a4800000| Complete 
|  73|0x00000000a4900000, 0x00000000a4a00000, 0x00000000a4a00000|100%| E|CS|TAMS 0x00000000a4900000, 0x00000000a4900000| Complete 
|  74|0x00000000a4a00000, 0x00000000a4b00000, 0x00000000a4b00000|100%| E|CS|TAMS 0x00000000a4a00000, 0x00000000a4a00000| Complete 
|  75|0x00000000a4b00000, 0x00000000a4c00000, 0x00000000a4c00000|100%| E|CS|TAMS 0x00000000a4b00000, 0x00000000a4b00000| Complete 
|  76|0x00000000a4c00000, 0x00000000a4d00000, 0x00000000a4d00000|100%| E|CS|TAMS 0x00000000a4c00000, 0x00000000a4c00000| Complete 
|  77|0x00000000a4d00000, 0x00000000a4e00000, 0x00000000a4e00000|100%| E|CS|TAMS 0x00000000a4d00000, 0x00000000a4d00000| Complete 
|  78|0x00000000a4e00000, 0x00000000a4f00000, 0x00000000a4f00000|100%| E|CS|TAMS 0x00000000a4e00000, 0x00000000a4e00000| Complete 
|  79|0x00000000a4f00000, 0x00000000a5000000, 0x00000000a5000000|100%| E|CS|TAMS 0x00000000a4f00000, 0x00000000a4f00000| Complete 
|  80|0x00000000a5000000, 0x00000000a5100000, 0x00000000a5100000|100%| E|CS|TAMS 0x00000000a5000000, 0x00000000a5000000| Complete 
|  81|0x00000000a5100000, 0x00000000a5200000, 0x00000000a5200000|100%| E|CS|TAMS 0x00000000a5100000, 0x00000000a5100000| Complete 
|  82|0x00000000a5200000, 0x00000000a5300000, 0x00000000a5300000|100%| E|CS|TAMS 0x00000000a5200000, 0x00000000a5200000| Complete 
|  83|0x00000000a5300000, 0x00000000a5400000, 0x00000000a5400000|100%| E|CS|TAMS 0x00000000a5300000, 0x00000000a5300000| Complete 
|  84|0x00000000a5400000, 0x00000000a5500000, 0x00000000a5500000|100%| E|CS|TAMS 0x00000000a5400000, 0x00000000a5400000| Complete 
|  85|0x00000000a5500000, 0x00000000a5600000, 0x00000000a5600000|100%| E|CS|TAMS 0x00000000a5500000, 0x00000000a5500000| Complete 
|  86|0x00000000a5600000, 0x00000000a5700000, 0x00000000a5700000|100%| E|CS|TAMS 0x00000000a5600000, 0x00000000a5600000| Complete 
|  87|0x00000000a5700000, 0x00000000a5800000, 0x00000000a5800000|100%| E|CS|TAMS 0x00000000a5700000, 0x00000000a5700000| Complete 
|  88|0x00000000a5800000, 0x00000000a5900000, 0x00000000a5900000|100%| E|CS|TAMS 0x00000000a5800000, 0x00000000a5800000| Complete 
|  89|0x00000000a5900000, 0x00000000a5a00000, 0x00000000a5a00000|100%| E|CS|TAMS 0x00000000a5900000, 0x00000000a5900000| Complete 
|  90|0x00000000a5a00000, 0x00000000a5b00000, 0x00000000a5b00000|100%| S|CS|TAMS 0x00000000a5a00000, 0x00000000a5a00000| Complete 
|  91|0x00000000a5b00000, 0x00000000a5c00000, 0x00000000a5c00000|100%| S|CS|TAMS 0x00000000a5b00000, 0x00000000a5b00000| Complete 
|  92|0x00000000a5c00000, 0x00000000a5d00000, 0x00000000a5d00000|100%| S|CS|TAMS 0x00000000a5c00000, 0x00000000a5c00000| Complete 
|  93|0x00000000a5d00000, 0x00000000a5e00000, 0x00000000a5e00000|100%| E|CS|TAMS 0x00000000a5d00000, 0x00000000a5d00000| Complete 
|  94|0x00000000a5e00000, 0x00000000a5f00000, 0x00000000a5f00000|100%| E|CS|TAMS 0x00000000a5e00000, 0x00000000a5e00000| Complete 
|  95|0x00000000a5f00000, 0x00000000a6000000, 0x00000000a6000000|100%| E|CS|TAMS 0x00000000a5f00000, 0x00000000a5f00000| Complete 

Card table byte_map: [0x0000025ed8690000,0x0000025ed8990000] _byte_map_base: 0x0000025ed8190000

Marking Bits (Prev, Next): (CMBitMap*) 0x0000025ec365c810, (CMBitMap*) 0x0000025ec365c7d8
 Prev Bits: [0x0000025eda490000, 0x0000025edbc90000)
 Next Bits: [0x0000025ed8c90000, 0x0000025eda490000)

Polling page: 0x0000025ec3470000

Metaspace:

Usage:
  Non-class:     20.14 MB capacity,    19.82 MB ( 98%) used,   281.74 KB (  1%) free+waste,    39.94 KB ( <1%) overhead. 
      Class:      3.07 MB capacity,     2.87 MB ( 94%) used,   177.70 KB (  6%) free+waste,    19.81 KB ( <1%) overhead. 
       Both:     23.20 MB capacity,    22.70 MB ( 98%) used,   459.45 KB (  2%) free+waste,    59.75 KB ( <1%) overhead. 

Virtual space:
  Non-class space:       22.00 MB reserved,      20.17 MB ( 92%) committed 
      Class space:        1.00 GB reserved,       3.07 MB ( <1%) committed 
             Both:        1.02 GB reserved,      23.25 MB (  2%) committed 

Chunk freelists:
   Non-Class:  37.00 KB
       Class:  0 bytes
        Both:  37.00 KB

MaxMetaspaceSize: 17179869184.00 GB
CompressedClassSpaceSize: 1.00 GB
Initial GC threshold: 20.80 MB
Current GC threshold: 35.20 MB
CDS: off

CodeHeap 'non-profiled nmethods': size=120000Kb used=878Kb max_used=878Kb free=119121Kb
 bounds [0x0000025ed0400000, 0x0000025ed0670000, 0x0000025ed7930000]
CodeHeap 'profiled nmethods': size=120000Kb used=4269Kb max_used=4269Kb free=115730Kb
 bounds [0x0000025ec8ed0000, 0x0000025ec9300000, 0x0000025ed0400000]
CodeHeap 'non-nmethods': size=5760Kb used=1211Kb max_used=1221Kb free=4548Kb
 bounds [0x0000025ec8930000, 0x0000025ec8ba0000, 0x0000025ec8ed0000]
 total_blobs=2502 nmethods=2019 adapters=395
 compilation: enabled
              stopped_count=0, restarted_count=0
 full_count=0

Compilation events (20 events):
Event: 3.560 Thread 0x0000025ede764000 1997       3       java.util.concurrent.ConcurrentHashMap::<init> (73 bytes)
Event: 3.561 Thread 0x0000025ede764000 nmethod 1997 0x0000025ec92e7410 code [0x0000025ec92e7640, 0x0000025ec92e7bb8]
Event: 3.565 Thread 0x0000025ede764000 2002       3       java.lang.invoke.LambdaForm::returnType (26 bytes)
Event: 3.565 Thread 0x0000025ede764000 nmethod 2002 0x0000025ec92e7d90 code [0x0000025ec92e7f40, 0x0000025ec92e80b8]
Event: 3.579 Thread 0x0000025ede764000 2005       3       sun.reflect.annotation.AnnotationType::getInstance (65 bytes)
Event: 3.580 Thread 0x0000025ede764000 nmethod 2005 0x0000025ec92e8190 code [0x0000025ec92e83a0, 0x0000025ec92e8988]
Event: 3.580 Thread 0x0000025ede764000 2007       3       sun.reflect.generics.parser.SignatureParser::parseClassTypeSignature (118 bytes)
Event: 3.582 Thread 0x0000025ede764000 nmethod 2007 0x0000025ec92e8c10 code [0x0000025ec92e9020, 0x0000025ec92ea8b8]
Event: 3.582 Thread 0x0000025ede764000 2010       3       jdk.internal.reflect.UTF8::utf8Length (81 bytes)
Event: 3.583 Thread 0x0000025ede764000 nmethod 2010 0x0000025ec92eb210 code [0x0000025ec92eb460, 0x0000025ec92ebcf8]
Event: 3.583 Thread 0x0000025ede764000 2011       3       jdk.internal.reflect.ByteVectorImpl::getLength (7 bytes)
Event: 3.584 Thread 0x0000025ede764000 nmethod 2011 0x0000025ec92ec090 code [0x0000025ec92ec240, 0x0000025ec92ec338]
Event: 3.584 Thread 0x0000025ede764000 2008       3       sun.reflect.generics.factory.CoreReflectionFactory::getDeclsLoader (85 bytes)
Event: 3.585 Thread 0x0000025ede764000 nmethod 2008 0x0000025ec92ec410 code [0x0000025ec92ec7a0, 0x0000025ec92ee538]
Event: 3.585 Thread 0x0000025ede764000 2009       3       sun.reflect.generics.parser.SignatureParser::parseTypeSignature (130 bytes)
Event: 3.585 Thread 0x0000025ede764000 nmethod 2009 0x0000025ec92eec10 code [0x0000025ec92eee00, 0x0000025ec92ef268]
Event: 3.585 Thread 0x0000025ede764000 2006       3       java.nio.ByteBuffer::limit (6 bytes)
Event: 3.585 Thread 0x0000025ede764000 nmethod 2006 0x0000025ec92ef390 code [0x0000025ec92ef540, 0x0000025ec92ef6e8]
Event: 3.585 Thread 0x0000025ede764000 2012       3       java.lang.reflect.Constructor::newInstance (76 bytes)
Event: 3.586 Thread 0x0000025ede764000 nmethod 2012 0x0000025ec92ef790 code [0x0000025ec92ef9a0, 0x0000025ec92efdd8]

GC Heap History (8 events):
Event: 0.882 GC heap before
{Heap before GC invocations=0 (full 0):
 garbage-first heap   total 98304K, used 29696K [0x00000000a0000000, 0x0000000100000000)
  region size 1024K, 24 young (24576K), 0 survivors (0K)
 Metaspace       used 10096K, capacity 10339K, committed 10624K, reserved 1058816K
  class space    used 1035K, capacity 1106K, committed 1152K, reserved 1048576K
}
Event: 0.890 GC heap after
{Heap after GC invocations=1 (full 0):
 garbage-first heap   total 98304K, used 9255K [0x00000000a0000000, 0x0000000100000000)
  region size 1024K, 3 young (3072K), 3 survivors (3072K)
 Metaspace       used 10096K, capacity 10339K, committed 10624K, reserved 1058816K
  class space    used 1035K, capacity 1106K, committed 1152K, reserved 1048576K
}
Event: 1.625 GC heap before
{Heap before GC invocations=1 (full 0):
 garbage-first heap   total 98304K, used 64551K [0x00000000a0000000, 0x0000000100000000)
  region size 1024K, 57 young (58368K), 3 survivors (3072K)
 Metaspace       used 12032K, capacity 12315K, committed 12416K, reserved 1060864K
  class space    used 1308K, capacity 1381K, committed 1408K, reserved 1048576K
}
Event: 1.634 GC heap after
{Heap after GC invocations=2 (full 0):
 garbage-first heap   total 98304K, used 14109K [0x00000000a0000000, 0x0000000100000000)
  region size 1024K, 8 young (8192K), 8 survivors (8192K)
 Metaspace       used 12032K, capacity 12315K, committed 12416K, reserved 1060864K
  class space    used 1308K, capacity 1381K, committed 1408K, reserved 1048576K
}
Event: 3.279 GC heap before
{Heap before GC invocations=2 (full 0):
 garbage-first heap   total 98304K, used 62237K [0x00000000a0000000, 0x0000000100000000)
  region size 1024K, 56 young (57344K), 8 survivors (8192K)
 Metaspace       used 20444K, capacity 20893K, committed 21120K, reserved 1067008K
  class space    used 2484K, capacity 2648K, committed 2688K, reserved 1048576K
}
Event: 3.287 GC heap after
{Heap after GC invocations=3 (full 0):
 garbage-first heap   total 98304K, used 17092K [0x00000000a0000000, 0x0000000100000000)
  region size 1024K, 3 young (3072K), 3 survivors (3072K)
 Metaspace       used 20444K, capacity 20893K, committed 21120K, reserved 1067008K
  class space    used 2484K, capacity 2648K, committed 2688K, reserved 1048576K
}
Event: 3.333 GC heap before
{Heap before GC invocations=3 (full 0):
 garbage-first heap   total 98304K, used 19140K [0x00000000a0000000, 0x0000000100000000)
  region size 1024K, 6 young (6144K), 3 survivors (3072K)
 Metaspace       used 20772K, capacity 21199K, committed 21296K, reserved 1069056K
  class space    used 2528K, capacity 2686K, committed 2688K, reserved 1048576K
}
Event: 3.337 GC heap after
{Heap after GC invocations=4 (full 0):
 garbage-first heap   total 98304K, used 17111K [0x00000000a0000000, 0x0000000100000000)
  region size 1024K, 3 young (3072K), 3 survivors (3072K)
 Metaspace       used 20772K, capacity 21199K, committed 21296K, reserved 1069056K
  class space    used 2528K, capacity 2686K, committed 2688K, reserved 1048576K
}

Deoptimization events (20 events):
Event: 3.299 Thread 0x0000025ee11df800 Uncommon trap: trap_request=0xffffff4d fr.pc=0x0000025ed04663e0 relative=0x0000000000000a40
Event: 3.299 Thread 0x0000025ee11df800 Uncommon trap: reason=unstable_if action=reinterpret pc=0x0000025ed04663e0 method=java.io.WinNTFileSystem.resolve(Ljava/lang/String;Ljava/lang/String;)Ljava/lang/String; @ 19 c2
Event: 3.299 Thread 0x0000025ee11df800 DEOPT PACKING pc=0x0000025ed04663e0 sp=0x000000eb0dbfb040
Event: 3.299 Thread 0x0000025ee11df800 DEOPT UNPACKING pc=0x0000025ec897a1af sp=0x000000eb0dbfafd8 mode 2
Event: 3.300 Thread 0x0000025ee11df800 Uncommon trap: trap_request=0xffffffc6 fr.pc=0x0000025ed04707a4 relative=0x0000000000000084
Event: 3.300 Thread 0x0000025ee11df800 Uncommon trap: reason=bimorphic_or_optimized_type_check action=maybe_recompile pc=0x0000025ed04707a4 method=java.util.AbstractList$Itr.hasNext()Z @ 8 c2
Event: 3.300 Thread 0x0000025ee11df800 DEOPT PACKING pc=0x0000025ed04707a4 sp=0x000000eb0dbfa600
Event: 3.300 Thread 0x0000025ee11df800 DEOPT UNPACKING pc=0x0000025ec897a1af sp=0x000000eb0dbfa598 mode 2
Event: 3.300 Thread 0x0000025ee11df800 Uncommon trap: trap_request=0xffffffc6 fr.pc=0x0000025ed046f974 relative=0x0000000000000134
Event: 3.300 Thread 0x0000025ee11df800 Uncommon trap: reason=bimorphic_or_optimized_type_check action=maybe_recompile pc=0x0000025ed046f974 method=java.util.AbstractList$Itr.next()Ljava/lang/Object; @ 14 c2
Event: 3.300 Thread 0x0000025ee11df800 DEOPT PACKING pc=0x0000025ed046f974 sp=0x000000eb0dbfa5f0
Event: 3.300 Thread 0x0000025ee11df800 DEOPT UNPACKING pc=0x0000025ec897a1af sp=0x000000eb0dbfa588 mode 2
Event: 3.300 Thread 0x0000025ee11df800 Uncommon trap: trap_request=0xffffff4d fr.pc=0x0000025ed046e0fc relative=0x000000000000063c
Event: 3.300 Thread 0x0000025ee11df800 Uncommon trap: reason=unstable_if action=reinterpret pc=0x0000025ed046e0fc method=java.io.File.getName()Ljava/lang/String; @ 16 c2
Event: 3.300 Thread 0x0000025ee11df800 DEOPT PACKING pc=0x0000025ed046e0fc sp=0x000000eb0dbfafd0
Event: 3.300 Thread 0x0000025ee11df800 DEOPT UNPACKING pc=0x0000025ec897a1af sp=0x000000eb0dbfafa0 mode 2
Event: 3.408 Thread 0x0000025ee11df800 Uncommon trap: trap_request=0xffffff4d fr.pc=0x0000025ed04c2418 relative=0x0000000000000398
Event: 3.408 Thread 0x0000025ee11df800 Uncommon trap: reason=unstable_if action=reinterpret pc=0x0000025ed04c2418 method=jdk.internal.org.objectweb.asm.Type.getArgumentsAndReturnSizes(Ljava/lang/String;)I @ 88 c2
Event: 3.408 Thread 0x0000025ee11df800 DEOPT PACKING pc=0x0000025ed04c2418 sp=0x000000eb0dbf9520
Event: 3.408 Thread 0x0000025ee11df800 DEOPT UNPACKING pc=0x0000025ec897a1af sp=0x000000eb0dbf94a8 mode 2

Classes redefined (0 events):
No events

Internal exceptions (20 events):
Event: 0.682 Thread 0x0000025ec3622800 Exception <a 'java/lang/NoSuchMethodError'{0x00000000a4dcc378}: 'java.lang.Object java.lang.invoke.Invokers$Holder.invoker(java.lang.Object, java.lang.Object, java.lang.Object)'> (0x00000000a4dcc378) thrown at [./src/hotspot/share/interpreter/linkResolver.cpp, line 773]
Event: 0.687 Thread 0x0000025ec3622800 Exception <a 'java/lang/NoSuchMethodError'{0x00000000a4ddd3f0}: 'void java.lang.invoke.DelegatingMethodHandle$Holder.delegate(java.lang.Object, java.lang.Object, int, java.lang.Object)'> (0x00000000a4ddd3f0) thrown at [./src/hotspot/share/interpreter/linkResolver.cpp, line 773]
Event: 1.451 Thread 0x0000025ec3622800 Exception <a 'java/security/PrivilegedActionException'{0x00000000a37a8ac0}> (0x00000000a37a8ac0) thrown at [./src/hotspot/share/prims/jvm.cpp, line 1306]
Event: 1.451 Thread 0x0000025ec3622800 Exception <a 'java/security/PrivilegedActionException'{0x00000000a37a9038}> (0x00000000a37a9038) thrown at [./src/hotspot/share/prims/jvm.cpp, line 1306]
Event: 1.711 Thread 0x0000025ec3622800 Exception <a 'java/lang/NoSuchMethodError'{0x00000000a5e705d8}: 'java.lang.Object java.lang.invoke.DirectMethodHandle$Holder.invokeStaticInit(java.lang.Object, java.lang.Object, java.lang.Object)'> (0x00000000a5e705d8) thrown at [./src/hotspot/share/interpreter/linkResolver.cpp, line 773]
Event: 2.005 Thread 0x0000025ec3622800 Exception <a 'java/lang/NoSuchMethodError'{0x00000000a58fa480}: 'java.lang.Object java.lang.invoke.DirectMethodHandle$Holder.invokeStaticInit(java.lang.Object, int, int, int, int)'> (0x00000000a58fa480) thrown at [./src/hotspot/share/interpreter/linkResolver.cpp, line 773]
Event: 2.501 Thread 0x0000025ec3622800 Exception <a 'java/lang/NoSuchMethodError'{0x00000000a57b8d50}: 'java.lang.Object java.lang.invoke.DirectMethodHandle$Holder.invokeStaticInit(java.lang.Object, java.lang.Object, int, int, int, int)'> (0x00000000a57b8d50) thrown at [./src/hotspot/share/interpreter/linkResolver.cpp, line 773]
Event: 2.814 Thread 0x0000025ec3622800 Exception <a 'java/io/IOException'{0x00000000a5406180}> (0x00000000a5406180) thrown at [./src/hotspot/share/prims/jni.cpp, line 616]
Event: 2.940 Thread 0x0000025ee11df800 Exception <a 'java/lang/NoSuchMethodError'{0x00000000a4ee79b8}: 'long java.lang.invoke.DirectMethodHandle$Holder.invokeInterface(java.lang.Object, java.lang.Object)'> (0x00000000a4ee79b8) thrown at [./src/hotspot/share/interpreter/linkResolver.cpp, line 773]
Event: 2.941 Thread 0x0000025ee11df800 Exception <a 'java/lang/NoSuchMethodError'{0x00000000a4ef4d28}: 'void java.lang.invoke.DelegatingMethodHandle$Holder.reinvoke_L(java.lang.Object, java.lang.Object, java.lang.Object, java.lang.Object, java.lang.Object, java.lang.Object, java.lang.Object)'> (0x00000000a4ef4d28) thrown at [./src/hotspot/share/interpreter/linkResolver.cpp, line 773]
Event: 3.208 Thread 0x0000025ee11df800 Exception <a 'java/lang/NoSuchMethodError'{0x00000000a34f40b0}: 'void java.lang.invoke.DirectMethodHandle$Holder.invokeStaticInit(java.lang.Object)'> (0x00000000a34f40b0) thrown at [./src/hotspot/share/interpreter/linkResolver.cpp, line 773]
Event: 3.220 Thread 0x0000025ee11df800 Exception <a 'java/lang/NoSuchMethodError'{0x00000000a33a2088}: 'java.lang.Object java.lang.invoke.DirectMethodHandle$Holder.invokeStatic(java.lang.Object, java.lang.Object, java.lang.Object, int)'> (0x00000000a33a2088) thrown at [./src/hotspot/share/interpreter/linkResolver.cpp, line 773]
Event: 3.221 Thread 0x0000025ee11df800 Exception <a 'java/lang/NoSuchMethodError'{0x00000000a33a67a0}: 'java.lang.Object java.lang.invoke.DirectMethodHandle$Holder.invokeSpecial(java.lang.Object, java.lang.Object, java.lang.Object, java.lang.Object, int)'> (0x00000000a33a67a0) thrown at [./src/hotspot/share/interpreter/linkResolver.cpp, line 773]
Event: 3.221 Thread 0x0000025ee11df800 Exception <a 'java/lang/NoSuchMethodError'{0x00000000a33aa6d8}: 'java.lang.Object java.lang.invoke.Invokers$Holder.linkToTargetMethod(java.lang.Object, java.lang.Object, int, java.lang.Object)'> (0x00000000a33aa6d8) thrown at [./src/hotspot/share/interpreter/linkResolver.cpp, line 773]
Event: 3.358 Thread 0x0000025ee11df800 Exception <a 'java/lang/NoSuchMethodError'{0x00000000a5ff1888}: 'int java.lang.invoke.DirectMethodHandle$Holder.invokeSpecialIFC(java.lang.Object, java.lang.Object, java.lang.Object, java.lang.Object)'> (0x00000000a5ff1888) thrown at [./src/hotspot/share/interpreter/linkResolver.cpp, line 773]
Event: 3.360 Thread 0x0000025ee11df800 Exception <a 'java/lang/NoSuchMethodError'{0x00000000a5fff840}: 'java.lang.Object java.lang.invoke.DirectMethodHandle$Holder.invokeInterface(java.lang.Object, java.lang.Object, java.lang.Object)'> (0x00000000a5fff840) thrown at [./src/hotspot/share/interpreter/linkResolver.cpp, line 773]
Event: 3.360 Thread 0x0000025ee11df800 Exception <a 'java/lang/IncompatibleClassChangeError'{0x00000000a5e031a0}: Found class java.lang.Object, but interface was expected> (0x00000000a5e031a0) thrown at [./src/hotspot/share/interpreter/linkResolver.cpp, line 839]
Event: 3.457 Thread 0x0000025ee11df800 Exception <a 'java/lang/NoSuchMethodError'{0x00000000a5490990}: 'void java.lang.invoke.DirectMethodHandle$Holder.invokeSpecial(java.lang.Object, java.lang.Object, java.lang.Object, java.lang.Object, java.lang.Object)'> (0x00000000a5490990) thrown at [./src/hotspot/share/interpreter/linkResolver.cpp, line 773]
Event: 3.478 Thread 0x0000025ee11df800 Exception <a 'java/lang/NoSuchMethodError'{0x00000000a52bf6b8}: 'java.lang.Object java.lang.invoke.DirectMethodHandle$Holder.invokeSpecial(java.lang.Object, java.lang.Object, java.lang.Object, java.lang.Object, java.lang.Object, java.lang.Object, java.lang.Object, java.lang.Object, java.lang.Object)'> (0x00000000a52bf6b8) thrown at [./src/hotspot/share/interpreter/linkResolver.cpp, line 773]
Event: 3.565 Thread 0x0000025ee11df800 Exception <a 'java/lang/NoSuchMethodError'{0x00000000a48be2f0}: 'java.lang.Object java.lang.invoke.DirectMethodHandle$Holder.invokeVirtual(java.lang.Object, java.lang.Object, java.lang.Object, java.lang.Object)'> (0x00000000a48be2f0) thrown at [./src/hotspot/share/interpreter/linkResolver.cpp, line 773]

Events (20 events):
Event: 3.586 loading class org/gradle/internal/build/DefaultBuildLifecycleControllerFactory$1
Event: 3.586 loading class org/gradle/internal/build/DefaultBuildLifecycleControllerFactory$1 done
Event: 3.587 loading class org/gradle/invocation/DefaultGradle
Event: 3.587 loading class org/gradle/invocation/DefaultGradle done
Event: 3.588 loading class org/gradle/api/internal/project/AbstractPluginAware
Event: 3.588 loading class org/gradle/api/internal/project/AbstractPluginAware done
Event: 3.589 loading class org/gradle/internal/instantiation/generator/AbstractClassGenerator$ServicesPropertyHandler
Event: 3.589 loading class org/gradle/internal/instantiation/generator/AbstractClassGenerator$ServicesPropertyHandler done
Event: 3.589 loading class org/gradle/internal/instantiation/generator/AbstractClassGenerator$ClassGenerationHandler
Event: 3.589 loading class org/gradle/internal/instantiation/generator/AbstractClassGenerator$ClassGenerationHandler done
Event: 3.590 loading class org/gradle/internal/instantiation/generator/AbstractClassGenerator$InjectAnnotationPropertyHandler
Event: 3.590 loading class org/gradle/internal/instantiation/generator/AbstractClassGenerator$InjectAnnotationPropertyHandler done
Event: 3.590 loading class org/gradle/internal/instantiation/generator/AbstractClassGenerator$AbstractInjectedPropertyHandler
Event: 3.590 loading class org/gradle/internal/instantiation/generator/AbstractClassGenerator$AbstractInjectedPropertyHandler done
Event: 3.590 loading class org/gradle/internal/instantiation/generator/AbstractClassGenerator$PropertyTypePropertyHandler
Event: 3.590 loading class org/gradle/internal/instantiation/generator/AbstractClassGenerator$PropertyTypePropertyHandler done
Event: 3.591 loading class org/gradle/internal/instantiation/generator/AbstractClassGenerator$ManagedPropertiesHandler
Event: 3.591 loading class org/gradle/internal/instantiation/generator/AbstractClassGenerator$ManagedPropertiesHandler done
Event: 3.591 loading class org/gradle/internal/instantiation/generator/AbstractClassGenerator$NamePropertyHandler
Event: 3.591 loading class org/gradle/internal/instantiation/generator/AbstractClassGenerator$NamePropertyHandler done


Dynamic libraries:
0x00007ff71bf60000 - 0x00007ff71bf6a000 	C:\Program Files\Android\Android Studio\jre\bin\java.exe
0x00007ff87a270000 - 0x00007ff87a45d000 	C:\Windows\SYSTEM32\ntdll.dll
0x00007ff848780000 - 0x00007ff848797000 	C:\Program Files\Avast Software\Avast\aswhook.dll
0x00007ff877d50000 - 0x00007ff877e03000 	C:\Windows\System32\KERNEL32.DLL
0x00007ff877090000 - 0x00007ff877323000 	C:\Windows\System32\KERNELBASE.dll
0x00007ff877330000 - 0x00007ff87742c000 	C:\Windows\System32\ucrtbase.dll
0x00007ff8715e0000 - 0x00007ff8715f7000 	C:\Program Files\Android\Android Studio\jre\bin\VCRUNTIME140.dll
0x00007ff871760000 - 0x00007ff871779000 	C:\Program Files\Android\Android Studio\jre\bin\jli.dll
0x00007ff878860000 - 0x00007ff8789f7000 	C:\Windows\System32\USER32.dll
0x00007ff85dbc0000 - 0x00007ff85de39000 	C:\Windows\WinSxS\amd64_microsoft.windows.common-controls_6595b64144ccf1df_6.0.17763.316_none_05b53be2071f46b6\COMCTL32.dll
0x00007ff876fe0000 - 0x00007ff877000000 	C:\Windows\System32\win32u.dll
0x00007ff878a00000 - 0x00007ff878a29000 	C:\Windows\System32\GDI32.dll
0x00007ff8766a0000 - 0x00007ff87683a000 	C:\Windows\System32\gdi32full.dll
0x00007ff876600000 - 0x00007ff8766a0000 	C:\Windows\System32\msvcp_win.dll
0x00007ff878760000 - 0x00007ff8787fe000 	C:\Windows\System32\msvcrt.dll
0x00007ff878120000 - 0x00007ff87844d000 	C:\Windows\System32\combase.dll
0x00007ff877e80000 - 0x00007ff877fa2000 	C:\Windows\System32\RPCRT4.dll
0x00007ff877450000 - 0x00007ff8774ce000 	C:\Windows\System32\bcryptPrimitives.dll
0x00007ff877d20000 - 0x00007ff877d4e000 	C:\Windows\System32\IMM32.DLL
0x00007ff869530000 - 0x00007ff8695cd000 	C:\Program Files\Android\Android Studio\jre\bin\msvcp140.dll
0x00007ff81f130000 - 0x00007ff81fc32000 	C:\Program Files\Android\Android Studio\jre\bin\server\jvm.dll
0x00007ff87a1b0000 - 0x00007ff87a253000 	C:\Windows\System32\ADVAPI32.dll
0x00007ff878a40000 - 0x00007ff878ade000 	C:\Windows\System32\sechost.dll
0x00007ff87a260000 - 0x00007ff87a268000 	C:\Windows\System32\PSAPI.DLL
0x00007ff866560000 - 0x00007ff866569000 	C:\Windows\SYSTEM32\WSOCK32.dll
0x00007ff873fc0000 - 0x00007ff873fe4000 	C:\Windows\SYSTEM32\WINMM.dll
0x00007ff871350000 - 0x00007ff87135a000 	C:\Windows\SYSTEM32\VERSION.dll
0x00007ff877e10000 - 0x00007ff877e7d000 	C:\Windows\System32\ws2_32.DLL
0x00007ff873f90000 - 0x00007ff873fbd000 	C:\Windows\SYSTEM32\WINMMBASE.dll
0x00007ff876840000 - 0x00007ff87688a000 	C:\Windows\System32\cfgmgr32.dll
0x00007ff8762a0000 - 0x00007ff8762b1000 	C:\Windows\System32\kernel.appcore.dll
0x00007ff84f6e0000 - 0x00007ff84f6f1000 	C:\Program Files\Android\Android Studio\jre\bin\verify.dll
0x00007ff86d710000 - 0x00007ff86d8fd000 	C:\Windows\SYSTEM32\DBGHELP.DLL
0x00007ff869de0000 - 0x00007ff869e0a000 	C:\Windows\SYSTEM32\dbgcore.DLL
0x00007ff83b960000 - 0x00007ff83b989000 	C:\Program Files\Android\Android Studio\jre\bin\java.dll
0x00007ff861660000 - 0x00007ff86166b000 	C:\Program Files\Android\Android Studio\jre\bin\jimage.dll
0x00007ff83b940000 - 0x00007ff83b958000 	C:\Program Files\Android\Android Studio\jre\bin\zip.dll
0x00007ff878be0000 - 0x00007ff87a0cf000 	C:\Windows\System32\SHELL32.dll
0x00007ff878450000 - 0x00007ff8784f8000 	C:\Windows\System32\shcore.dll
0x00007ff876890000 - 0x00007ff876fda000 	C:\Windows\System32\windows.storage.dll
0x00007ff876320000 - 0x00007ff876344000 	C:\Windows\System32\profapi.dll
0x00007ff8762c0000 - 0x00007ff87631d000 	C:\Windows\System32\powrprof.dll
0x00007ff878ae0000 - 0x00007ff878b32000 	C:\Windows\System32\shlwapi.dll
0x00007ff877430000 - 0x00007ff877447000 	C:\Windows\System32\cryptsp.dll
0x00007ff83b8d0000 - 0x00007ff83b8ea000 	C:\Program Files\Android\Android Studio\jre\bin\net.dll
0x00007ff869b70000 - 0x00007ff869c61000 	C:\Windows\SYSTEM32\WINHTTP.dll
0x00007ff875ad0000 - 0x00007ff875b37000 	C:\Windows\system32\mswsock.dll
0x00007ff83b820000 - 0x00007ff83b834000 	C:\Program Files\Android\Android Studio\jre\bin\nio.dll
0x00007ff8745e0000 - 0x00007ff874607000 	C:\Users\Artem\StudioProjects\CoolNews\native\e1d6ef7f7dcc3fd88c89a11ec53ec762bb8ba0a96d01ffa2cd45eb1d1d8dd5c5\windows-amd64\native-platform.dll
0x00007ff85f280000 - 0x00007ff85f3c4000 	C:\Users\Artem\StudioProjects\CoolNews\native\0d407fdbe67a94daf76414ababcb853783967236a71b16ec16e742cd7a986fd3\windows-amd64\native-platform-file-events.dll
0x00007ff858b80000 - 0x00007ff858b8a000 	C:\Program Files\Android\Android Studio\jre\bin\management.dll
0x00007ff84f6d0000 - 0x00007ff84f6dd000 	C:\Program Files\Android\Android Studio\jre\bin\management_ext.dll
0x00007ff875690000 - 0x00007ff8756c3000 	C:\Windows\system32\rsaenh.dll
0x00007ff877000000 - 0x00007ff877026000 	C:\Windows\System32\bcrypt.dll
0x00007ff8761d0000 - 0x00007ff8761f8000 	C:\Windows\SYSTEM32\USERENV.dll
0x00007ff875ca0000 - 0x00007ff875cac000 	C:\Windows\SYSTEM32\CRYPTBASE.dll
0x00007ff875830000 - 0x00007ff87586d000 	C:\Windows\SYSTEM32\IPHLPAPI.DLL
0x00007ff877600000 - 0x00007ff877608000 	C:\Windows\System32\NSI.dll
0x00007ff86b7c0000 - 0x00007ff86b7d6000 	C:\Windows\SYSTEM32\dhcpcsvc6.DLL
0x00007ff86be40000 - 0x00007ff86be5c000 	C:\Windows\SYSTEM32\dhcpcsvc.DLL
0x00007ff875870000 - 0x00007ff875936000 	C:\Windows\SYSTEM32\DNSAPI.dll

dbghelp: loaded successfully - version: 4.0.5 - missing functions: none
symbol engine: initialized successfully - sym options: 0x614 - pdb path: .;C:\Program Files\Android\Android Studio\jre\bin;C:\Windows\SYSTEM32;C:\Program Files\Avast Software\Avast;C:\Windows\WinSxS\amd64_microsoft.windows.common-controls_6595b64144ccf1df_6.0.17763.316_none_05b53be2071f46b6;C:\Program Files\Android\Android Studio\jre\bin\server;C:\Users\Artem\StudioProjects\CoolNews\native\e1d6ef7f7dcc3fd88c89a11ec53ec762bb8ba0a96d01ffa2cd45eb1d1d8dd5c5\windows-amd64;C:\Users\Artem\StudioProjects\CoolNews\native\0d407fdbe67a94daf76414ababcb853783967236a71b16ec16e742cd7a986fd3\windows-amd64

VM Arguments:
jvm_args: --add-opens=java.base/java.util=ALL-UNNAMED --add-opens=java.base/java.lang=ALL-UNNAMED --add-opens=java.base/java.lang.invoke=ALL-UNNAMED --add-opens=java.base/java.util=ALL-UNNAMED --add-opens=java.prefs/java.util.prefs=ALL-UNNAMED --add-opens=java.prefs/java.util.prefs=ALL-UNNAMED --add-opens=java.base/java.nio.charset=ALL-UNNAMED --add-opens=java.base/java.net=ALL-UNNAMED --add-opens=java.base/java.util.concurrent.atomic=ALL-UNNAMED -Xmx1536m -Dfile.encoding=windows-1251 -Duser.country=RU -Duser.language=ru -Duser.variant 
java_command: org.gradle.launcher.daemon.bootstrap.GradleDaemon 7.4
java_class_path (initial): C:\Users\Artem\StudioProjects\CoolNews\wrapper\dists\gradle-7.4-bin\c0gwcg53nkjbqw7r0h0umtfvt\gradle-7.4\lib\gradle-launcher-7.4.jar
Launcher Type: SUN_STANDARD

[Global flags]
     intx CICompilerCount                          = 4                                         {product} {ergonomic}
     uint ConcGCThreads                            = 2                                         {product} {ergonomic}
     uint G1ConcRefinementThreads                  = 8                                         {product} {ergonomic}
   size_t G1HeapRegionSize                         = 1048576                                   {product} {ergonomic}
    uintx GCDrainStackTargetSize                   = 64                                        {product} {ergonomic}
   size_t InitialHeapSize                          = 100663296                                 {product} {ergonomic}
   size_t MarkStackSize                            = 4194304                                   {product} {ergonomic}
   size_t MaxHeapSize                              = 1610612736                                {product} {command line}
   size_t MaxNewSize                               = 965738496                                 {product} {ergonomic}
   size_t MinHeapDeltaBytes                        = 1048576                                   {product} {ergonomic}
    uintx NonNMethodCodeHeapSize                   = 5836300                                {pd product} {ergonomic}
    uintx NonProfiledCodeHeapSize                  = 122910970                              {pd product} {ergonomic}
    uintx ProfiledCodeHeapSize                     = 122910970                              {pd product} {ergonomic}
    uintx ReservedCodeCacheSize                    = 251658240                              {pd product} {ergonomic}
     bool SegmentedCodeCache                       = true                                      {product} {ergonomic}
     bool UseCompressedClassPointers               = true                                 {lp64_product} {ergonomic}
     bool UseCompressedOops                        = true                                 {lp64_product} {ergonomic}
     bool UseG1GC                                  = true                                      {product} {ergonomic}
     bool UseLargePagesIndividualAllocation        = false                                  {pd product} {ergonomic}

Logging:
Log output configuration:
 #0: stdout all=warning uptime,level,tags
 #1: stderr all=off uptime,level,tags

Environment Variables:
PATH=C:\Windows\system32;C:\Windows;C:\Windows\System32\Wbem;C:\Windows\System32\WindowsPowerShell\v1.0\;C:\Program Files (x86)\NVIDIA Corporation\PhysX\Common;C:\Program Files\Common Files\Autodesk Shared\;C:\Program Files\Git\cmd;C:\Users\Artem\AppData\Local\Microsoft\WindowsApps;
USERNAME=Artem
OS=Windows_NT
PROCESSOR_IDENTIFIER=AMD64 Family 23 Model 24 Stepping 1, AuthenticAMD



---------------  S Y S T E M  ---------------

OS: Windows 10 , 64 bit Build 17763 (10.0.17763.292)
OS uptime: 0 days 17:05 hours

CPU:total 8 (initial active 8) (8 cores per cpu, 2 threads per core) family 23 model 24 stepping 1 microcode 0x0, cmov, cx8, fxsr, mmx, sse, sse2, sse3, ssse3, sse4.1, sse4.2, popcnt, avx, avx2, aes, clmul, mmxext, 3dnowpref, lzcnt, sse4a, ht, tsc, tscinvbit, tscinv, bmi1, bmi2, adx, sha, fma

Memory: 4k page, system-wide physical 6082M (218M free)
TotalPageFile size 10178M (AvailPageFile size 5M)
current process WorkingSet (physical memory assigned to process): 173M, peak: 173M
current process commit charge ("private bytes"): 228M, peak: 229M

vm_info: OpenJDK 64-Bit Server VM (11.0.13+0-b1751.21-8125866) for windows-amd64 JRE (11.0.13+0-b1751.21-8125866), built on Feb  2 2022 03:00:22 by "builder" with MS VC++ 14.0 (VS2015)

END.
