#
# There is insufficient memory for the Java Runtime Environment to continue.
# Native memory allocation (mmap) failed to map 38797312 bytes for Failed to commit area from 0x00000000a6e00000 to 0x00000000a9300000 of length 38797312.
# Possible reasons:
#   The system is out of physical RAM or swap space
#   The process is running with CompressedOops enabled, and the Java Heap may be blocking the growth of the native heap
# Possible solutions:
#   Reduce memory load on the system
#   Increase physical memory or swap space
#   Check if swap backing store is full
#   Decrease Java heap size (-Xmx/-Xms)
#   Decrease number of Java threads
#   Decrease Java thread stack sizes (-Xss)
#   Set larger code cache with -XX:ReservedCodeCacheSize=
#   JVM is running with Unscaled Compressed Oops mode in which the Java heap is
#     placed in the first 4GB address space. The Java Heap base address is the
#     maximum limit for the native heap growth. Please use -XX:HeapBaseMinAddress
#     to set the Java Heap base and to place the Java Heap above 4GB virtual address.
# This output file may be truncated or incomplete.
#
#  Out of Memory Error (./src/hotspot/os/windows/os_windows.cpp:3619), pid=8900, tid=11396
#
# JRE version: OpenJDK Runtime Environment (11.0.13) (build 11.0.13+0-b1751.21-8125866)
# Java VM: OpenJDK 64-Bit Server VM (11.0.13+0-b1751.21-8125866, mixed mode, tiered, compressed oops, g1 gc, windows-amd64)
# No core dump will be written. Minidumps are not enabled by default on client versions of Windows
#

---------------  S U M M A R Y ------------

Command Line: org.jetbrains.kotlin.cli.jvm.K2JVMCompiler @C:\Users\Artem\AndroidStudioProjects\LTechTestTask\app\build\20230126_2444252294767960791.compiler.options

Host: AMD Ryzen 5 3500U with Radeon Vega Mobile Gfx  , 8 cores, 5G,  Windows 10 , 64 bit Build 17763 (10.0.17763.292)
Time: Thu Jan 26 00:48:15 2023 RTZ 2 (ceia) elapsed time: 3.251597 seconds (0d 0h 0m 3s)

---------------  T H R E A D  ---------------

Current thread (0x00000211c0188800):  VMThread "VM Thread" [stack: 0x0000007280800000,0x0000007280900000] [id=11396]

Stack: [0x0000007280800000,0x0000007280900000]
[error occurred during error reporting (printing stack bounds), id 0xc0000005, EXCEPTION_ACCESS_VIOLATION (0xc0000005) at pc=0x00000211aaba1117]

Native frames: (J=compiled Java code, j=interpreted, Vv=VM code, C=native code)
V  [jvm.dll+0x6100fa]
V  [jvm.dll+0x747090]
V  [jvm.dll+0x7486ad]
V  [jvm.dll+0x748ce5]
V  [jvm.dll+0x748c9b]
V  [jvm.dll+0x60f224]
V  [jvm.dll+0x60f9b8]
C  [ntdll.dll+0xa468f]
C  [ntdll.dll+0x4bef]
C  [ntdll.dll+0xa33fe]
C  0x00000211aaba1117

VM_Operation (0x00000072802fbec0): G1CollectForAllocation, mode: safepoint, requested by thread 0x00000211a7096000


---------------  P R O C E S S  ---------------

Threads class SMR info:
_java_thread_list=0x00000211c0c81df0, length=10, elements={
0x00000211a7096000, 0x00000211c01ad800, 0x00000211c01ae800, 0x00000211c01ca000,
0x00000211c01cb000, 0x00000211c01cc800, 0x00000211c01d2800, 0x00000211c01d8800,
0x00000211c01e4800, 0x00000211c0c82800
}

Java Threads: ( => current thread )
  0x00000211a7096000 JavaThread "main" [_thread_blocked, id=6896, stack(0x0000007280200000,0x0000007280300000)]
  0x00000211c01ad800 JavaThread "Reference Handler" daemon [_thread_blocked, id=204, stack(0x0000007280900000,0x0000007280a00000)]
  0x00000211c01ae800 JavaThread "Finalizer" daemon [_thread_blocked, id=11424, stack(0x0000007280a00000,0x0000007280b00000)]
  0x00000211c01ca000 JavaThread "Signal Dispatcher" daemon [_thread_blocked, id=12864, stack(0x0000007280b00000,0x0000007280c00000)]
  0x00000211c01cb000 JavaThread "Attach Listener" daemon [_thread_blocked, id=12592, stack(0x0000007280c00000,0x0000007280d00000)]
  0x00000211c01cc800 JavaThread "Service Thread" daemon [_thread_blocked, id=3444, stack(0x0000007280d00000,0x0000007280e00000)]
  0x00000211c01d2800 JavaThread "C2 CompilerThread0" daemon [_thread_in_native, id=7760, stack(0x0000007280e00000,0x0000007280f00000)]
  0x00000211c01d8800 JavaThread "C1 CompilerThread0" daemon [_thread_blocked, id=1984, stack(0x0000007280f00000,0x0000007281000000)]
  0x00000211c01e4800 JavaThread "Sweeper thread" daemon [_thread_blocked, id=3676, stack(0x0000007281000000,0x0000007281100000)]
  0x00000211c0c82800 JavaThread "Common-Cleaner" daemon [_thread_blocked, id=12764, stack(0x0000007281200000,0x0000007281300000)]

Other Threads:
=>0x00000211c0188800 VMThread "VM Thread" [stack: 0x0000007280800000,0x0000007280900000] [id=11396]
  0x00000211c0c81000 WatcherThread [stack: 0x0000007281100000,0x0000007281200000] [id=3464]
  0x00000211a70ad800 GCTaskThread "GC Thread#0" [stack: 0x0000007280300000,0x0000007280400000] [id=7224]
  0x00000211c1345800 GCTaskThread "GC Thread#1" [stack: 0x0000007281300000,0x0000007281400000] [id=12960]
  0x00000211a70d4800 ConcurrentGCThread "G1 Main Marker" [stack: 0x0000007280400000,0x0000007280500000] [id=11724]
  0x00000211a70d5800 ConcurrentGCThread "G1 Conc#0" [stack: 0x0000007280500000,0x0000007280600000] [id=9260]
  0x00000211c2479000 ConcurrentGCThread "G1 Conc#1" [stack: 0x0000007281400000,0x0000007281500000] [id=7844]
  0x00000211a715d800 ConcurrentGCThread "G1 Refine#0" [stack: 0x0000007280600000,0x0000007280700000] [id=5408]
  0x00000211bfff3000 ConcurrentGCThread "G1 Young RemSet Sampling" [stack: 0x0000007280700000,0x0000007280800000] [id=11064]

Threads with active compile tasks:
C2 CompilerThread0   3257 2923       4       java.util.HashSet::add (20 bytes)

VM state:at safepoint (normal execution)

VM Mutex/Monitor currently owned by a thread:  ([mutex/lock_event])
[0x00000211a7090ce0] Threads_lock - owner thread: 0x00000211c0188800
[0x00000211a7090f20] Heap_lock - owner thread: 0x00000211a7096000

Heap address: 0x00000000a0e00000, size: 1522 MB, Compressed Oops mode: 32-bit
Narrow klass base: 0x0000000000000000, Narrow klass shift: 3
Compressed class space size: 1073741824 Address: 0x0000000100000000

Heap:
 garbage-first heap   total 136192K, used 28427K [0x00000000a0e00000, 0x0000000100000000)
  region size 1024K, 5 young (5120K), 5 survivors (5120K)
 Metaspace       used 42830K, capacity 43404K, committed 43520K, reserved 1087488K
  class space    used 5071K, capacity 5289K, committed 5376K, reserved 1048576K
Heap Regions: E=young(eden), S=young(survivor), O=old, HS=humongous(starts), HC=humongous(continues), CS=collection set, F=free, A=archive, TAMS=top-at-mark-start (previous, next)
|   0|0x00000000a0e00000, 0x00000000a0f00000, 0x00000000a0f00000|100%|HS|  |TAMS 0x00000000a0f00000, 0x00000000a0e00000| Complete 
|   1|0x00000000a0f00000, 0x00000000a1000000, 0x00000000a1000000|100%|HC|  |TAMS 0x00000000a1000000, 0x00000000a0f00000| Complete 
|   2|0x00000000a1000000, 0x00000000a1100000, 0x00000000a1100000|100%|HC|  |TAMS 0x00000000a1100000, 0x00000000a1000000| Complete 
|   3|0x00000000a1100000, 0x00000000a1200000, 0x00000000a1200000|100%|HC|  |TAMS 0x00000000a1200000, 0x00000000a1100000| Complete 
|   4|0x00000000a1200000, 0x00000000a1300000, 0x00000000a1300000|100%| O|  |TAMS 0x00000000a1300000, 0x00000000a1200000| Untracked 
|   5|0x00000000a1300000, 0x00000000a1400000, 0x00000000a1400000|100%| O|  |TAMS 0x00000000a1400000, 0x00000000a1300000| Untracked 
|   6|0x00000000a1400000, 0x00000000a1500000, 0x00000000a1500000|100%|HS|  |TAMS 0x00000000a1500000, 0x00000000a1400000| Complete 
|   7|0x00000000a1500000, 0x00000000a1600000, 0x00000000a1600000|100%|HC|  |TAMS 0x00000000a1600000, 0x00000000a1500000| Complete 
|   8|0x00000000a1600000, 0x00000000a1700000, 0x00000000a1700000|100%|HC|  |TAMS 0x00000000a1700000, 0x00000000a1600000| Complete 
|   9|0x00000000a1700000, 0x00000000a1800000, 0x00000000a1800000|100%|HC|  |TAMS 0x00000000a1800000, 0x00000000a1700000| Complete 
|  10|0x00000000a1800000, 0x00000000a1900000, 0x00000000a1900000|100%| O|  |TAMS 0x00000000a1900000, 0x00000000a1800000| Untracked 
|  11|0x00000000a1900000, 0x00000000a1a00000, 0x00000000a1a00000|100%| O|  |TAMS 0x00000000a1a00000, 0x00000000a1900000| Untracked 
|  12|0x00000000a1a00000, 0x00000000a1b00000, 0x00000000a1b00000|100%| O|  |TAMS 0x00000000a1b00000, 0x00000000a1a00000| Untracked 
|  13|0x00000000a1b00000, 0x00000000a1c00000, 0x00000000a1c00000|100%| O|  |TAMS 0x00000000a1c00000, 0x00000000a1b00000| Untracked 
|  14|0x00000000a1c00000, 0x00000000a1d00000, 0x00000000a1d00000|100%| O|  |TAMS 0x00000000a1d00000, 0x00000000a1c00000| Untracked 
|  15|0x00000000a1d00000, 0x00000000a1d00000, 0x00000000a1e00000|  0%| F|  |TAMS 0x00000000a1d00000, 0x00000000a1d00000| Untracked 
|  16|0x00000000a1e00000, 0x00000000a1e00000, 0x00000000a1f00000|  0%| F|  |TAMS 0x00000000a1e00000, 0x00000000a1e00000| Untracked 
|  17|0x00000000a1f00000, 0x00000000a2000000, 0x00000000a2000000|100%| O|  |TAMS 0x00000000a2000000, 0x00000000a1f00000| Untracked 
|  18|0x00000000a2000000, 0x00000000a2100000, 0x00000000a2100000|100%| O|  |TAMS 0x00000000a2100000, 0x00000000a2000000| Untracked 
|  19|0x00000000a2100000, 0x00000000a2200000, 0x00000000a2200000|100%| O|  |TAMS 0x00000000a2200000, 0x00000000a2100000| Untracked 
|  20|0x00000000a2200000, 0x00000000a2300000, 0x00000000a2300000|100%| O|  |TAMS 0x00000000a2300000, 0x00000000a2200000| Untracked 
|  21|0x00000000a2300000, 0x00000000a2400000, 0x00000000a2400000|100%| O|  |TAMS 0x00000000a23cc000, 0x00000000a2300000| Untracked 
|  22|0x00000000a2400000, 0x00000000a2500000, 0x00000000a2500000|100%| O|  |TAMS 0x00000000a2400000, 0x00000000a2400000| Untracked 
|  23|0x00000000a2500000, 0x00000000a2600000, 0x00000000a2600000|100%| O|  |TAMS 0x00000000a2500000, 0x00000000a2500000| Untracked 
|  24|0x00000000a2600000, 0x00000000a2700000, 0x00000000a2700000|100%| O|  |TAMS 0x00000000a2600000, 0x00000000a2600000| Untracked 
|  25|0x00000000a2700000, 0x00000000a2761400, 0x00000000a2800000| 37%| O|  |TAMS 0x00000000a2700000, 0x00000000a2700000| Untracked 
|  26|0x00000000a2800000, 0x00000000a2800000, 0x00000000a2900000|  0%| F|  |TAMS 0x00000000a2800000, 0x00000000a2800000| Untracked 
|  27|0x00000000a2900000, 0x00000000a2900000, 0x00000000a2a00000|  0%| F|  |TAMS 0x00000000a2900000, 0x00000000a2900000| Untracked 
|  28|0x00000000a2a00000, 0x00000000a2a00000, 0x00000000a2b00000|  0%| F|  |TAMS 0x00000000a2a00000, 0x00000000a2a00000| Untracked 
|  29|0x00000000a2b00000, 0x00000000a2b00000, 0x00000000a2c00000|  0%| F|  |TAMS 0x00000000a2b00000, 0x00000000a2b00000| Untracked 
|  30|0x00000000a2c00000, 0x00000000a2c00000, 0x00000000a2d00000|  0%| F|  |TAMS 0x00000000a2c00000, 0x00000000a2c00000| Untracked 
|  31|0x00000000a2d00000, 0x00000000a2d00000, 0x00000000a2e00000|  0%| F|  |TAMS 0x00000000a2d00000, 0x00000000a2d00000| Untracked 
|  32|0x00000000a2e00000, 0x00000000a2e00000, 0x00000000a2f00000|  0%| F|  |TAMS 0x00000000a2e00000, 0x00000000a2e00000| Untracked 
|  33|0x00000000a2f00000, 0x00000000a2f00000, 0x00000000a3000000|  0%| F|  |TAMS 0x00000000a2f00000, 0x00000000a2f00000| Untracked 
|  34|0x00000000a3000000, 0x00000000a3000000, 0x00000000a3100000|  0%| F|  |TAMS 0x00000000a3000000, 0x00000000a3000000| Untracked 
|  35|0x00000000a3100000, 0x00000000a3100000, 0x00000000a3200000|  0%| F|  |TAMS 0x00000000a3100000, 0x00000000a3100000| Untracked 
|  36|0x00000000a3200000, 0x00000000a3200000, 0x00000000a3300000|  0%| F|  |TAMS 0x00000000a3200000, 0x00000000a3200000| Untracked 
|  37|0x00000000a3300000, 0x00000000a3300000, 0x00000000a3400000|  0%| F|  |TAMS 0x00000000a3300000, 0x00000000a3300000| Untracked 
|  38|0x00000000a3400000, 0x00000000a3400000, 0x00000000a3500000|  0%| F|  |TAMS 0x00000000a3400000, 0x00000000a3400000| Untracked 
|  39|0x00000000a3500000, 0x00000000a3500000, 0x00000000a3600000|  0%| F|  |TAMS 0x00000000a3500000, 0x00000000a3500000| Untracked 
|  40|0x00000000a3600000, 0x00000000a3600000, 0x00000000a3700000|  0%| F|  |TAMS 0x00000000a3600000, 0x00000000a3600000| Untracked 
|  41|0x00000000a3700000, 0x00000000a3700000, 0x00000000a3800000|  0%| F|  |TAMS 0x00000000a3700000, 0x00000000a3700000| Untracked 
|  42|0x00000000a3800000, 0x00000000a3800000, 0x00000000a3900000|  0%| F|  |TAMS 0x00000000a3800000, 0x00000000a3800000| Untracked 
|  43|0x00000000a3900000, 0x00000000a3900000, 0x00000000a3a00000|  0%| F|  |TAMS 0x00000000a3900000, 0x00000000a3900000| Untracked 
|  44|0x00000000a3a00000, 0x00000000a3a00000, 0x00000000a3b00000|  0%| F|  |TAMS 0x00000000a3a00000, 0x00000000a3a00000| Untracked 
|  45|0x00000000a3b00000, 0x00000000a3b61ab0, 0x00000000a3c00000| 38%| S|CS|TAMS 0x00000000a3b00000, 0x00000000a3b00000| Complete 
|  46|0x00000000a3c00000, 0x00000000a3d00000, 0x00000000a3d00000|100%| S|CS|TAMS 0x00000000a3c00000, 0x00000000a3c00000| Complete 
|  47|0x00000000a3d00000, 0x00000000a3e00000, 0x00000000a3e00000|100%| S|CS|TAMS 0x00000000a3d00000, 0x00000000a3d00000| Complete 
|  48|0x00000000a3e00000, 0x00000000a3f00000, 0x00000000a3f00000|100%| S|CS|TAMS 0x00000000a3e00000, 0x00000000a3e00000| Complete 
|  49|0x00000000a3f00000, 0x00000000a4000000, 0x00000000a4000000|100%| S|CS|TAMS 0x00000000a3f00000, 0x00000000a3f00000| Complete 
|  50|0x00000000a4000000, 0x00000000a4000000, 0x00000000a4100000|  0%| F|  |TAMS 0x00000000a4000000, 0x00000000a4000000| Untracked 
|  51|0x00000000a4100000, 0x00000000a4100000, 0x00000000a4200000|  0%| F|  |TAMS 0x00000000a4100000, 0x00000000a4100000| Untracked 
|  52|0x00000000a4200000, 0x00000000a4200000, 0x00000000a4300000|  0%| F|  |TAMS 0x00000000a4200000, 0x00000000a4200000| Untracked 
|  53|0x00000000a4300000, 0x00000000a4300000, 0x00000000a4400000|  0%| F|  |TAMS 0x00000000a4300000, 0x00000000a4300000| Untracked 
|  54|0x00000000a4400000, 0x00000000a4400000, 0x00000000a4500000|  0%| F|  |TAMS 0x00000000a4400000, 0x00000000a4400000| Untracked 
|  55|0x00000000a4500000, 0x00000000a4500000, 0x00000000a4600000|  0%| F|  |TAMS 0x00000000a4500000, 0x00000000a4500000| Untracked 
|  56|0x00000000a4600000, 0x00000000a4600000, 0x00000000a4700000|  0%| F|  |TAMS 0x00000000a4600000, 0x00000000a4600000| Untracked 
|  57|0x00000000a4700000, 0x00000000a4700000, 0x00000000a4800000|  0%| F|  |TAMS 0x00000000a4700000, 0x00000000a4700000| Untracked 
|  58|0x00000000a4800000, 0x00000000a4800000, 0x00000000a4900000|  0%| F|  |TAMS 0x00000000a4800000, 0x00000000a4800000| Untracked 
|  59|0x00000000a4900000, 0x00000000a4900000, 0x00000000a4a00000|  0%| F|  |TAMS 0x00000000a4900000, 0x00000000a4900000| Untracked 
|  60|0x00000000a4a00000, 0x00000000a4a00000, 0x00000000a4b00000|  0%| F|  |TAMS 0x00000000a4a00000, 0x00000000a4a00000| Untracked 
|  61|0x00000000a4b00000, 0x00000000a4b00000, 0x00000000a4c00000|  0%| F|  |TAMS 0x00000000a4b00000, 0x00000000a4b00000| Untracked 
|  62|0x00000000a4c00000, 0x00000000a4c00000, 0x00000000a4d00000|  0%| F|  |TAMS 0x00000000a4c00000, 0x00000000a4c00000| Untracked 
|  63|0x00000000a4d00000, 0x00000000a4d00000, 0x00000000a4e00000|  0%| F|  |TAMS 0x00000000a4d00000, 0x00000000a4d00000| Untracked 
|  64|0x00000000a4e00000, 0x00000000a4e00000, 0x00000000a4f00000|  0%| F|  |TAMS 0x00000000a4e00000, 0x00000000a4e00000| Untracked 
|  65|0x00000000a4f00000, 0x00000000a4f00000, 0x00000000a5000000|  0%| F|  |TAMS 0x00000000a4f00000, 0x00000000a4f00000| Untracked 
|  66|0x00000000a5000000, 0x00000000a5000000, 0x00000000a5100000|  0%| F|  |TAMS 0x00000000a5000000, 0x00000000a5000000| Untracked 
|  67|0x00000000a5100000, 0x00000000a5100000, 0x00000000a5200000|  0%| F|  |TAMS 0x00000000a5100000, 0x00000000a5100000| Untracked 
|  68|0x00000000a5200000, 0x00000000a5200000, 0x00000000a5300000|  0%| F|  |TAMS 0x00000000a5200000, 0x00000000a5200000| Untracked 
|  69|0x00000000a5300000, 0x00000000a5300000, 0x00000000a5400000|  0%| F|  |TAMS 0x00000000a5300000, 0x00000000a5300000| Untracked 
|  70|0x00000000a5400000, 0x00000000a5400000, 0x00000000a5500000|  0%| F|  |TAMS 0x00000000a5400000, 0x00000000a5400000| Untracked 
|  71|0x00000000a5500000, 0x00000000a5500000, 0x00000000a5600000|  0%| F|  |TAMS 0x00000000a5500000, 0x00000000a5500000| Untracked 
|  72|0x00000000a5600000, 0x00000000a5600000, 0x00000000a5700000|  0%| F|  |TAMS 0x00000000a5600000, 0x00000000a5600000| Untracked 
|  73|0x00000000a5700000, 0x00000000a5700000, 0x00000000a5800000|  0%| F|  |TAMS 0x00000000a5700000, 0x00000000a5700000| Untracked 
|  74|0x00000000a5800000, 0x00000000a5800000, 0x00000000a5900000|  0%| F|  |TAMS 0x00000000a5800000, 0x00000000a5800000| Untracked 
|  75|0x00000000a5900000, 0x00000000a5900000, 0x00000000a5a00000|  0%| F|  |TAMS 0x00000000a5900000, 0x00000000a5900000| Untracked 
|  76|0x00000000a5a00000, 0x00000000a5a00000, 0x00000000a5b00000|  0%| F|  |TAMS 0x00000000a5a00000, 0x00000000a5a00000| Untracked 
|  77|0x00000000a5b00000, 0x00000000a5b00000, 0x00000000a5c00000|  0%| F|  |TAMS 0x00000000a5b00000, 0x00000000a5b00000| Untracked 
|  78|0x00000000a5c00000, 0x00000000a5c00000, 0x00000000a5d00000|  0%| F|  |TAMS 0x00000000a5c00000, 0x00000000a5c00000| Untracked 
|  79|0x00000000a5d00000, 0x00000000a5d00000, 0x00000000a5e00000|  0%| F|  |TAMS 0x00000000a5d00000, 0x00000000a5d00000| Untracked 
|  80|0x00000000a5e00000, 0x00000000a5e00000, 0x00000000a5f00000|  0%| F|  |TAMS 0x00000000a5e00000, 0x00000000a5e00000| Untracked 
|  81|0x00000000a5f00000, 0x00000000a5f00000, 0x00000000a6000000|  0%| F|  |TAMS 0x00000000a5f00000, 0x00000000a5f00000| Untracked 
|  82|0x00000000a6000000, 0x00000000a6000000, 0x00000000a6100000|  0%| F|  |TAMS 0x00000000a6000000, 0x00000000a6000000| Untracked 
|  83|0x00000000a6100000, 0x00000000a6100000, 0x00000000a6200000|  0%| F|  |TAMS 0x00000000a6100000, 0x00000000a6100000| Untracked 
|  84|0x00000000a6200000, 0x00000000a6200000, 0x00000000a6300000|  0%| F|  |TAMS 0x00000000a6200000, 0x00000000a6200000| Untracked 
|  85|0x00000000a6300000, 0x00000000a6300000, 0x00000000a6400000|  0%| F|  |TAMS 0x00000000a6300000, 0x00000000a6300000| Untracked 
|  86|0x00000000a6400000, 0x00000000a6400000, 0x00000000a6500000|  0%| F|  |TAMS 0x00000000a6400000, 0x00000000a6400000| Untracked 
|  87|0x00000000a6500000, 0x00000000a6500000, 0x00000000a6600000|  0%| F|  |TAMS 0x00000000a6500000, 0x00000000a6500000| Untracked 
|  88|0x00000000a6600000, 0x00000000a6600000, 0x00000000a6700000|  0%| F|  |TAMS 0x00000000a6600000, 0x00000000a6600000| Untracked 
|  89|0x00000000a6700000, 0x00000000a6700000, 0x00000000a6800000|  0%| F|  |TAMS 0x00000000a6700000, 0x00000000a6700000| Untracked 
|  90|0x00000000a6800000, 0x00000000a6800000, 0x00000000a6900000|  0%| F|  |TAMS 0x00000000a6800000, 0x00000000a6800000| Untracked 
|  91|0x00000000a6900000, 0x00000000a6900000, 0x00000000a6a00000|  0%| F|  |TAMS 0x00000000a6900000, 0x00000000a6900000| Untracked 
|  92|0x00000000a6a00000, 0x00000000a6a00000, 0x00000000a6b00000|  0%| F|  |TAMS 0x00000000a6a00000, 0x00000000a6a00000| Untracked 
|  93|0x00000000a6b00000, 0x00000000a6b00000, 0x00000000a6c00000|  0%| F|  |TAMS 0x00000000a6b00000, 0x00000000a6b00000| Untracked 
|  94|0x00000000a6c00000, 0x00000000a6c00000, 0x00000000a6d00000|  0%| F|  |TAMS 0x00000000a6c00000, 0x00000000a6c00000| Untracked 
|  95|0x00000000a6d00000, 0x00000000a6d00000, 0x00000000a6e00000|  0%| F|  |TAMS 0x00000000a6d00000, 0x00000000a6d00000| Untracked 

Card table byte_map: [0x00000211ba1d0000,0x00000211ba4d0000] _byte_map_base: 0x00000211b9cc9000

Marking Bits (Prev, Next): (CMBitMap*) 0x00000211a70cda18, (CMBitMap*) 0x00000211a70cda50
 Prev Bits: [0x00000211ba7d0000, 0x00000211bbf98000)
 Next Bits: [0x00000211bbfa0000, 0x00000211bd768000)

Polling page: 0x00000211a4460000

Metaspace:

Usage:
  Non-class:     37.22 MB capacity,    36.87 MB (>99%) used,   296.09 KB ( <1%) free+waste,    59.81 KB ( <1%) overhead. 
      Class:      5.17 MB capacity,     4.95 MB ( 96%) used,   190.51 KB (  4%) free+waste,    26.63 KB ( <1%) overhead. 
       Both:     42.39 MB capacity,    41.83 MB ( 99%) used,   486.59 KB (  1%) free+waste,    86.44 KB ( <1%) overhead. 

Virtual space:
  Non-class space:       38.00 MB reserved,      37.25 MB ( 98%) committed 
      Class space:        1.00 GB reserved,       5.25 MB ( <1%) committed 
             Both:        1.04 GB reserved,      42.50 MB (  4%) committed 

Chunk freelists:
   Non-Class:  29.00 KB
       Class:  23.00 KB
        Both:  52.00 KB

MaxMetaspaceSize: 17179869184.00 GB
CompressedClassSpaceSize: 1.00 GB
Initial GC threshold: 20.80 MB
Current GC threshold: 58.75 MB
CDS: off

CodeHeap 'non-profiled nmethods': size=120000Kb used=1073Kb max_used=1073Kb free=118926Kb
 bounds [0x00000211b2670000, 0x00000211b28e0000, 0x00000211b9ba0000]
CodeHeap 'profiled nmethods': size=120000Kb used=6168Kb max_used=6168Kb free=113831Kb
 bounds [0x00000211ab140000, 0x00000211ab750000, 0x00000211b2670000]
CodeHeap 'non-nmethods': size=5760Kb used=1259Kb max_used=1290Kb free=4500Kb
 bounds [0x00000211aaba0000, 0x00000211aae10000, 0x00000211ab140000]
 total_blobs=3477 nmethods=2931 adapters=457
 compilation: enabled
              stopped_count=0, restarted_count=0
 full_count=0

Compilation events (20 events):
Event: 3.222 Thread 0x00000211c01d8800 2951       3       java.lang.String::indexOf (7 bytes)
Event: 3.223 Thread 0x00000211c01d8800 nmethod 2951 0x00000211ab73fc10 code [0x00000211ab73fe00, 0x00000211ab7400f0]
Event: 3.223 Thread 0x00000211c01d8800 2952       3       java.lang.String::hashCode (49 bytes)
Event: 3.223 Thread 0x00000211c01d8800 nmethod 2952 0x00000211ab740210 code [0x00000211ab740400, 0x00000211ab740800]
Event: 3.224 Thread 0x00000211c01d8800 2953       3       java.lang.String::concat (115 bytes)
Event: 3.225 Thread 0x00000211c01d8800 nmethod 2953 0x00000211ab740990 code [0x00000211ab740c20, 0x00000211ab7418a0]
Event: 3.226 Thread 0x00000211c01d8800 2954   !   3       java.util.zip.ZipFile::getEntry (73 bytes)
Event: 3.226 Thread 0x00000211c01d8800 nmethod 2954 0x00000211ab741d10 code [0x00000211ab741f20, 0x00000211ab742560]
Event: 3.229 Thread 0x00000211c01d8800 2955       3       java.lang.invoke.LambdaForm$MH/0x00000001001ad440::invokeExact_MT (29 bytes)
Event: 3.230 Thread 0x00000211c01d8800 nmethod 2955 0x00000211ab742890 code [0x00000211ab742aa0, 0x00000211ab7432d0]
Event: 3.230 Thread 0x00000211c01d8800 2956       3       java.lang.invoke.LambdaForm$DMH/0x0000000100183c40::invokeSpecial (22 bytes)
Event: 3.230 Thread 0x00000211c01d8800 nmethod 2956 0x00000211ab743510 code [0x00000211ab7436e0, 0x00000211ab743bb0]
Event: 3.230 Thread 0x00000211c01d8800 2957       3       sun.misc.Unsafe::compareAndSwapObject (13 bytes)
Event: 3.230 Thread 0x00000211c01d8800 nmethod 2957 0x00000211ab743d10 code [0x00000211ab743ec0, 0x00000211ab744010]
Event: 3.230 Thread 0x00000211c01d8800 2958   !   3       org.jetbrains.kotlin.com.intellij.util.containers.ConcurrentIntObjectHashMap::casTabAt (32 bytes)
Event: 3.231 Thread 0x00000211c01d8800 nmethod 2958 0x00000211ab744090 code [0x00000211ab7442c0, 0x00000211ab744c40]
Event: 3.233 Thread 0x00000211c01d8800 2959       3       java.lang.String::isLatin1 (19 bytes)
Event: 3.234 Thread 0x00000211c01d8800 nmethod 2959 0x00000211ab744f10 code [0x00000211ab7450c0, 0x00000211ab745230]
Event: 3.234 Thread 0x00000211c01d8800 2960       3       java.lang.ClassLoader::checkName (37 bytes)
Event: 3.234 Thread 0x00000211c01d8800 nmethod 2960 0x00000211ab745290 code [0x00000211ab745500, 0x00000211ab745e90]

GC Heap History (9 events):
Event: 0.619 GC heap before
{Heap before GC invocations=0 (full 0):
 garbage-first heap   total 98304K, used 28672K [0x00000000a0e00000, 0x0000000100000000)
  region size 1024K, 24 young (24576K), 0 survivors (0K)
 Metaspace       used 12050K, capacity 12213K, committed 12416K, reserved 1060864K
  class space    used 1071K, capacity 1110K, committed 1152K, reserved 1048576K
}
Event: 0.627 GC heap after
{Heap after GC invocations=1 (full 0):
 garbage-first heap   total 98304K, used 7309K [0x00000000a0e00000, 0x0000000100000000)
  region size 1024K, 3 young (3072K), 3 survivors (3072K)
 Metaspace       used 12050K, capacity 12213K, committed 12416K, reserved 1060864K
  class space    used 1071K, capacity 1110K, committed 1152K, reserved 1048576K
}
Event: 1.347 GC heap before
{Heap before GC invocations=1 (full 0):
 garbage-first heap   total 98304K, used 45197K [0x00000000a0e00000, 0x0000000100000000)
  region size 1024K, 41 young (41984K), 3 survivors (3072K)
 Metaspace       used 20927K, capacity 21195K, committed 21248K, reserved 1069056K
  class space    used 2209K, capacity 2301K, committed 2304K, reserved 1048576K
}
Event: 1.366 GC heap after
{Heap after GC invocations=2 (full 0):
 garbage-first heap   total 98304K, used 11405K [0x00000000a0e00000, 0x0000000100000000)
  region size 1024K, 7 young (7168K), 7 survivors (7168K)
 Metaspace       used 20927K, capacity 21195K, committed 21248K, reserved 1069056K
  class space    used 2209K, capacity 2301K, committed 2304K, reserved 1048576K
}
Event: 2.223 GC heap before
{Heap before GC invocations=3 (full 0):
 garbage-first heap   total 98304K, used 59533K [0x00000000a0e00000, 0x0000000100000000)
  region size 1024K, 50 young (51200K), 7 survivors (7168K)
 Metaspace       used 31946K, capacity 32429K, committed 32640K, reserved 1077248K
  class space    used 3751K, capacity 3960K, committed 3968K, reserved 1048576K
}
Event: 2.246 GC heap after
{Heap after GC invocations=4 (full 0):
 garbage-first heap   total 98304K, used 19782K [0x00000000a0e00000, 0x0000000100000000)
  region size 1024K, 5 young (5120K), 5 survivors (5120K)
 Metaspace       used 31946K, capacity 32429K, committed 32640K, reserved 1077248K
  class space    used 3751K, capacity 3960K, committed 3968K, reserved 1048576K
}
Event: 2.560 GC heap before
{Heap before GC invocations=4 (full 0):
 garbage-first heap   total 98304K, used 43334K [0x00000000a0e00000, 0x0000000100000000)
  region size 1024K, 27 young (27648K), 5 survivors (5120K)
 Metaspace       used 35313K, capacity 35767K, committed 35840K, reserved 1081344K
  class space    used 4331K, capacity 4539K, committed 4608K, reserved 1048576K
}
Event: 2.583 GC heap after
{Heap after GC invocations=5 (full 0):
 garbage-first heap   total 98304K, used 26278K [0x00000000a0e00000, 0x0000000100000000)
  region size 1024K, 4 young (4096K), 4 survivors (4096K)
 Metaspace       used 35313K, capacity 35767K, committed 35840K, reserved 1081344K
  class space    used 4331K, capacity 4539K, committed 4608K, reserved 1048576K
}
Event: 3.235 GC heap before
{Heap before GC invocations=6 (full 0):
 garbage-first heap   total 98304K, used 69286K [0x00000000a0e00000, 0x0000000100000000)
  region size 1024K, 46 young (47104K), 4 survivors (4096K)
 Metaspace       used 42830K, capacity 43404K, committed 43520K, reserved 1087488K
  class space    used 5071K, capacity 5289K, committed 5376K, reserved 1048576K
}

Deoptimization events (20 events):
Event: 3.219 Thread 0x00000211a7096000 Uncommon trap: trap_request=0xffffff4d fr.pc=0x00000211b268e96c relative=0x00000000000000cc
Event: 3.219 Thread 0x00000211a7096000 Uncommon trap: reason=unstable_if action=reinterpret pc=0x00000211b268e96c method=java.lang.String.getBytes([BIB)V @ 5 c2
Event: 3.219 Thread 0x00000211a7096000 DEOPT PACKING pc=0x00000211b268e96c sp=0x00000072802f61c0
Event: 3.219 Thread 0x00000211a7096000 DEOPT UNPACKING pc=0x00000211aabea1a7 sp=0x00000072802f6188 mode 2
Event: 3.219 Thread 0x00000211a7096000 Uncommon trap: trap_request=0xffffff4d fr.pc=0x00000211b26a8c64 relative=0x0000000000000c44
Event: 3.219 Thread 0x00000211a7096000 Uncommon trap: reason=unstable_if action=reinterpret pc=0x00000211b26a8c64 method=java.lang.StringCoding.encodeUTF8(B[BZ)[B @ 2 c2
Event: 3.219 Thread 0x00000211a7096000 DEOPT PACKING pc=0x00000211b26a8c64 sp=0x00000072802f60f0
Event: 3.219 Thread 0x00000211a7096000 DEOPT UNPACKING pc=0x00000211aabea1a7 sp=0x00000072802f5ee0 mode 2
Event: 3.219 Thread 0x00000211a7096000 Uncommon trap: trap_request=0xffffff4d fr.pc=0x00000211b2773130 relative=0x0000000000000570
Event: 3.219 Thread 0x00000211a7096000 Uncommon trap: reason=unstable_if action=reinterpret pc=0x00000211b2773130 method=sun.net.www.ParseUtil.firstEncodeIndex(Ljava/lang/String;)I @ 27 c2
Event: 3.219 Thread 0x00000211a7096000 DEOPT PACKING pc=0x00000211b2773130 sp=0x00000072802f6180
Event: 3.219 Thread 0x00000211a7096000 DEOPT UNPACKING pc=0x00000211aabea1a7 sp=0x00000072802f6038 mode 2
Event: 3.219 Thread 0x00000211a7096000 Uncommon trap: trap_request=0xffffff4d fr.pc=0x00000211b2742e94 relative=0x00000000000001f4
Event: 3.219 Thread 0x00000211a7096000 Uncommon trap: reason=unstable_if action=reinterpret pc=0x00000211b2742e94 method=java.lang.String.indexOf(II)I @ 4 c2
Event: 3.219 Thread 0x00000211a7096000 DEOPT PACKING pc=0x00000211b2742e94 sp=0x00000072802f5ea0
Event: 3.219 Thread 0x00000211a7096000 DEOPT UNPACKING pc=0x00000211aabea1a7 sp=0x00000072802f5e50 mode 2
Event: 3.219 Thread 0x00000211a7096000 Uncommon trap: trap_request=0xffffff4d fr.pc=0x00000211b273c0b0 relative=0x0000000000000190
Event: 3.219 Thread 0x00000211a7096000 Uncommon trap: reason=unstable_if action=reinterpret pc=0x00000211b273c0b0 method=java.lang.String.startsWith(Ljava/lang/String;I)Z @ 46 c2
Event: 3.219 Thread 0x00000211a7096000 DEOPT PACKING pc=0x00000211b273c0b0 sp=0x00000072802f5fa0
Event: 3.219 Thread 0x00000211a7096000 DEOPT UNPACKING pc=0x00000211aabea1a7 sp=0x00000072802f5f08 mode 2

Classes redefined (0 events):
No events

Internal exceptions (20 events):
Event: 1.085 Thread 0x00000211a7096000 Exception <a 'java/lang/NoSuchMethodError'{0x00000000a528fb98}: 'long java.lang.invoke.DelegatingMethodHandle$Holder.reinvoke_L(java.lang.Object, java.lang.Object, java.lang.Object)'> (0x00000000a528fb98) thrown at [./src/hotspot/share/interpreter/linkResolver.cpp, line 773]
Event: 1.086 Thread 0x00000211a7096000 Exception <a 'java/lang/NoSuchMethodError'{0x00000000a5299858}: 'int java.lang.invoke.DirectMethodHandle$Holder.invokeSpecial(java.lang.Object, java.lang.Object, java.lang.Object, java.lang.Object)'> (0x00000000a5299858) thrown at [./src/hotspot/share/interpreter/linkResolver.cpp, line 773]
Event: 1.087 Thread 0x00000211a7096000 Exception <a 'java/lang/NoSuchMethodError'{0x00000000a52a8638}: 'int java.lang.invoke.DelegatingMethodHandle$Holder.reinvoke_L(java.lang.Object, java.lang.Object, java.lang.Object, long, int)'> (0x00000000a52a8638) thrown at [./src/hotspot/share/interpreter/linkResolver.cpp, line 773]
Event: 1.341 Thread 0x00000211a7096000 Exception <a 'java/lang/NoSuchMethodError'{0x00000000a46cd788}: 'java.lang.Object java.lang.invoke.DirectMethodHandle$Holder.invokeStaticInit(java.lang.Object, int)'> (0x00000000a46cd788) thrown at [./src/hotspot/share/interpreter/linkResolver.cpp, line 773]
Event: 1.395 Thread 0x00000211a7096000 Exception <a 'java/lang/NoSuchMethodError'{0x00000000a6c6ffc8}: 'long java.lang.invoke.DirectMethodHandle$Holder.invokeStatic(java.lang.Object)'> (0x00000000a6c6ffc8) thrown at [./src/hotspot/share/interpreter/linkResolver.cpp, line 773]
Event: 1.395 Thread 0x00000211a7096000 Exception <a 'java/lang/NoSuchMethodError'{0x00000000a6c72e20}: 'long java.lang.invoke.DirectMethodHandle$Holder.invokeStaticInit(java.lang.Object)'> (0x00000000a6c72e20) thrown at [./src/hotspot/share/interpreter/linkResolver.cpp, line 773]
Event: 1.418 Thread 0x00000211a7096000 Exception <a 'java/lang/NoSuchMethodError'{0x00000000a6be7c08}: 'int java.lang.invoke.DirectMethodHandle$Holder.invokeSpecialIFC(java.lang.Object, java.lang.Object, int)'> (0x00000000a6be7c08) thrown at [./src/hotspot/share/interpreter/linkResolver.cpp, line 773]
Event: 1.457 Thread 0x00000211a7096000 Exception <a 'java/lang/NoSuchMethodError'{0x00000000a68aaef0}: 'int java.lang.invoke.DirectMethodHandle$Holder.invokeStaticInit(java.lang.Object, java.lang.Object, java.lang.Object)'> (0x00000000a68aaef0) thrown at [./src/hotspot/share/interpreter/linkResolver.cpp, line 773]
Event: 1.461 Thread 0x00000211a7096000 Exception <a 'java/lang/NoSuchMethodError'{0x00000000a68d6c20}: 'int java.lang.invoke.DirectMethodHandle$Holder.invokeStaticInit(java.lang.Object, java.lang.Object)'> (0x00000000a68d6c20) thrown at [./src/hotspot/share/interpreter/linkResolver.cpp, line 773]
Event: 1.505 Thread 0x00000211a7096000 Exception <a 'java/lang/NoSuchMethodError'{0x00000000a66f0500}: 'void java.lang.invoke.DirectMethodHandle$Holder.invokeSpecial(java.lang.Object, java.lang.Object)'> (0x00000000a66f0500) thrown at [./src/hotspot/share/interpreter/linkResolver.cpp, line 773]
Event: 1.681 Thread 0x00000211a7096000 Exception <a 'java/lang/NoSuchMethodError'{0x00000000a5d65ea8}: 'java.lang.Object java.lang.invoke.DirectMethodHandle$Holder.invokeStatic(java.lang.Object, java.lang.Object, java.lang.Object, java.lang.Object, java.lang.Object, java.lang.Object, java.lang.Object, java.lang.Object, java.lang.Object, java.lang.Object, java.lang.Object, java.lang.Object, java.lang.Object, java.lang.Object, java.lang.Object)'> (0x00000000a5d65ea8) thrown at [./src/hotspot/share/interpreter/linkResolver.cpp, line 773]
Event: 1.683 Thread 0x00000211a7096000 Exception <a 'java/lang/NoSuchMethodError'{0x00000000a5d73eb0}: 'java.lang.Object java.lang.invoke.DirectMethodHandle$Holder.invokeStatic(java.lang.Object, java.lang.Object, java.lang.Object, java.lang.Object, java.lang.Object, java.lang.Object, java.lang.Object, java.lang.Object, java.lang.Object, java.lang.Object, java.lang.Object, java.lang.Object, java.lang.Object, java.lang.Object, java.lang.Object, java.lang.Object)'> (0x00000000a5d73eb0) thrown at [./src/hotspot/share/interpreter/linkResolver.cpp, l
Event: 1.684 Thread 0x00000211a7096000 Exception <a 'java/lang/NoSuchMethodError'{0x00000000a5d82030}: 'java.lang.Object java.lang.invoke.DirectMethodHandle$Holder.invokeSpecial(java.lang.Object, java.lang.Object, int, int, java.lang.Object, java.lang.Object, java.lang.Object)'> (0x00000000a5d82030) thrown at [./src/hotspot/share/interpreter/linkResolver.cpp, line 773]
Event: 1.684 Thread 0x00000211a7096000 Exception <a 'java/lang/NoSuchMethodError'{0x00000000a5d85868}: 'java.lang.Object java.lang.invoke.DelegatingMethodHandle$Holder.reinvoke_L(java.lang.Object, int, int, java.lang.Object, java.lang.Object, java.lang.Object)'> (0x00000000a5d85868) thrown at [./src/hotspot/share/interpreter/linkResolver.cpp, line 773]
Event: 1.685 Thread 0x00000211a7096000 Exception <a 'java/lang/NoSuchMethodError'{0x00000000a5d89bf0}: 'java.lang.Object java.lang.invoke.DirectMethodHandle$Holder.invokeStatic(java.lang.Object, java.lang.Object, java.lang.Object, java.lang.Object, int)'> (0x00000000a5d89bf0) thrown at [./src/hotspot/share/interpreter/linkResolver.cpp, line 773]
Event: 1.722 Thread 0x00000211a7096000 Exception <a 'java/lang/NoSuchMethodError'{0x00000000a5cb09b0}: 'void java.lang.invoke.DirectMethodHandle$Holder.invokeStatic(java.lang.Object, java.lang.Object, java.lang.Object, java.lang.Object)'> (0x00000000a5cb09b0) thrown at [./src/hotspot/share/interpreter/linkResolver.cpp, line 773]
Event: 1.779 Thread 0x00000211a7096000 Exception <a 'java/lang/NoSuchMethodError'{0x00000000a58a3628}: 'void java.lang.invoke.DirectMethodHandle$Holder.invokeStaticInit(java.lang.Object, java.lang.Object)'> (0x00000000a58a3628) thrown at [./src/hotspot/share/interpreter/linkResolver.cpp, line 773]
Event: 1.893 Thread 0x00000211a7096000 Exception <a 'java/lang/NoSuchMethodError'{0x00000000a5053b10}: 'void java.lang.invoke.DirectMethodHandle$Holder.invokeVirtual(java.lang.Object, java.lang.Object)'> (0x00000000a5053b10) thrown at [./src/hotspot/share/interpreter/linkResolver.cpp, line 773]
Event: 1.904 Thread 0x00000211a7096000 Exception <a 'java/lang/NoSuchMethodError'{0x00000000a50e7a70}: 'int java.lang.invoke.DirectMethodHandle$Holder.invokeVirtual(java.lang.Object, java.lang.Object)'> (0x00000000a50e7a70) thrown at [./src/hotspot/share/interpreter/linkResolver.cpp, line 773]
Event: 2.636 Thread 0x00000211a7096000 Exception <a 'java/lang/NoSuchMethodError'{0x00000000a6a48960}: 'java.lang.Object java.lang.invoke.DirectMethodHandle$Holder.invokeVirtual(java.lang.Object, java.lang.Object, java.lang.Object)'> (0x00000000a6a48960) thrown at [./src/hotspot/share/interpreter/linkResolver.cpp, line 773]

Events (20 events):
Event: 3.229 loading class org/jetbrains/kotlin/util/slicedMap/SetSlice done
Event: 3.230 loading class org/jetbrains/kotlin/util/slicedMap/SetSlice$Companion
Event: 3.230 loading class org/jetbrains/kotlin/util/slicedMap/SetSlice$Companion done
Event: 3.230 loading class org/jetbrains/kotlin/resolve/BindingContext$2
Event: 3.230 loading class org/jetbrains/kotlin/resolve/BindingContext$2 done
Event: 3.230 loading class org/jetbrains/kotlin/resolve/BindingContext$3
Event: 3.230 loading class org/jetbrains/kotlin/resolve/BindingContext$3 done
Event: 3.231 loading class org/jetbrains/kotlin/util/slicedMap/Slices$SliceBuilder
Event: 3.231 loading class org/jetbrains/kotlin/util/slicedMap/Slices$SliceBuilder done
Event: 3.231 loading class org/jetbrains/kotlin/util/slicedMap/Slices$SliceBuilder$1
Event: 3.231 loading class org/jetbrains/kotlin/util/slicedMap/Slices$SliceBuilder$1 done
Event: 3.232 loading class org/jetbrains/kotlin/com/intellij/testFramework/ReadOnlyLightVirtualFile
Event: 3.232 loading class org/jetbrains/kotlin/com/intellij/testFramework/ReadOnlyLightVirtualFile done
Event: 3.233 loading class org/jetbrains/kotlin/com/intellij/util/AstLoadingFilter
Event: 3.233 loading class org/jetbrains/kotlin/com/intellij/util/AstLoadingFilter done
Event: 3.233 loading class org/jetbrains/kotlin/com/intellij/util/AstLoadingException
Event: 3.233 loading class org/jetbrains/kotlin/com/intellij/util/AstLoadingException done
Event: 3.234 loading class org/jetbrains/kotlin/com/intellij/util/exception/FrequentErrorLogger
Event: 3.234 loading class org/jetbrains/kotlin/com/intellij/util/exception/FrequentErrorLogger done
Event: 3.235 Executing VM operation: G1CollectForAllocation


Dynamic libraries:
0x00007ff6758b0000 - 0x00007ff6758ba000 	C:\Program Files\Android\Android Studio\jre\bin\java.exe
0x00007ffd3c620000 - 0x00007ffd3c80d000 	C:\Windows\SYSTEM32\ntdll.dll
0x00007ffd0b230000 - 0x00007ffd0b247000 	C:\Program Files\Avast Software\Avast\aswhook.dll
0x00007ffd3c400000 - 0x00007ffd3c4b3000 	C:\Windows\System32\KERNEL32.DLL
0x00007ffd39030000 - 0x00007ffd392c3000 	C:\Windows\System32\KERNELBASE.dll
0x00007ffd39620000 - 0x00007ffd3971c000 	C:\Windows\System32\ucrtbase.dll
0x00007ffd11580000 - 0x00007ffd11597000 	C:\Program Files\Android\Android Studio\jre\bin\VCRUNTIME140.dll
0x00007ffd115a0000 - 0x00007ffd115b9000 	C:\Program Files\Android\Android Studio\jre\bin\jli.dll
0x00007ffd39880000 - 0x00007ffd39a17000 	C:\Windows\System32\USER32.dll
0x00007ffd38720000 - 0x00007ffd38740000 	C:\Windows\System32\win32u.dll
0x00007ffd1e5b0000 - 0x00007ffd1e829000 	C:\Windows\WinSxS\amd64_microsoft.windows.common-controls_6595b64144ccf1df_6.0.17763.316_none_05b53be2071f46b6\COMCTL32.dll
0x00007ffd3c220000 - 0x00007ffd3c249000 	C:\Windows\System32\GDI32.dll
0x00007ffd3c250000 - 0x00007ffd3c2ee000 	C:\Windows\System32\msvcrt.dll
0x00007ffd38740000 - 0x00007ffd388da000 	C:\Windows\System32\gdi32full.dll
0x00007ffd39a20000 - 0x00007ffd39d4d000 	C:\Windows\System32\combase.dll
0x00007ffd39530000 - 0x00007ffd395d0000 	C:\Windows\System32\msvcp_win.dll
0x00007ffd3ab10000 - 0x00007ffd3ac32000 	C:\Windows\System32\RPCRT4.dll
0x00007ffd392d0000 - 0x00007ffd3934e000 	C:\Windows\System32\bcryptPrimitives.dll
0x00007ffd3a660000 - 0x00007ffd3a68e000 	C:\Windows\System32\IMM32.DLL
0x00007ffcfce00000 - 0x00007ffcfce9d000 	C:\Program Files\Android\Android Studio\jre\bin\msvcp140.dll
0x00000211a5d50000 - 0x00000211a6852000 	C:\Program Files\Android\Android Studio\jre\bin\server\jvm.dll
0x00007ffd3a330000 - 0x00007ffd3a3d3000 	C:\Windows\System32\ADVAPI32.dll
0x00007ffd3c360000 - 0x00007ffd3c3fe000 	C:\Windows\System32\sechost.dll
0x00007ffd3a190000 - 0x00007ffd3a198000 	C:\Windows\System32\PSAPI.DLL
0x00007ffd33960000 - 0x00007ffd3396a000 	C:\Windows\SYSTEM32\VERSION.dll
0x00007ffd287b0000 - 0x00007ffd287b9000 	C:\Windows\SYSTEM32\WSOCK32.dll
0x00007ffd36790000 - 0x00007ffd367b4000 	C:\Windows\SYSTEM32\WINMM.dll
0x00007ffd3a1a0000 - 0x00007ffd3a20d000 	C:\Windows\System32\WS2_32.dll
0x00007ffd36670000 - 0x00007ffd3669d000 	C:\Windows\SYSTEM32\WINMMBASE.dll
0x00007ffd395d0000 - 0x00007ffd3961a000 	C:\Windows\System32\cfgmgr32.dll
0x00007ffd38650000 - 0x00007ffd38661000 	C:\Windows\System32\kernel.appcore.dll
0x00007ffd2f190000 - 0x00007ffd2f1a1000 	C:\Program Files\Android\Android Studio\jre\bin\verify.dll
0x00007ffd2ff90000 - 0x00007ffd3017d000 	C:\Windows\SYSTEM32\DBGHELP.DLL
0x00007ffd2bf90000 - 0x00007ffd2bfba000 	C:\Windows\SYSTEM32\dbgcore.DLL
0x00007ffd2f160000 - 0x00007ffd2f189000 	C:\Program Files\Android\Android Studio\jre\bin\java.dll
0x00007ffd2ef50000 - 0x00007ffd2ef5b000 	C:\Program Files\Android\Android Studio\jre\bin\jimage.dll
0x00007ffd2ef30000 - 0x00007ffd2ef48000 	C:\Program Files\Android\Android Studio\jre\bin\zip.dll
0x00007ffd3ad30000 - 0x00007ffd3c21f000 	C:\Windows\System32\SHELL32.dll
0x00007ffd3a210000 - 0x00007ffd3a2b8000 	C:\Windows\System32\shcore.dll
0x00007ffd388e0000 - 0x00007ffd3902a000 	C:\Windows\System32\windows.storage.dll
0x00007ffd386f0000 - 0x00007ffd38714000 	C:\Windows\System32\profapi.dll
0x00007ffd38670000 - 0x00007ffd386cd000 	C:\Windows\System32\powrprof.dll
0x00007ffd39d50000 - 0x00007ffd39da2000 	C:\Windows\System32\shlwapi.dll
0x00007ffd39800000 - 0x00007ffd39817000 	C:\Windows\System32\cryptsp.dll
0x00007ffd2ef10000 - 0x00007ffd2ef2a000 	C:\Program Files\Android\Android Studio\jre\bin\net.dll
0x00007ffd2b0d0000 - 0x00007ffd2b1c1000 	C:\Windows\SYSTEM32\WINHTTP.dll
0x00007ffd37e80000 - 0x00007ffd37ee7000 	C:\Windows\system32\mswsock.dll
0x00007ffd2eef0000 - 0x00007ffd2ef04000 	C:\Program Files\Android\Android Studio\jre\bin\nio.dll

dbghelp: loaded successfully - version: 4.0.5 - missing functions: none
symbol engine: initialized successfully - sym options: 0x614 - pdb path: .;C:\Program Files\Android\Android Studio\jre\bin;C:\Windows\SYSTEM32;C:\Program Files\Avast Software\Avast;C:\Windows\WinSxS\amd64_microsoft.windows.common-controls_6595b64144ccf1df_6.0.17763.316_none_05b53be2071f46b6;C:\Program Files\Android\Android Studio\jre\bin\server

VM Arguments:
java_command: org.jetbrains.kotlin.cli.jvm.K2JVMCompiler @C:\Users\Artem\AndroidStudioProjects\LTechTestTask\app\build\20230126_2444252294767960791.compiler.options
java_class_path (initial): C:\Users\Artem\StudioProjects\CoolNews\caches\modules-2\files-2.1\org.jetbrains.kotlin\kotlin-compiler-embeddable\1.7.20\8db18559a581dd2c36ddfd5046af145650f5b126\kotlin-compiler-embeddable-1.7.20.jar;C:\Users\Artem\StudioProjects\CoolNews\caches\modules-2\files-2.1\org.jetbrains.kotlin\kotlin-reflect\1.7.20\12b2501e33bb6373e8e347c86d85481863629381\kotlin-reflect-1.7.20.jar;C:\Users\Artem\StudioProjects\CoolNews\caches\modules-2\files-2.1\org.jetbrains.kotlin\kotlin-stdlib\1.7.20\726594ea9ba2beb2ee113647fefa9a10f9fabe52\kotlin-stdlib-1.7.20.jar;C:\Users\Artem\StudioProjects\CoolNews\caches\modules-2\files-2.1\org.jetbrains.kotlin\kotlin-script-runtime\1.7.20\bcd1cc6f865e632550357fcc59f5ffd532615a8\kotlin-script-runtime-1.7.20.jar;C:\Users\Artem\StudioProjects\CoolNews\caches\modules-2\files-2.1\org.jetbrains.kotlin\kotlin-daemon-embeddable\1.7.20\1e24355adad8d529d75d5b19eab55484057431ba\kotlin-daemon-embeddable-1.7.20.jar;C:\Users\Artem\StudioProjects\CoolNews\caches\modules-2\files-2.1\org.jetbrains.intellij.deps\trove4j\1.0.20200330\3afb14d5f9ceb459d724e907a21145e8ff394f02\trove4j-1.0.20200330.jar;C:\Users\Artem\StudioProjects\CoolNews\caches\modules-2\files-2.1\net.java.dev.jna\jna\5.6.0\330f2244e9030119ab3030fc3fededc86713d9cc\jna-5.6.0.jar;C:\Users\Artem\StudioProjects\CoolNews\caches\modules-2\files-2.1\org.jetbrains.kotlin\kotlin-stdlib-common\1.7.20\e15351bdaf9fa06f009be5da7a202e4184f00ae3\kotlin-stdlib-common-1.7.20.jar;C:\Users\Artem\StudioProjects\CoolNews\caches\modules-2\files-2.1\org.jetbrains\annotations\13.0\919f0dfe192fb4e063e7dacadee7f8bb9a2672a9\annotations-13.0.jar
Launcher Type: SUN_STANDARD

[Global flags]
     intx CICompilerCount                          = 4                                         {product} {ergonomic}
     uint ConcGCThreads                            = 2                                         {product} {ergonomic}
     uint G1ConcRefinementThreads                  = 8                                         {product} {ergonomic}
   size_t G1HeapRegionSize                         = 1048576                                   {product} {ergonomic}
    uintx GCDrainStackTargetSize                   = 64                                        {product} {ergonomic}
   size_t InitialHeapSize                          = 100663296                                 {product} {ergonomic}
   size_t MarkStackSize                            = 4194304                                   {product} {ergonomic}
   size_t MaxHeapSize                              = 1595932672                                {product} {ergonomic}
   size_t MaxNewSize                               = 957349888                                 {product} {ergonomic}
   size_t MinHeapDeltaBytes                        = 1048576                                   {product} {ergonomic}
    uintx NonNMethodCodeHeapSize                   = 5836300                                {pd product} {ergonomic}
    uintx NonProfiledCodeHeapSize                  = 122910970                              {pd product} {ergonomic}
    uintx ProfiledCodeHeapSize                     = 122910970                              {pd product} {ergonomic}
    uintx ReservedCodeCacheSize                    = 251658240                              {pd product} {ergonomic}
     bool SegmentedCodeCache                       = true                                      {product} {ergonomic}
     bool UseCompressedClassPointers               = true                                 {lp64_product} {ergonomic}
     bool UseCompressedOops                        = true                                 {lp64_product} {ergonomic}
     bool UseG1GC                                  = true                                      {product} {ergonomic}
     bool UseLargePagesIndividualAllocation        = false                                  {pd product} {ergonomic}

Logging:
Log output configuration:
 #0: stdout all=warning uptime,level,tags
 #1: stderr all=off uptime,level,tags

Environment Variables:
PATH=C:\Windows\system32;C:\Windows;C:\Windows\System32\Wbem;C:\Windows\System32\WindowsPowerShell\v1.0\;C:\Program Files (x86)\NVIDIA Corporation\PhysX\Common;C:\Program Files\Common Files\Autodesk Shared\;C:\Program Files\Git\cmd;C:\Users\Artem\AppData\Local\Microsoft\WindowsApps;
USERNAME=Artem
OS=Windows_NT
PROCESSOR_IDENTIFIER=AMD64 Family 23 Model 24 Stepping 1, AuthenticAMD



---------------  S Y S T E M  ---------------

OS: Windows 10 , 64 bit Build 17763 (10.0.17763.292)
OS uptime: 0 days 10:47 hours

CPU:total 8 (initial active 8) (8 cores per cpu, 2 threads per core) family 23 model 24 stepping 1 microcode 0x0, cmov, cx8, fxsr, mmx, sse, sse2, sse3, ssse3, sse4.1, sse4.2, popcnt, avx, avx2, aes, clmul, mmxext, 3dnowpref, lzcnt, sse4a, ht, tsc, tscinvbit, tscinv, bmi1, bmi2, adx, sha, fma

Memory: 4k page, system-wide physical 6082M (235M free)
TotalPageFile size 10178M (AvailPageFile size 36M)
current process WorkingSet (physical memory assigned to process): 207M, peak: 207M
current process commit charge ("private bytes"): 264M, peak: 301M

vm_info: OpenJDK 64-Bit Server VM (11.0.13+0-b1751.21-8125866) for windows-amd64 JRE (11.0.13+0-b1751.21-8125866), built on Feb  2 2022 03:00:22 by "builder" with MS VC++ 14.0 (VS2015)

END.
