#
# There is insufficient memory for the Java Runtime Environment to continue.
# Native memory allocation (malloc) failed to allocate 674256 bytes for Chunk::new
# Possible reasons:
#   The system is out of physical RAM or swap space
#   The process is running with CompressedOops enabled, and the Java Heap may be blocking the growth of the native heap
# Possible solutions:
#   Reduce memory load on the system
#   Increase physical memory or swap space
#   Check if swap backing store is full
#   Decrease Java heap size (-Xmx/-Xms)
#   Decrease number of Java threads
#   Decrease Java thread stack sizes (-Xss)
#   Set larger code cache with -XX:ReservedCodeCacheSize=
#   JVM is running with Unscaled Compressed Oops mode in which the Java heap is
#     placed in the first 4GB address space. The Java Heap base address is the
#     maximum limit for the native heap growth. Please use -XX:HeapBaseMinAddress
#     to set the Java Heap base and to place the Java Heap above 4GB virtual address.
# This output file may be truncated or incomplete.
#
#  Out of Memory Error (./src/hotspot/share/memory/arena.cpp:197), pid=12184, tid=13112
#
# JRE version: OpenJDK Runtime Environment (11.0.13) (build 11.0.13+0-b1751.21-8125866)
# Java VM: OpenJDK 64-Bit Server VM (11.0.13+0-b1751.21-8125866, mixed mode, tiered, compressed oops, g1 gc, windows-amd64)
# No core dump will be written. Minidumps are not enabled by default on client versions of Windows
#

---------------  S U M M A R Y ------------

Command Line: org.jetbrains.kotlin.cli.jvm.K2JVMCompiler @C:\Users\Artem\AndroidStudioProjects\LTechTestTask\app\build\20230126_3609596097232131398.compiler.options

Host: AMD Ryzen 5 3500U with Radeon Vega Mobile Gfx  , 8 cores, 5G,  Windows 10 , 64 bit Build 17763 (10.0.17763.292)
Time: Thu Jan 26 00:56:42 2023 RTZ 2 (ceia) elapsed time: 2.895582 seconds (0d 0h 0m 2s)

---------------  T H R E A D  ---------------

Current thread (0x00000234dcfa3000):  JavaThread "C2 CompilerThread0" daemon [_thread_in_native, id=13112, stack(0x000000e9faa00000,0x000000e9fab00000)]


Current CompileTask:
C2:   2895 2708   !   4       java.net.URL::<init> (543 bytes)

Stack: [0x000000e9faa00000,0x000000e9fab00000]
Native frames: (J=compiled Java code, j=interpreted, Vv=VM code, C=native code)
V  [jvm.dll+0x6100fa]
V  [jvm.dll+0x747090]
V  [jvm.dll+0x7486ad]
V  [jvm.dll+0x748d83]
V  [jvm.dll+0x24ab48]
V  [jvm.dll+0xc04dc]
V  [jvm.dll+0xc0a0c]
V  [jvm.dll+0x2bfab4]
V  [jvm.dll+0x524238]
V  [jvm.dll+0x20b193]
V  [jvm.dll+0x204ca0]
V  [jvm.dll+0x2023c2]
V  [jvm.dll+0x188e01]
V  [jvm.dll+0x21106b]
V  [jvm.dll+0x20f8c1]
V  [jvm.dll+0x70de0f]
V  [jvm.dll+0x706a75]
V  [jvm.dll+0x60ed66]
C  [ucrtbase.dll+0x203ba]
C  [KERNEL32.DLL+0x181f4]
C  [ntdll.dll+0x6a251]


---------------  P R O C E S S  ---------------

Threads class SMR info:
_java_thread_list=0x00000234dd0ea720, length=10, elements={
0x00000234c0a05000, 0x00000234dc60e000, 0x00000234dc60f800, 0x00000234dcf98000,
0x00000234dcf99800, 0x00000234dcf9d000, 0x00000234dcfa3000, 0x00000234dc63f000,
0x00000234dc64d000, 0x00000234dd0f4000
}

Java Threads: ( => current thread )
  0x00000234c0a05000 JavaThread "main" [_thread_in_vm, id=11260, stack(0x000000e9f9e00000,0x000000e9f9f00000)]
  0x00000234dc60e000 JavaThread "Reference Handler" daemon [_thread_blocked, id=12536, stack(0x000000e9fa500000,0x000000e9fa600000)]
  0x00000234dc60f800 JavaThread "Finalizer" daemon [_thread_blocked, id=11032, stack(0x000000e9fa600000,0x000000e9fa700000)]
  0x00000234dcf98000 JavaThread "Signal Dispatcher" daemon [_thread_blocked, id=9200, stack(0x000000e9fa700000,0x000000e9fa800000)]
  0x00000234dcf99800 JavaThread "Attach Listener" daemon [_thread_blocked, id=10556, stack(0x000000e9fa800000,0x000000e9fa900000)]
  0x00000234dcf9d000 JavaThread "Service Thread" daemon [_thread_blocked, id=7684, stack(0x000000e9fa900000,0x000000e9faa00000)]
=>0x00000234dcfa3000 JavaThread "C2 CompilerThread0" daemon [_thread_in_native, id=13112, stack(0x000000e9faa00000,0x000000e9fab00000)]
  0x00000234dc63f000 JavaThread "C1 CompilerThread0" daemon [_thread_blocked, id=11716, stack(0x000000e9fab00000,0x000000e9fac00000)]
  0x00000234dc64d000 JavaThread "Sweeper thread" daemon [_thread_blocked, id=684, stack(0x000000e9fac00000,0x000000e9fad00000)]
  0x00000234dd0f4000 JavaThread "Common-Cleaner" daemon [_thread_blocked, id=4364, stack(0x000000e9fae00000,0x000000e9faf00000)]

Other Threads:
  0x00000234dc5ea800 VMThread "VM Thread" [stack: 0x000000e9fa400000,0x000000e9fa500000] [id=2728]
  0x00000234dd0ee000 WatcherThread [stack: 0x000000e9fad00000,0x000000e9fae00000] [id=12624]
  0x00000234c0a1d000 GCTaskThread "GC Thread#0" [stack: 0x000000e9f9f00000,0x000000e9fa000000] [id=10832]
  0x00000234dd9ab000 GCTaskThread "GC Thread#1" [stack: 0x000000e9faf00000,0x000000e9fb000000] [id=12828]
  0x00000234c0a42000 ConcurrentGCThread "G1 Main Marker" [stack: 0x000000e9fa000000,0x000000e9fa100000] [id=5240]
  0x00000234c0a43800 ConcurrentGCThread "G1 Conc#0" [stack: 0x000000e9fa100000,0x000000e9fa200000] [id=6412]
  0x00000234dd91e000 ConcurrentGCThread "G1 Conc#1" [stack: 0x000000e9fb000000,0x000000e9fb100000] [id=12968]
  0x00000234c0ac9000 ConcurrentGCThread "G1 Refine#0" [stack: 0x000000e9fa200000,0x000000e9fa300000] [id=11256]
  0x00000234c0acb000 ConcurrentGCThread "G1 Young RemSet Sampling" [stack: 0x000000e9fa300000,0x000000e9fa400000] [id=9992]

Threads with active compile tasks:
C2 CompilerThread0   2908 2708   !   4       java.net.URL::<init> (543 bytes)

VM state:not at safepoint (normal execution)

VM Mutex/Monitor currently owned by a thread: None

Heap address: 0x00000000a0e00000, size: 1522 MB, Compressed Oops mode: 32-bit
Narrow klass base: 0x0000000000000000, Narrow klass shift: 3
Compressed class space size: 1073741824 Address: 0x0000000100000000

Heap:
 garbage-first heap   total 98304K, used 46534K [0x00000000a0e00000, 0x0000000100000000)
  region size 1024K, 26 young (26624K), 5 survivors (5120K)
 Metaspace       used 38591K, capacity 39104K, committed 39296K, reserved 1083392K
  class space    used 4687K, capacity 4902K, committed 4992K, reserved 1048576K
Heap Regions: E=young(eden), S=young(survivor), O=old, HS=humongous(starts), HC=humongous(continues), CS=collection set, F=free, A=archive, TAMS=top-at-mark-start (previous, next)
|   0|0x00000000a0e00000, 0x00000000a0f00000, 0x00000000a0f00000|100%|HS|  |TAMS 0x00000000a0f00000, 0x00000000a0e00000| Complete 
|   1|0x00000000a0f00000, 0x00000000a1000000, 0x00000000a1000000|100%|HC|  |TAMS 0x00000000a1000000, 0x00000000a0f00000| Complete 
|   2|0x00000000a1000000, 0x00000000a1100000, 0x00000000a1100000|100%|HC|  |TAMS 0x00000000a1100000, 0x00000000a1000000| Complete 
|   3|0x00000000a1100000, 0x00000000a1200000, 0x00000000a1200000|100%|HC|  |TAMS 0x00000000a1200000, 0x00000000a1100000| Complete 
|   4|0x00000000a1200000, 0x00000000a1300000, 0x00000000a1300000|100%| O|  |TAMS 0x00000000a1300000, 0x00000000a1200000| Untracked 
|   5|0x00000000a1300000, 0x00000000a1400000, 0x00000000a1400000|100%| O|  |TAMS 0x00000000a1400000, 0x00000000a1300000| Untracked 
|   6|0x00000000a1400000, 0x00000000a1500000, 0x00000000a1500000|100%|HS|  |TAMS 0x00000000a1500000, 0x00000000a1400000| Complete 
|   7|0x00000000a1500000, 0x00000000a1600000, 0x00000000a1600000|100%|HC|  |TAMS 0x00000000a1600000, 0x00000000a1500000| Complete 
|   8|0x00000000a1600000, 0x00000000a1700000, 0x00000000a1700000|100%|HC|  |TAMS 0x00000000a1700000, 0x00000000a1600000| Complete 
|   9|0x00000000a1700000, 0x00000000a1800000, 0x00000000a1800000|100%|HC|  |TAMS 0x00000000a1800000, 0x00000000a1700000| Complete 
|  10|0x00000000a1800000, 0x00000000a1900000, 0x00000000a1900000|100%| O|  |TAMS 0x00000000a1900000, 0x00000000a1800000| Untracked 
|  11|0x00000000a1900000, 0x00000000a1a00000, 0x00000000a1a00000|100%| O|  |TAMS 0x00000000a1a00000, 0x00000000a1900000| Untracked 
|  12|0x00000000a1a00000, 0x00000000a1b00000, 0x00000000a1b00000|100%| O|  |TAMS 0x00000000a1b00000, 0x00000000a1a00000| Untracked 
|  13|0x00000000a1b00000, 0x00000000a1c00000, 0x00000000a1c00000|100%| O|  |TAMS 0x00000000a1c00000, 0x00000000a1b00000| Untracked 
|  14|0x00000000a1c00000, 0x00000000a1d00000, 0x00000000a1d00000|100%| O|  |TAMS 0x00000000a1d00000, 0x00000000a1c00000| Untracked 
|  15|0x00000000a1d00000, 0x00000000a1e00000, 0x00000000a1e00000|100%|HS|  |TAMS 0x00000000a1e00000, 0x00000000a1d00000| Complete 
|  16|0x00000000a1e00000, 0x00000000a1f00000, 0x00000000a1f00000|100%|HC|  |TAMS 0x00000000a1f00000, 0x00000000a1e00000| Complete 
|  17|0x00000000a1f00000, 0x00000000a2000000, 0x00000000a2000000|100%| O|  |TAMS 0x00000000a2000000, 0x00000000a1f00000| Untracked 
|  18|0x00000000a2000000, 0x00000000a2100000, 0x00000000a2100000|100%| O|  |TAMS 0x00000000a2100000, 0x00000000a2000000| Untracked 
|  19|0x00000000a2100000, 0x00000000a2200000, 0x00000000a2200000|100%| O|  |TAMS 0x00000000a2200000, 0x00000000a2100000| Untracked 
|  20|0x00000000a2200000, 0x00000000a22d0400, 0x00000000a2300000| 81%| O|  |TAMS 0x00000000a22d0400, 0x00000000a2200000| Untracked 
|  21|0x00000000a2300000, 0x00000000a2300000, 0x00000000a2400000|  0%| F|  |TAMS 0x00000000a2300000, 0x00000000a2300000| Untracked 
|  22|0x00000000a2400000, 0x00000000a2400000, 0x00000000a2500000|  0%| F|  |TAMS 0x00000000a2400000, 0x00000000a2400000| Untracked 
|  23|0x00000000a2500000, 0x00000000a2500000, 0x00000000a2600000|  0%| F|  |TAMS 0x00000000a2500000, 0x00000000a2500000| Untracked 
|  24|0x00000000a2600000, 0x00000000a2600000, 0x00000000a2700000|  0%| F|  |TAMS 0x00000000a2600000, 0x00000000a2600000| Untracked 
|  25|0x00000000a2700000, 0x00000000a2700000, 0x00000000a2800000|  0%| F|  |TAMS 0x00000000a2700000, 0x00000000a2700000| Untracked 
|  26|0x00000000a2800000, 0x00000000a2800000, 0x00000000a2900000|  0%| F|  |TAMS 0x00000000a2800000, 0x00000000a2800000| Untracked 
|  27|0x00000000a2900000, 0x00000000a2900000, 0x00000000a2a00000|  0%| F|  |TAMS 0x00000000a2900000, 0x00000000a2900000| Untracked 
|  28|0x00000000a2a00000, 0x00000000a2a00000, 0x00000000a2b00000|  0%| F|  |TAMS 0x00000000a2a00000, 0x00000000a2a00000| Untracked 
|  29|0x00000000a2b00000, 0x00000000a2b00000, 0x00000000a2c00000|  0%| F|  |TAMS 0x00000000a2b00000, 0x00000000a2b00000| Untracked 
|  30|0x00000000a2c00000, 0x00000000a2c00000, 0x00000000a2d00000|  0%| F|  |TAMS 0x00000000a2c00000, 0x00000000a2c00000| Untracked 
|  31|0x00000000a2d00000, 0x00000000a2d00000, 0x00000000a2e00000|  0%| F|  |TAMS 0x00000000a2d00000, 0x00000000a2d00000| Untracked 
|  32|0x00000000a2e00000, 0x00000000a2e00000, 0x00000000a2f00000|  0%| F|  |TAMS 0x00000000a2e00000, 0x00000000a2e00000| Untracked 
|  33|0x00000000a2f00000, 0x00000000a2f00000, 0x00000000a3000000|  0%| F|  |TAMS 0x00000000a2f00000, 0x00000000a2f00000| Untracked 
|  34|0x00000000a3000000, 0x00000000a3000000, 0x00000000a3100000|  0%| F|  |TAMS 0x00000000a3000000, 0x00000000a3000000| Untracked 
|  35|0x00000000a3100000, 0x00000000a3100000, 0x00000000a3200000|  0%| F|  |TAMS 0x00000000a3100000, 0x00000000a3100000| Untracked 
|  36|0x00000000a3200000, 0x00000000a3200000, 0x00000000a3300000|  0%| F|  |TAMS 0x00000000a3200000, 0x00000000a3200000| Untracked 
|  37|0x00000000a3300000, 0x00000000a3300000, 0x00000000a3400000|  0%| F|  |TAMS 0x00000000a3300000, 0x00000000a3300000| Untracked 
|  38|0x00000000a3400000, 0x00000000a3400000, 0x00000000a3500000|  0%| F|  |TAMS 0x00000000a3400000, 0x00000000a3400000| Untracked 
|  39|0x00000000a3500000, 0x00000000a3500000, 0x00000000a3600000|  0%| F|  |TAMS 0x00000000a3500000, 0x00000000a3500000| Untracked 
|  40|0x00000000a3600000, 0x00000000a3600000, 0x00000000a3700000|  0%| F|  |TAMS 0x00000000a3600000, 0x00000000a3600000| Untracked 
|  41|0x00000000a3700000, 0x00000000a3700000, 0x00000000a3800000|  0%| F|  |TAMS 0x00000000a3700000, 0x00000000a3700000| Untracked 
|  42|0x00000000a3800000, 0x00000000a3800000, 0x00000000a3900000|  0%| F|  |TAMS 0x00000000a3800000, 0x00000000a3800000| Untracked 
|  43|0x00000000a3900000, 0x00000000a3900000, 0x00000000a3a00000|  0%| F|  |TAMS 0x00000000a3900000, 0x00000000a3900000| Untracked 
|  44|0x00000000a3a00000, 0x00000000a3a00000, 0x00000000a3b00000|  0%| F|  |TAMS 0x00000000a3a00000, 0x00000000a3a00000| Untracked 
|  45|0x00000000a3b00000, 0x00000000a3b00000, 0x00000000a3c00000|  0%| F|  |TAMS 0x00000000a3b00000, 0x00000000a3b00000| Untracked 
|  46|0x00000000a3c00000, 0x00000000a3c00000, 0x00000000a3d00000|  0%| F|  |TAMS 0x00000000a3c00000, 0x00000000a3c00000| Untracked 
|  47|0x00000000a3d00000, 0x00000000a3d00000, 0x00000000a3e00000|  0%| F|  |TAMS 0x00000000a3d00000, 0x00000000a3d00000| Untracked 
|  48|0x00000000a3e00000, 0x00000000a3e00000, 0x00000000a3f00000|  0%| F|  |TAMS 0x00000000a3e00000, 0x00000000a3e00000| Untracked 
|  49|0x00000000a3f00000, 0x00000000a3f00000, 0x00000000a4000000|  0%| F|  |TAMS 0x00000000a3f00000, 0x00000000a3f00000| Untracked 
|  50|0x00000000a4000000, 0x00000000a4000000, 0x00000000a4100000|  0%| F|  |TAMS 0x00000000a4000000, 0x00000000a4000000| Untracked 
|  51|0x00000000a4100000, 0x00000000a4100000, 0x00000000a4200000|  0%| F|  |TAMS 0x00000000a4100000, 0x00000000a4100000| Untracked 
|  52|0x00000000a4200000, 0x00000000a4200000, 0x00000000a4300000|  0%| F|  |TAMS 0x00000000a4200000, 0x00000000a4200000| Untracked 
|  53|0x00000000a4300000, 0x00000000a4300000, 0x00000000a4400000|  0%| F|  |TAMS 0x00000000a4300000, 0x00000000a4300000| Untracked 
|  54|0x00000000a4400000, 0x00000000a4400000, 0x00000000a4500000|  0%| F|  |TAMS 0x00000000a4400000, 0x00000000a4400000| Untracked 
|  55|0x00000000a4500000, 0x00000000a4500000, 0x00000000a4600000|  0%| F|  |TAMS 0x00000000a4500000, 0x00000000a4500000| Untracked 
|  56|0x00000000a4600000, 0x00000000a4600000, 0x00000000a4700000|  0%| F|  |TAMS 0x00000000a4600000, 0x00000000a4600000| Untracked 
|  57|0x00000000a4700000, 0x00000000a4700000, 0x00000000a4800000|  0%| F|  |TAMS 0x00000000a4700000, 0x00000000a4700000| Untracked 
|  58|0x00000000a4800000, 0x00000000a4800000, 0x00000000a4900000|  0%| F|  |TAMS 0x00000000a4800000, 0x00000000a4800000| Untracked 
|  59|0x00000000a4900000, 0x00000000a4900000, 0x00000000a4a00000|  0%| F|  |TAMS 0x00000000a4900000, 0x00000000a4900000| Untracked 
|  60|0x00000000a4a00000, 0x00000000a4a00000, 0x00000000a4b00000|  0%| F|  |TAMS 0x00000000a4a00000, 0x00000000a4a00000| Untracked 
|  61|0x00000000a4b00000, 0x00000000a4b00000, 0x00000000a4c00000|  0%| F|  |TAMS 0x00000000a4b00000, 0x00000000a4b00000| Untracked 
|  62|0x00000000a4c00000, 0x00000000a4c00000, 0x00000000a4d00000|  0%| F|  |TAMS 0x00000000a4c00000, 0x00000000a4c00000| Untracked 
|  63|0x00000000a4d00000, 0x00000000a4d00000, 0x00000000a4e00000|  0%| F|  |TAMS 0x00000000a4d00000, 0x00000000a4d00000| Untracked 
|  64|0x00000000a4e00000, 0x00000000a4e00000, 0x00000000a4f00000|  0%| F|  |TAMS 0x00000000a4e00000, 0x00000000a4e00000| Untracked 
|  65|0x00000000a4f00000, 0x00000000a4f00000, 0x00000000a5000000|  0%| F|  |TAMS 0x00000000a4f00000, 0x00000000a4f00000| Untracked 
|  66|0x00000000a5000000, 0x00000000a5000000, 0x00000000a5100000|  0%| F|  |TAMS 0x00000000a5000000, 0x00000000a5000000| Untracked 
|  67|0x00000000a5100000, 0x00000000a5100000, 0x00000000a5200000|  0%| F|  |TAMS 0x00000000a5100000, 0x00000000a5100000| Untracked 
|  68|0x00000000a5200000, 0x00000000a52a15b8, 0x00000000a5300000| 63%| S|CS|TAMS 0x00000000a5200000, 0x00000000a5200000| Complete 
|  69|0x00000000a5300000, 0x00000000a5400000, 0x00000000a5400000|100%| S|CS|TAMS 0x00000000a5300000, 0x00000000a5300000| Complete 
|  70|0x00000000a5400000, 0x00000000a5500000, 0x00000000a5500000|100%| S|CS|TAMS 0x00000000a5400000, 0x00000000a5400000| Complete 
|  71|0x00000000a5500000, 0x00000000a5600000, 0x00000000a5600000|100%| S|CS|TAMS 0x00000000a5500000, 0x00000000a5500000| Complete 
|  72|0x00000000a5600000, 0x00000000a5700000, 0x00000000a5700000|100%| S|CS|TAMS 0x00000000a5600000, 0x00000000a5600000| Complete 
|  73|0x00000000a5700000, 0x00000000a5700000, 0x00000000a5800000|  0%| F|  |TAMS 0x00000000a5700000, 0x00000000a5700000| Untracked 
|  74|0x00000000a5800000, 0x00000000a5800000, 0x00000000a5900000|  0%| F|  |TAMS 0x00000000a5800000, 0x00000000a5800000| Untracked 
|  75|0x00000000a5900000, 0x00000000a5a00000, 0x00000000a5a00000|100%| E|  |TAMS 0x00000000a5900000, 0x00000000a5900000| Complete 
|  76|0x00000000a5a00000, 0x00000000a5b00000, 0x00000000a5b00000|100%| E|CS|TAMS 0x00000000a5a00000, 0x00000000a5a00000| Complete 
|  77|0x00000000a5b00000, 0x00000000a5c00000, 0x00000000a5c00000|100%| E|CS|TAMS 0x00000000a5b00000, 0x00000000a5b00000| Complete 
|  78|0x00000000a5c00000, 0x00000000a5d00000, 0x00000000a5d00000|100%| E|CS|TAMS 0x00000000a5c00000, 0x00000000a5c00000| Complete 
|  79|0x00000000a5d00000, 0x00000000a5e00000, 0x00000000a5e00000|100%| E|CS|TAMS 0x00000000a5d00000, 0x00000000a5d00000| Complete 
|  80|0x00000000a5e00000, 0x00000000a5f00000, 0x00000000a5f00000|100%| E|CS|TAMS 0x00000000a5e00000, 0x00000000a5e00000| Complete 
|  81|0x00000000a5f00000, 0x00000000a6000000, 0x00000000a6000000|100%| E|CS|TAMS 0x00000000a5f00000, 0x00000000a5f00000| Complete 
|  82|0x00000000a6000000, 0x00000000a6100000, 0x00000000a6100000|100%| E|CS|TAMS 0x00000000a6000000, 0x00000000a6000000| Complete 
|  83|0x00000000a6100000, 0x00000000a6200000, 0x00000000a6200000|100%| E|CS|TAMS 0x00000000a6100000, 0x00000000a6100000| Complete 
|  84|0x00000000a6200000, 0x00000000a6300000, 0x00000000a6300000|100%| E|CS|TAMS 0x00000000a6200000, 0x00000000a6200000| Complete 
|  85|0x00000000a6300000, 0x00000000a6400000, 0x00000000a6400000|100%| E|CS|TAMS 0x00000000a6300000, 0x00000000a6300000| Complete 
|  86|0x00000000a6400000, 0x00000000a6500000, 0x00000000a6500000|100%| E|CS|TAMS 0x00000000a6400000, 0x00000000a6400000| Complete 
|  87|0x00000000a6500000, 0x00000000a6600000, 0x00000000a6600000|100%| E|CS|TAMS 0x00000000a6500000, 0x00000000a6500000| Complete 
|  88|0x00000000a6600000, 0x00000000a6700000, 0x00000000a6700000|100%| E|CS|TAMS 0x00000000a6600000, 0x00000000a6600000| Complete 
|  89|0x00000000a6700000, 0x00000000a6800000, 0x00000000a6800000|100%| E|CS|TAMS 0x00000000a6700000, 0x00000000a6700000| Complete 
|  90|0x00000000a6800000, 0x00000000a6900000, 0x00000000a6900000|100%| E|CS|TAMS 0x00000000a6800000, 0x00000000a6800000| Complete 
|  91|0x00000000a6900000, 0x00000000a6a00000, 0x00000000a6a00000|100%| E|CS|TAMS 0x00000000a6900000, 0x00000000a6900000| Complete 
|  92|0x00000000a6a00000, 0x00000000a6b00000, 0x00000000a6b00000|100%| E|CS|TAMS 0x00000000a6a00000, 0x00000000a6a00000| Complete 
|  93|0x00000000a6b00000, 0x00000000a6c00000, 0x00000000a6c00000|100%| E|CS|TAMS 0x00000000a6b00000, 0x00000000a6b00000| Complete 
|  94|0x00000000a6c00000, 0x00000000a6d00000, 0x00000000a6d00000|100%| E|CS|TAMS 0x00000000a6c00000, 0x00000000a6c00000| Complete 
|  95|0x00000000a6d00000, 0x00000000a6e00000, 0x00000000a6e00000|100%| E|CS|TAMS 0x00000000a6d00000, 0x00000000a6d00000| Complete 

Card table byte_map: [0x00000234d65a0000,0x00000234d68a0000] _byte_map_base: 0x00000234d6099000

Marking Bits (Prev, Next): (CMBitMap*) 0x00000234c0a3b538, (CMBitMap*) 0x00000234c0a3b570
 Prev Bits: [0x00000234d6ba0000, 0x00000234d8368000)
 Next Bits: [0x00000234d8370000, 0x00000234d9b38000)

Polling page: 0x00000234c0ad0000

Metaspace:

Usage:
  Non-class:     33.40 MB capacity,    33.13 MB (>99%) used,   218.02 KB ( <1%) free+waste,    55.44 KB ( <1%) overhead. 
      Class:      4.79 MB capacity,     4.58 MB ( 96%) used,   184.85 KB (  4%) free+waste,    25.69 KB ( <1%) overhead. 
       Both:     38.19 MB capacity,    37.71 MB ( 99%) used,   402.87 KB (  1%) free+waste,    81.13 KB ( <1%) overhead. 

Virtual space:
  Non-class space:       34.00 MB reserved,      33.50 MB ( 99%) committed 
      Class space:        1.00 GB reserved,       4.88 MB ( <1%) committed 
             Both:        1.03 GB reserved,      38.38 MB (  4%) committed 

Chunk freelists:
   Non-Class:  38.00 KB
       Class:  26.00 KB
        Both:  64.00 KB

MaxMetaspaceSize: 17179869184.00 GB
CompressedClassSpaceSize: 1.00 GB
Initial GC threshold: 20.80 MB
Current GC threshold: 58.75 MB
CDS: off

CodeHeap 'non-profiled nmethods': size=120000Kb used=986Kb max_used=986Kb free=119013Kb
 bounds [0x00000234ce300000, 0x00000234ce570000, 0x00000234d5830000]
CodeHeap 'profiled nmethods': size=120000Kb used=5786Kb max_used=5786Kb free=114213Kb
 bounds [0x00000234c6dd0000, 0x00000234c7380000, 0x00000234ce300000]
CodeHeap 'non-nmethods': size=5760Kb used=1245Kb max_used=1291Kb free=4514Kb
 bounds [0x00000234c6830000, 0x00000234c6aa0000, 0x00000234c6dd0000]
 total_blobs=3266 nmethods=2736 adapters=442
 compilation: enabled
              stopped_count=0, restarted_count=0
 full_count=0

Compilation events (20 events):
Event: 2.861 Thread 0x00000234dc63f000 2742       3       org.jetbrains.kotlin.com.intellij.util.containers.MultiMap::lambda$putValue$1 (5 bytes)
Event: 2.861 Thread 0x00000234dc63f000 nmethod 2742 0x00000234c7368a90 code [0x00000234c7368c40, 0x00000234c7368de0]
Event: 2.862 Thread 0x00000234dc63f000 2743       3       sun.reflect.generics.parser.SignatureParser::parseTypeSig (10 bytes)
Event: 2.862 Thread 0x00000234dc63f000 nmethod 2743 0x00000234c7368e90 code [0x00000234c7369060, 0x00000234c7369240]
Event: 2.862 Thread 0x00000234dc63f000 2744       3       sun.reflect.annotation.AnnotationParser::toClass (32 bytes)
Event: 2.862 Thread 0x00000234dc63f000 nmethod 2744 0x00000234c7369310 code [0x00000234c7369560, 0x00000234c736a020]
Event: 2.868 Thread 0x00000234dc63f000 2746       3       java.lang.PublicMethods$Key::equals (52 bytes)
Event: 2.868 Thread 0x00000234dc63f000 nmethod 2746 0x00000234c736a290 code [0x00000234c736a460, 0x00000234c736a8a0]
Event: 2.870 Thread 0x00000234dc63f000 2749       3       org.jetbrains.kotlin.com.intellij.util.SmartList::<init> (5 bytes)
Event: 2.870 Thread 0x00000234dc63f000 nmethod 2749 0x00000234c736a990 code [0x00000234c736ab60, 0x00000234c736ad70]
Event: 2.882 Thread 0x00000234dc63f000 2751       3       sun.reflect.generics.visitor.Reifier::getResult (26 bytes)
Event: 2.882 Thread 0x00000234dc63f000 nmethod 2751 0x00000234c736ae90 code [0x00000234c736b040, 0x00000234c736b150]
Event: 2.883 Thread 0x00000234dc63f000 2752       3       sun.reflect.generics.tree.ClassTypeSignature::accept (8 bytes)
Event: 2.884 Thread 0x00000234dc63f000 nmethod 2752 0x00000234c736b210 code [0x00000234c736b3c0, 0x00000234c736b520]
Event: 2.884 Thread 0x00000234dc63f000 2753       3       sun.reflect.generics.visitor.Reifier::visitClassTypeSignature (381 bytes)
Event: 2.887 Thread 0x00000234dc63f000 nmethod 2753 0x00000234c736b610 code [0x00000234c736bb00, 0x00000234c736de30]
Event: 2.887 Thread 0x00000234dc63f000 2754       3       sun.reflect.annotation.AnnotationParser::parseSig (61 bytes)
Event: 2.888 Thread 0x00000234dc63f000 nmethod 2754 0x00000234c736ec10 code [0x00000234c736ef00, 0x00000234c736fff0]
Event: 2.888 Thread 0x00000234dc63f000 2755       3       org.jetbrains.kotlin.com.intellij.util.containers.CanonicalHashingStrategy::hashCode (5 bytes)
Event: 2.888 Thread 0x00000234dc63f000 nmethod 2755 0x00000234c7370590 code [0x00000234c7370760, 0x00000234c73709e0]

GC Heap History (8 events):
Event: 0.576 GC heap before
{Heap before GC invocations=0 (full 0):
 garbage-first heap   total 98304K, used 28672K [0x00000000a0e00000, 0x0000000100000000)
  region size 1024K, 24 young (24576K), 0 survivors (0K)
 Metaspace       used 12035K, capacity 12149K, committed 12416K, reserved 1060864K
  class space    used 1071K, capacity 1110K, committed 1152K, reserved 1048576K
}
Event: 0.583 GC heap after
{Heap after GC invocations=1 (full 0):
 garbage-first heap   total 98304K, used 7337K [0x00000000a0e00000, 0x0000000100000000)
  region size 1024K, 3 young (3072K), 3 survivors (3072K)
 Metaspace       used 12035K, capacity 12149K, committed 12416K, reserved 1060864K
  class space    used 1071K, capacity 1110K, committed 1152K, reserved 1048576K
}
Event: 1.269 GC heap before
{Heap before GC invocations=1 (full 0):
 garbage-first heap   total 98304K, used 45225K [0x00000000a0e00000, 0x0000000100000000)
  region size 1024K, 41 young (41984K), 3 survivors (3072K)
 Metaspace       used 20926K, capacity 21195K, committed 21248K, reserved 1069056K
  class space    used 2209K, capacity 2301K, committed 2304K, reserved 1048576K
}
Event: 1.287 GC heap after
{Heap after GC invocations=2 (full 0):
 garbage-first heap   total 98304K, used 11208K [0x00000000a0e00000, 0x0000000100000000)
  region size 1024K, 7 young (7168K), 7 survivors (7168K)
 Metaspace       used 20926K, capacity 21195K, committed 21248K, reserved 1069056K
  class space    used 2209K, capacity 2301K, committed 2304K, reserved 1048576K
}
Event: 2.224 GC heap before
{Heap before GC invocations=3 (full 0):
 garbage-first heap   total 98304K, used 59336K [0x00000000a0e00000, 0x0000000100000000)
  region size 1024K, 50 young (51200K), 7 survivors (7168K)
 Metaspace       used 31964K, capacity 32429K, committed 32640K, reserved 1077248K
  class space    used 3751K, capacity 3960K, committed 3968K, reserved 1048576K
}
Event: 2.246 GC heap after
{Heap after GC invocations=4 (full 0):
 garbage-first heap   total 98304K, used 19620K [0x00000000a0e00000, 0x0000000100000000)
  region size 1024K, 5 young (5120K), 5 survivors (5120K)
 Metaspace       used 31964K, capacity 32429K, committed 32640K, reserved 1077248K
  class space    used 3751K, capacity 3960K, committed 3968K, reserved 1048576K
}
Event: 2.573 GC heap before
{Heap before GC invocations=4 (full 0):
 garbage-first heap   total 98304K, used 44196K [0x00000000a0e00000, 0x0000000100000000)
  region size 1024K, 28 young (28672K), 5 survivors (5120K)
 Metaspace       used 35336K, capacity 35767K, committed 35840K, reserved 1081344K
  class space    used 4335K, capacity 4539K, committed 4608K, reserved 1048576K
}
Event: 2.595 GC heap after
{Heap after GC invocations=5 (full 0):
 garbage-first heap   total 98304K, used 26054K [0x00000000a0e00000, 0x0000000100000000)
  region size 1024K, 5 young (5120K), 5 survivors (5120K)
 Metaspace       used 35336K, capacity 35767K, committed 35840K, reserved 1081344K
  class space    used 4335K, capacity 4539K, committed 4608K, reserved 1048576K
}

Deoptimization events (20 events):
Event: 2.660 Thread 0x00000234c0a05000 DEOPT PACKING pc=0x00000234ce3df208 sp=0x000000e9f9efdf10
Event: 2.660 Thread 0x00000234c0a05000 DEOPT UNPACKING pc=0x00000234c687a1a7 sp=0x000000e9f9efddf8 mode 2
Event: 2.663 Thread 0x00000234c0a05000 Uncommon trap: trap_request=0xffffffde fr.pc=0x00000234ce3df208 relative=0x0000000000000488
Event: 2.663 Thread 0x00000234c0a05000 Uncommon trap: reason=class_check action=maybe_recompile pc=0x00000234ce3df208 method=org.jetbrains.kotlin.protobuf.CodedInputStream.tryRefillBuffer(I)Z @ 177 c2
Event: 2.663 Thread 0x00000234c0a05000 DEOPT PACKING pc=0x00000234ce3df208 sp=0x000000e9f9efdf10
Event: 2.663 Thread 0x00000234c0a05000 DEOPT UNPACKING pc=0x00000234c687a1a7 sp=0x000000e9f9efddf8 mode 2
Event: 2.663 Thread 0x00000234c0a05000 Uncommon trap: trap_request=0xffffffde fr.pc=0x00000234ce3df208 relative=0x0000000000000488
Event: 2.663 Thread 0x00000234c0a05000 Uncommon trap: reason=class_check action=maybe_recompile pc=0x00000234ce3df208 method=org.jetbrains.kotlin.protobuf.CodedInputStream.tryRefillBuffer(I)Z @ 177 c2
Event: 2.663 Thread 0x00000234c0a05000 DEOPT PACKING pc=0x00000234ce3df208 sp=0x000000e9f9efdf10
Event: 2.663 Thread 0x00000234c0a05000 DEOPT UNPACKING pc=0x00000234c687a1a7 sp=0x000000e9f9efddf8 mode 2
Event: 2.674 Thread 0x00000234c0a05000 DEOPT PACKING pc=0x00000234c711765b sp=0x000000e9f9efdca0
Event: 2.674 Thread 0x00000234c0a05000 DEOPT UNPACKING pc=0x00000234c687a956 sp=0x000000e9f9efd118 mode 0
Event: 2.677 Thread 0x00000234c0a05000 DEOPT PACKING pc=0x00000234c7116d68 sp=0x000000e9f9efddb0
Event: 2.677 Thread 0x00000234c0a05000 DEOPT UNPACKING pc=0x00000234c687a956 sp=0x000000e9f9efd2b8 mode 0
Event: 2.691 Thread 0x00000234c0a05000 DEOPT PACKING pc=0x00000234c711765b sp=0x000000e9f9efda30
Event: 2.691 Thread 0x00000234c0a05000 DEOPT UNPACKING pc=0x00000234c687a956 sp=0x000000e9f9efcea8 mode 0
Event: 2.764 Thread 0x00000234c0a05000 Uncommon trap: trap_request=0xffffff4d fr.pc=0x00000234ce334af0 relative=0x00000000000003b0
Event: 2.764 Thread 0x00000234c0a05000 Uncommon trap: reason=unstable_if action=reinterpret pc=0x00000234ce334af0 method=java.util.concurrent.ConcurrentHashMap.get(Ljava/lang/Object;)Ljava/lang/Object; @ 76 c2
Event: 2.764 Thread 0x00000234c0a05000 DEOPT PACKING pc=0x00000234ce334af0 sp=0x000000e9f9efa4a0
Event: 2.764 Thread 0x00000234c0a05000 DEOPT UNPACKING pc=0x00000234c687a1a7 sp=0x000000e9f9efa428 mode 2

Classes redefined (0 events):
No events

Internal exceptions (20 events):
Event: 1.025 Thread 0x00000234c0a05000 Exception <a 'java/lang/NoSuchMethodError'{0x00000000a528fb98}: 'long java.lang.invoke.DelegatingMethodHandle$Holder.reinvoke_L(java.lang.Object, java.lang.Object, java.lang.Object)'> (0x00000000a528fb98) thrown at [./src/hotspot/share/interpreter/linkResolver.cpp, line 773]
Event: 1.026 Thread 0x00000234c0a05000 Exception <a 'java/lang/NoSuchMethodError'{0x00000000a5299858}: 'int java.lang.invoke.DirectMethodHandle$Holder.invokeSpecial(java.lang.Object, java.lang.Object, java.lang.Object, java.lang.Object)'> (0x00000000a5299858) thrown at [./src/hotspot/share/interpreter/linkResolver.cpp, line 773]
Event: 1.028 Thread 0x00000234c0a05000 Exception <a 'java/lang/NoSuchMethodError'{0x00000000a52a8638}: 'int java.lang.invoke.DelegatingMethodHandle$Holder.reinvoke_L(java.lang.Object, java.lang.Object, java.lang.Object, long, int)'> (0x00000000a52a8638) thrown at [./src/hotspot/share/interpreter/linkResolver.cpp, line 773]
Event: 1.261 Thread 0x00000234c0a05000 Exception <a 'java/lang/NoSuchMethodError'{0x00000000a46cd788}: 'java.lang.Object java.lang.invoke.DirectMethodHandle$Holder.invokeStaticInit(java.lang.Object, int)'> (0x00000000a46cd788) thrown at [./src/hotspot/share/interpreter/linkResolver.cpp, line 773]
Event: 1.315 Thread 0x00000234c0a05000 Exception <a 'java/lang/NoSuchMethodError'{0x00000000a6c69fb8}: 'long java.lang.invoke.DirectMethodHandle$Holder.invokeStatic(java.lang.Object)'> (0x00000000a6c69fb8) thrown at [./src/hotspot/share/interpreter/linkResolver.cpp, line 773]
Event: 1.315 Thread 0x00000234c0a05000 Exception <a 'java/lang/NoSuchMethodError'{0x00000000a6c6ce10}: 'long java.lang.invoke.DirectMethodHandle$Holder.invokeStaticInit(java.lang.Object)'> (0x00000000a6c6ce10) thrown at [./src/hotspot/share/interpreter/linkResolver.cpp, line 773]
Event: 1.337 Thread 0x00000234c0a05000 Exception <a 'java/lang/NoSuchMethodError'{0x00000000a6be15b8}: 'int java.lang.invoke.DirectMethodHandle$Holder.invokeSpecialIFC(java.lang.Object, java.lang.Object, int)'> (0x00000000a6be15b8) thrown at [./src/hotspot/share/interpreter/linkResolver.cpp, line 773]
Event: 1.372 Thread 0x00000234c0a05000 Exception <a 'java/lang/NoSuchMethodError'{0x00000000a68ec538}: 'int java.lang.invoke.DirectMethodHandle$Holder.invokeStaticInit(java.lang.Object, java.lang.Object, java.lang.Object)'> (0x00000000a68ec538) thrown at [./src/hotspot/share/interpreter/linkResolver.cpp, line 773]
Event: 1.376 Thread 0x00000234c0a05000 Exception <a 'java/lang/NoSuchMethodError'{0x00000000a6718f58}: 'int java.lang.invoke.DirectMethodHandle$Holder.invokeStaticInit(java.lang.Object, java.lang.Object)'> (0x00000000a6718f58) thrown at [./src/hotspot/share/interpreter/linkResolver.cpp, line 773]
Event: 1.429 Thread 0x00000234c0a05000 Exception <a 'java/lang/NoSuchMethodError'{0x00000000a6531fd0}: 'void java.lang.invoke.DirectMethodHandle$Holder.invokeSpecial(java.lang.Object, java.lang.Object)'> (0x00000000a6531fd0) thrown at [./src/hotspot/share/interpreter/linkResolver.cpp, line 773]
Event: 1.596 Thread 0x00000234c0a05000 Exception <a 'java/lang/NoSuchMethodError'{0x00000000a5da62e8}: 'java.lang.Object java.lang.invoke.DirectMethodHandle$Holder.invokeStatic(java.lang.Object, java.lang.Object, java.lang.Object, java.lang.Object, java.lang.Object, java.lang.Object, java.lang.Object, java.lang.Object, java.lang.Object, java.lang.Object, java.lang.Object, java.lang.Object, java.lang.Object, java.lang.Object, java.lang.Object)'> (0x00000000a5da62e8) thrown at [./src/hotspot/share/interpreter/linkResolver.cpp, line 773]
Event: 1.597 Thread 0x00000234c0a05000 Exception <a 'java/lang/NoSuchMethodError'{0x00000000a5db42f0}: 'java.lang.Object java.lang.invoke.DirectMethodHandle$Holder.invokeStatic(java.lang.Object, java.lang.Object, java.lang.Object, java.lang.Object, java.lang.Object, java.lang.Object, java.lang.Object, java.lang.Object, java.lang.Object, java.lang.Object, java.lang.Object, java.lang.Object, java.lang.Object, java.lang.Object, java.lang.Object, java.lang.Object)'> (0x00000000a5db42f0) thrown at [./src/hotspot/share/interpreter/linkResolver.cpp, l
Event: 1.598 Thread 0x00000234c0a05000 Exception <a 'java/lang/NoSuchMethodError'{0x00000000a5dc2208}: 'java.lang.Object java.lang.invoke.DirectMethodHandle$Holder.invokeSpecial(java.lang.Object, java.lang.Object, int, int, java.lang.Object, java.lang.Object, java.lang.Object)'> (0x00000000a5dc2208) thrown at [./src/hotspot/share/interpreter/linkResolver.cpp, line 773]
Event: 1.598 Thread 0x00000234c0a05000 Exception <a 'java/lang/NoSuchMethodError'{0x00000000a5dc5a40}: 'java.lang.Object java.lang.invoke.DelegatingMethodHandle$Holder.reinvoke_L(java.lang.Object, int, int, java.lang.Object, java.lang.Object, java.lang.Object)'> (0x00000000a5dc5a40) thrown at [./src/hotspot/share/interpreter/linkResolver.cpp, line 773]
Event: 1.599 Thread 0x00000234c0a05000 Exception <a 'java/lang/NoSuchMethodError'{0x00000000a5dc9dc8}: 'java.lang.Object java.lang.invoke.DirectMethodHandle$Holder.invokeStatic(java.lang.Object, java.lang.Object, java.lang.Object, java.lang.Object, int)'> (0x00000000a5dc9dc8) thrown at [./src/hotspot/share/interpreter/linkResolver.cpp, line 773]
Event: 1.635 Thread 0x00000234c0a05000 Exception <a 'java/lang/NoSuchMethodError'{0x00000000a5cf0ee8}: 'void java.lang.invoke.DirectMethodHandle$Holder.invokeStatic(java.lang.Object, java.lang.Object, java.lang.Object, java.lang.Object)'> (0x00000000a5cf0ee8) thrown at [./src/hotspot/share/interpreter/linkResolver.cpp, line 773]
Event: 1.691 Thread 0x00000234c0a05000 Exception <a 'java/lang/NoSuchMethodError'{0x00000000a58e1810}: 'void java.lang.invoke.DirectMethodHandle$Holder.invokeStaticInit(java.lang.Object, java.lang.Object)'> (0x00000000a58e1810) thrown at [./src/hotspot/share/interpreter/linkResolver.cpp, line 773]
Event: 1.813 Thread 0x00000234c0a05000 Exception <a 'java/lang/NoSuchMethodError'{0x00000000a508f838}: 'void java.lang.invoke.DirectMethodHandle$Holder.invokeVirtual(java.lang.Object, java.lang.Object)'> (0x00000000a508f838) thrown at [./src/hotspot/share/interpreter/linkResolver.cpp, line 773]
Event: 1.824 Thread 0x00000234c0a05000 Exception <a 'java/lang/NoSuchMethodError'{0x00000000a4f23ec0}: 'int java.lang.invoke.DirectMethodHandle$Holder.invokeVirtual(java.lang.Object, java.lang.Object)'> (0x00000000a4f23ec0) thrown at [./src/hotspot/share/interpreter/linkResolver.cpp, line 773]
Event: 2.648 Thread 0x00000234c0a05000 Exception <a 'java/lang/NoSuchMethodError'{0x00000000a6a3f058}: 'java.lang.Object java.lang.invoke.DirectMethodHandle$Holder.invokeVirtual(java.lang.Object, java.lang.Object, java.lang.Object)'> (0x00000000a6a3f058) thrown at [./src/hotspot/share/interpreter/linkResolver.cpp, line 773]

Events (20 events):
Event: 2.887 loading class org/jetbrains/kotlin/resolve/BodyResolver
Event: 2.887 loading class org/jetbrains/kotlin/resolve/BodyResolver done
Event: 2.888 loading class org/jetbrains/kotlin/resolve/QualifiedExpressionResolver
Event: 2.888 loading class org/jetbrains/kotlin/resolve/QualifiedExpressionResolver done
Event: 2.890 loading class org/jetbrains/kotlin/resolve/FilePreprocessor
Event: 2.890 loading class org/jetbrains/kotlin/resolve/FilePreprocessor done
Event: 2.890 loading class org/jetbrains/kotlin/resolve/TopDownAnalysisMode
Event: 2.890 loading class org/jetbrains/kotlin/resolve/TopDownAnalysisMode done
Event: 2.890 loading class org/jetbrains/kotlin/resolve/calls/smartcasts/DataFlowInfo
Event: 2.890 loading class org/jetbrains/kotlin/resolve/calls/smartcasts/DataFlowInfo done
Event: 2.890 loading class org/jetbrains/kotlin/types/expressions/ExpressionTypingContext
Event: 2.890 loading class org/jetbrains/kotlin/types/expressions/ExpressionTypingContext done
Event: 2.891 loading class org/jetbrains/kotlin/resolve/TopDownAnalysisContext
Event: 2.891 loading class org/jetbrains/kotlin/resolve/TopDownAnalysisContext done
Event: 2.891 loading class org/jetbrains/kotlin/resolve/BodiesResolveContext
Event: 2.891 loading class org/jetbrains/kotlin/resolve/BodiesResolveContext done
Event: 2.892 loading class org/jetbrains/kotlin/resolve/calls/CallResolver
Event: 2.892 loading class org/jetbrains/kotlin/resolve/calls/CallResolver done
Event: 2.894 loading class org/jetbrains/kotlin/resolve/constants/evaluate/ConstantExpressionEvaluator
Event: 2.894 loading class org/jetbrains/kotlin/resolve/constants/evaluate/ConstantExpressionEvaluator done


Dynamic libraries:
0x00007ff6758b0000 - 0x00007ff6758ba000 	C:\Program Files\Android\Android Studio\jre\bin\java.exe
0x00007ffd3c620000 - 0x00007ffd3c80d000 	C:\Windows\SYSTEM32\ntdll.dll
0x00007ffd0b230000 - 0x00007ffd0b247000 	C:\Program Files\Avast Software\Avast\aswhook.dll
0x00007ffd3c400000 - 0x00007ffd3c4b3000 	C:\Windows\System32\KERNEL32.DLL
0x00007ffd39030000 - 0x00007ffd392c3000 	C:\Windows\System32\KERNELBASE.dll
0x00007ffd39620000 - 0x00007ffd3971c000 	C:\Windows\System32\ucrtbase.dll
0x00007ffd115a0000 - 0x00007ffd115b9000 	C:\Program Files\Android\Android Studio\jre\bin\jli.dll
0x00007ffd11580000 - 0x00007ffd11597000 	C:\Program Files\Android\Android Studio\jre\bin\VCRUNTIME140.dll
0x00007ffd39880000 - 0x00007ffd39a17000 	C:\Windows\System32\USER32.dll
0x00007ffd38720000 - 0x00007ffd38740000 	C:\Windows\System32\win32u.dll
0x00007ffd3c220000 - 0x00007ffd3c249000 	C:\Windows\System32\GDI32.dll
0x00007ffd1e5b0000 - 0x00007ffd1e829000 	C:\Windows\WinSxS\amd64_microsoft.windows.common-controls_6595b64144ccf1df_6.0.17763.316_none_05b53be2071f46b6\COMCTL32.dll
0x00007ffd38740000 - 0x00007ffd388da000 	C:\Windows\System32\gdi32full.dll
0x00007ffd39530000 - 0x00007ffd395d0000 	C:\Windows\System32\msvcp_win.dll
0x00007ffd3c250000 - 0x00007ffd3c2ee000 	C:\Windows\System32\msvcrt.dll
0x00007ffd39a20000 - 0x00007ffd39d4d000 	C:\Windows\System32\combase.dll
0x00007ffd3ab10000 - 0x00007ffd3ac32000 	C:\Windows\System32\RPCRT4.dll
0x00007ffd392d0000 - 0x00007ffd3934e000 	C:\Windows\System32\bcryptPrimitives.dll
0x00007ffd3a660000 - 0x00007ffd3a68e000 	C:\Windows\System32\IMM32.DLL
0x00007ffcfce00000 - 0x00007ffcfce9d000 	C:\Program Files\Android\Android Studio\jre\bin\msvcp140.dll
0x00000234c22e0000 - 0x00000234c2de2000 	C:\Program Files\Android\Android Studio\jre\bin\server\jvm.dll
0x00007ffd3a330000 - 0x00007ffd3a3d3000 	C:\Windows\System32\ADVAPI32.dll
0x00007ffd3c360000 - 0x00007ffd3c3fe000 	C:\Windows\System32\sechost.dll
0x00007ffd3a190000 - 0x00007ffd3a198000 	C:\Windows\System32\PSAPI.DLL
0x00007ffd36790000 - 0x00007ffd367b4000 	C:\Windows\SYSTEM32\WINMM.dll
0x00007ffd287b0000 - 0x00007ffd287b9000 	C:\Windows\SYSTEM32\WSOCK32.dll
0x00007ffd33960000 - 0x00007ffd3396a000 	C:\Windows\SYSTEM32\VERSION.dll
0x00007ffd3a1a0000 - 0x00007ffd3a20d000 	C:\Windows\System32\WS2_32.dll
0x00007ffd36670000 - 0x00007ffd3669d000 	C:\Windows\SYSTEM32\WINMMBASE.dll
0x00007ffd395d0000 - 0x00007ffd3961a000 	C:\Windows\System32\cfgmgr32.dll
0x00007ffd38650000 - 0x00007ffd38661000 	C:\Windows\System32\kernel.appcore.dll
0x00007ffd2f190000 - 0x00007ffd2f1a1000 	C:\Program Files\Android\Android Studio\jre\bin\verify.dll
0x00007ffd2ff90000 - 0x00007ffd3017d000 	C:\Windows\SYSTEM32\DBGHELP.DLL
0x00007ffd2bf90000 - 0x00007ffd2bfba000 	C:\Windows\SYSTEM32\dbgcore.DLL
0x00007ffd2f160000 - 0x00007ffd2f189000 	C:\Program Files\Android\Android Studio\jre\bin\java.dll
0x00007ffd2ef50000 - 0x00007ffd2ef5b000 	C:\Program Files\Android\Android Studio\jre\bin\jimage.dll
0x00007ffd2ef30000 - 0x00007ffd2ef48000 	C:\Program Files\Android\Android Studio\jre\bin\zip.dll
0x00007ffd3ad30000 - 0x00007ffd3c21f000 	C:\Windows\System32\SHELL32.dll
0x00007ffd3a210000 - 0x00007ffd3a2b8000 	C:\Windows\System32\shcore.dll
0x00007ffd388e0000 - 0x00007ffd3902a000 	C:\Windows\System32\windows.storage.dll
0x00007ffd386f0000 - 0x00007ffd38714000 	C:\Windows\System32\profapi.dll
0x00007ffd38670000 - 0x00007ffd386cd000 	C:\Windows\System32\powrprof.dll
0x00007ffd39d50000 - 0x00007ffd39da2000 	C:\Windows\System32\shlwapi.dll
0x00007ffd39800000 - 0x00007ffd39817000 	C:\Windows\System32\cryptsp.dll
0x00007ffd2ef10000 - 0x00007ffd2ef2a000 	C:\Program Files\Android\Android Studio\jre\bin\net.dll
0x00007ffd2b0d0000 - 0x00007ffd2b1c1000 	C:\Windows\SYSTEM32\WINHTTP.dll
0x00007ffd37e80000 - 0x00007ffd37ee7000 	C:\Windows\system32\mswsock.dll
0x00007ffd2eef0000 - 0x00007ffd2ef04000 	C:\Program Files\Android\Android Studio\jre\bin\nio.dll

dbghelp: loaded successfully - version: 4.0.5 - missing functions: none
symbol engine: initialized successfully - sym options: 0x614 - pdb path: .;C:\Program Files\Android\Android Studio\jre\bin;C:\Windows\SYSTEM32;C:\Program Files\Avast Software\Avast;C:\Windows\WinSxS\amd64_microsoft.windows.common-controls_6595b64144ccf1df_6.0.17763.316_none_05b53be2071f46b6;C:\Program Files\Android\Android Studio\jre\bin\server

VM Arguments:
java_command: org.jetbrains.kotlin.cli.jvm.K2JVMCompiler @C:\Users\Artem\AndroidStudioProjects\LTechTestTask\app\build\20230126_3609596097232131398.compiler.options
java_class_path (initial): C:\Users\Artem\StudioProjects\CoolNews\caches\modules-2\files-2.1\org.jetbrains.kotlin\kotlin-compiler-embeddable\1.7.20\8db18559a581dd2c36ddfd5046af145650f5b126\kotlin-compiler-embeddable-1.7.20.jar;C:\Users\Artem\StudioProjects\CoolNews\caches\modules-2\files-2.1\org.jetbrains.kotlin\kotlin-reflect\1.7.20\12b2501e33bb6373e8e347c86d85481863629381\kotlin-reflect-1.7.20.jar;C:\Users\Artem\StudioProjects\CoolNews\caches\modules-2\files-2.1\org.jetbrains.kotlin\kotlin-stdlib\1.7.20\726594ea9ba2beb2ee113647fefa9a10f9fabe52\kotlin-stdlib-1.7.20.jar;C:\Users\Artem\StudioProjects\CoolNews\caches\modules-2\files-2.1\org.jetbrains.kotlin\kotlin-script-runtime\1.7.20\bcd1cc6f865e632550357fcc59f5ffd532615a8\kotlin-script-runtime-1.7.20.jar;C:\Users\Artem\StudioProjects\CoolNews\caches\modules-2\files-2.1\org.jetbrains.kotlin\kotlin-daemon-embeddable\1.7.20\1e24355adad8d529d75d5b19eab55484057431ba\kotlin-daemon-embeddable-1.7.20.jar;C:\Users\Artem\StudioProjects\CoolNews\caches\modules-2\files-2.1\org.jetbrains.intellij.deps\trove4j\1.0.20200330\3afb14d5f9ceb459d724e907a21145e8ff394f02\trove4j-1.0.20200330.jar;C:\Users\Artem\StudioProjects\CoolNews\caches\modules-2\files-2.1\net.java.dev.jna\jna\5.6.0\330f2244e9030119ab3030fc3fededc86713d9cc\jna-5.6.0.jar;C:\Users\Artem\StudioProjects\CoolNews\caches\modules-2\files-2.1\org.jetbrains.kotlin\kotlin-stdlib-common\1.7.20\e15351bdaf9fa06f009be5da7a202e4184f00ae3\kotlin-stdlib-common-1.7.20.jar;C:\Users\Artem\StudioProjects\CoolNews\caches\modules-2\files-2.1\org.jetbrains\annotations\13.0\919f0dfe192fb4e063e7dacadee7f8bb9a2672a9\annotations-13.0.jar
Launcher Type: SUN_STANDARD

[Global flags]
     intx CICompilerCount                          = 4                                         {product} {ergonomic}
     uint ConcGCThreads                            = 2                                         {product} {ergonomic}
     uint G1ConcRefinementThreads                  = 8                                         {product} {ergonomic}
   size_t G1HeapRegionSize                         = 1048576                                   {product} {ergonomic}
    uintx GCDrainStackTargetSize                   = 64                                        {product} {ergonomic}
   size_t InitialHeapSize                          = 100663296                                 {product} {ergonomic}
   size_t MarkStackSize                            = 4194304                                   {product} {ergonomic}
   size_t MaxHeapSize                              = 1595932672                                {product} {ergonomic}
   size_t MaxNewSize                               = 957349888                                 {product} {ergonomic}
   size_t MinHeapDeltaBytes                        = 1048576                                   {product} {ergonomic}
    uintx NonNMethodCodeHeapSize                   = 5836300                                {pd product} {ergonomic}
    uintx NonProfiledCodeHeapSize                  = 122910970                              {pd product} {ergonomic}
    uintx ProfiledCodeHeapSize                     = 122910970                              {pd product} {ergonomic}
    uintx ReservedCodeCacheSize                    = 251658240                              {pd product} {ergonomic}
     bool SegmentedCodeCache                       = true                                      {product} {ergonomic}
     bool UseCompressedClassPointers               = true                                 {lp64_product} {ergonomic}
     bool UseCompressedOops                        = true                                 {lp64_product} {ergonomic}
     bool UseG1GC                                  = true                                      {product} {ergonomic}
     bool UseLargePagesIndividualAllocation        = false                                  {pd product} {ergonomic}

Logging:
Log output configuration:
 #0: stdout all=warning uptime,level,tags
 #1: stderr all=off uptime,level,tags

Environment Variables:
PATH=C:\Windows\system32;C:\Windows;C:\Windows\System32\Wbem;C:\Windows\System32\WindowsPowerShell\v1.0\;C:\Program Files (x86)\NVIDIA Corporation\PhysX\Common;C:\Program Files\Common Files\Autodesk Shared\;C:\Program Files\Git\cmd;C:\Users\Artem\AppData\Local\Microsoft\WindowsApps;
USERNAME=Artem
OS=Windows_NT
PROCESSOR_IDENTIFIER=AMD64 Family 23 Model 24 Stepping 1, AuthenticAMD



---------------  S Y S T E M  ---------------

OS: Windows 10 , 64 bit Build 17763 (10.0.17763.292)
OS uptime: 0 days 10:56 hours

CPU:total 8 (initial active 8) (8 cores per cpu, 2 threads per core) family 23 model 24 stepping 1 microcode 0x0, cmov, cx8, fxsr, mmx, sse, sse2, sse3, ssse3, sse4.1, sse4.2, popcnt, avx, avx2, aes, clmul, mmxext, 3dnowpref, lzcnt, sse4a, ht, tsc, tscinvbit, tscinv, bmi1, bmi2, adx, sha, fma

Memory: 4k page, system-wide physical 6082M (221M free)
TotalPageFile size 10178M (AvailPageFile size 5M)
current process WorkingSet (physical memory assigned to process): 194M, peak: 194M
current process commit charge ("private bytes"): 257M, peak: 257M

vm_info: OpenJDK 64-Bit Server VM (11.0.13+0-b1751.21-8125866) for windows-amd64 JRE (11.0.13+0-b1751.21-8125866), built on Feb  2 2022 03:00:22 by "builder" with MS VC++ 14.0 (VS2015)

END.
