#
# There is insufficient memory for the Java Runtime Environment to continue.
# Native memory allocation (malloc) failed to allocate 32744 bytes for ChunkPool::allocate
# Possible reasons:
#   The system is out of physical RAM or swap space
#   The process is running with CompressedOops enabled, and the Java Heap may be blocking the growth of the native heap
# Possible solutions:
#   Reduce memory load on the system
#   Increase physical memory or swap space
#   Check if swap backing store is full
#   Decrease Java heap size (-Xmx/-Xms)
#   Decrease number of Java threads
#   Decrease Java thread stack sizes (-Xss)
#   Set larger code cache with -XX:ReservedCodeCacheSize=
#   JVM is running with Unscaled Compressed Oops mode in which the Java heap is
#     placed in the first 4GB address space. The Java Heap base address is the
#     maximum limit for the native heap growth. Please use -XX:HeapBaseMinAddress
#     to set the Java Heap base and to place the Java Heap above 4GB virtual address.
# This output file may be truncated or incomplete.
#
#  Out of Memory Error (./src/hotspot/share/memory/arena.cpp:81), pid=8756, tid=12212
#
# JRE version: OpenJDK Runtime Environment (11.0.13) (build 11.0.13+0-b1751.21-8125866)
# Java VM: OpenJDK 64-Bit Server VM (11.0.13+0-b1751.21-8125866, mixed mode, tiered, compressed oops, g1 gc, windows-amd64)
# No core dump will be written. Minidumps are not enabled by default on client versions of Windows
#

---------------  S U M M A R Y ------------

Command Line: org.jetbrains.kotlin.cli.jvm.K2JVMCompiler @C:\Users\Artem\AndroidStudioProjects\LTechTestTask\app\build\20230126_1367192986498272910.compiler.options

Host: AMD Ryzen 5 3500U with Radeon Vega Mobile Gfx  , 8 cores, 5G,  Windows 10 , 64 bit Build 17763 (10.0.17763.292)
Time: Thu Jan 26 00:54:01 2023 RTZ 2 (ceia) elapsed time: 2.418845 seconds (0d 0h 0m 2s)

---------------  T H R E A D  ---------------

Current thread (0x000002302b9c2000):  JavaThread "C2 CompilerThread0" daemon [_thread_in_native, id=12212, stack(0x000000f593400000,0x000000f593500000)]


Current CompileTask:
C2:   2418 2113   !   4       jdk.internal.loader.BuiltinClassLoader::loadClassOrNull (143 bytes)

Stack: [0x000000f593400000,0x000000f593500000]
Native frames: (J=compiled Java code, j=interpreted, Vv=VM code, C=native code)
V  [jvm.dll+0x6100fa]
V  [jvm.dll+0x747090]
V  [jvm.dll+0x7486ad]
V  [jvm.dll+0x748d83]
V  [jvm.dll+0x24ab48]
V  [jvm.dll+0xc075b]
V  [jvm.dll+0xc0a0c]
V  [jvm.dll+0xc060c]
V  [jvm.dll+0x5eed90]
V  [jvm.dll+0x6407ce]
V  [jvm.dll+0x19da88]
V  [jvm.dll+0x2033be]
V  [jvm.dll+0x202437]
V  [jvm.dll+0x188e01]
V  [jvm.dll+0x21106b]
V  [jvm.dll+0x20f8c1]
V  [jvm.dll+0x70de0f]
V  [jvm.dll+0x706a75]
V  [jvm.dll+0x60ed66]
C  [ucrtbase.dll+0x203ba]
C  [KERNEL32.DLL+0x181f4]
C  [ntdll.dll+0x6a251]


---------------  P R O C E S S  ---------------

Threads class SMR info:
_java_thread_list=0x000002302c47e480, length=10, elements={
0x0000023012887000, 0x000002302b99d000, 0x000002302b9a8800, 0x000002302b9bc800,
0x000002302b9bd800, 0x000002302b9be800, 0x000002302b9c2000, 0x000002302b9cb000,
0x000002302b9d4800, 0x000002302c48e000
}

Java Threads: ( => current thread )
  0x0000023012887000 JavaThread "main" [_thread_in_Java, id=11300, stack(0x000000f592800000,0x000000f592900000)]
  0x000002302b99d000 JavaThread "Reference Handler" daemon [_thread_blocked, id=8676, stack(0x000000f592f00000,0x000000f593000000)]
  0x000002302b9a8800 JavaThread "Finalizer" daemon [_thread_blocked, id=10256, stack(0x000000f593000000,0x000000f593100000)]
  0x000002302b9bc800 JavaThread "Signal Dispatcher" daemon [_thread_blocked, id=5460, stack(0x000000f593100000,0x000000f593200000)]
  0x000002302b9bd800 JavaThread "Attach Listener" daemon [_thread_blocked, id=6008, stack(0x000000f593200000,0x000000f593300000)]
  0x000002302b9be800 JavaThread "Service Thread" daemon [_thread_blocked, id=8920, stack(0x000000f593300000,0x000000f593400000)]
=>0x000002302b9c2000 JavaThread "C2 CompilerThread0" daemon [_thread_in_native, id=12212, stack(0x000000f593400000,0x000000f593500000)]
  0x000002302b9cb000 JavaThread "C1 CompilerThread0" daemon [_thread_in_native, id=6428, stack(0x000000f593500000,0x000000f593600000)]
  0x000002302b9d4800 JavaThread "Sweeper thread" daemon [_thread_blocked, id=9828, stack(0x000000f593600000,0x000000f593700000)]
  0x000002302c48e000 JavaThread "Common-Cleaner" daemon [_thread_blocked, id=2328, stack(0x000000f593800000,0x000000f593900000)]

Other Threads:
  0x000002302b978000 VMThread "VM Thread" [stack: 0x000000f592e00000,0x000000f592f00000] [id=3360]
  0x000002302c48a000 WatcherThread [stack: 0x000000f593700000,0x000000f593800000] [id=4576]
  0x000002301289d800 GCTaskThread "GC Thread#0" [stack: 0x000000f592900000,0x000000f592a00000] [id=2900]
  0x000002302ca56800 GCTaskThread "GC Thread#1" [stack: 0x000000f593900000,0x000000f593a00000] [id=4956]
  0x00000230128c4800 ConcurrentGCThread "G1 Main Marker" [stack: 0x000000f592a00000,0x000000f592b00000] [id=7584]
  0x00000230128c6000 ConcurrentGCThread "G1 Conc#0" [stack: 0x000000f592b00000,0x000000f592c00000] [id=8860]
  0x000002302d68f800 ConcurrentGCThread "G1 Conc#1" [stack: 0x000000f593a00000,0x000000f593b00000] [id=12936]
  0x0000023012949000 ConcurrentGCThread "G1 Refine#0" [stack: 0x000000f592c00000,0x000000f592d00000] [id=11936]
  0x000002301294d000 ConcurrentGCThread "G1 Young RemSet Sampling" [stack: 0x000000f592d00000,0x000000f592e00000] [id=12392]

Threads with active compile tasks:
C2 CompilerThread0   2433 2113   !   4       jdk.internal.loader.BuiltinClassLoader::loadClassOrNull (143 bytes)
C1 CompilerThread0   2433 2362   !   2       java.util.concurrent.ConcurrentHashMap::replaceNode (437 bytes)

VM state:not at safepoint (normal execution)

VM Mutex/Monitor currently owned by a thread: None

Heap address: 0x00000000a0e00000, size: 1522 MB, Compressed Oops mode: 32-bit
Narrow klass base: 0x0000000000000000, Narrow klass shift: 3
Compressed class space size: 1073741824 Address: 0x0000000100000000

Heap:
 garbage-first heap   total 98304K, used 29864K [0x00000000a0e00000, 0x0000000100000000)
  region size 1024K, 14 young (14336K), 5 survivors (5120K)
 Metaspace       used 32316K, capacity 32783K, committed 33020K, reserved 1079296K
  class space    used 3789K, capacity 3992K, committed 4092K, reserved 1048576K
Heap Regions: E=young(eden), S=young(survivor), O=old, HS=humongous(starts), HC=humongous(continues), CS=collection set, F=free, A=archive, TAMS=top-at-mark-start (previous, next)
|   0|0x00000000a0e00000, 0x00000000a0f00000, 0x00000000a0f00000|100%|HS|  |TAMS 0x00000000a0f00000, 0x00000000a0e00000| Complete 
|   1|0x00000000a0f00000, 0x00000000a1000000, 0x00000000a1000000|100%|HC|  |TAMS 0x00000000a1000000, 0x00000000a0f00000| Complete 
|   2|0x00000000a1000000, 0x00000000a1100000, 0x00000000a1100000|100%|HC|  |TAMS 0x00000000a1100000, 0x00000000a1000000| Complete 
|   3|0x00000000a1100000, 0x00000000a1200000, 0x00000000a1200000|100%|HC|  |TAMS 0x00000000a1200000, 0x00000000a1100000| Complete 
|   4|0x00000000a1200000, 0x00000000a1300000, 0x00000000a1300000|100%| O|  |TAMS 0x00000000a1200000, 0x00000000a1200000| Untracked 
|   5|0x00000000a1300000, 0x00000000a1400000, 0x00000000a1400000|100%| O|  |TAMS 0x00000000a134e400, 0x00000000a1300000| Untracked 
|   6|0x00000000a1400000, 0x00000000a1500000, 0x00000000a1500000|100%|HS|  |TAMS 0x00000000a1400000, 0x00000000a1400000| Complete 
|   7|0x00000000a1500000, 0x00000000a1600000, 0x00000000a1600000|100%|HC|  |TAMS 0x00000000a1500000, 0x00000000a1500000| Complete 
|   8|0x00000000a1600000, 0x00000000a1700000, 0x00000000a1700000|100%|HC|  |TAMS 0x00000000a1600000, 0x00000000a1600000| Complete 
|   9|0x00000000a1700000, 0x00000000a1800000, 0x00000000a1800000|100%|HC|  |TAMS 0x00000000a1700000, 0x00000000a1700000| Complete 
|  10|0x00000000a1800000, 0x00000000a1900000, 0x00000000a1900000|100%| O|  |TAMS 0x00000000a1800000, 0x00000000a1800000| Untracked 
|  11|0x00000000a1900000, 0x00000000a1a00000, 0x00000000a1a00000|100%| O|  |TAMS 0x00000000a1900000, 0x00000000a1900000| Untracked 
|  12|0x00000000a1a00000, 0x00000000a1b00000, 0x00000000a1b00000|100%| O|  |TAMS 0x00000000a1a00000, 0x00000000a1a00000| Untracked 
|  13|0x00000000a1b00000, 0x00000000a1c00000, 0x00000000a1c00000|100%| O|  |TAMS 0x00000000a1b00000, 0x00000000a1b00000| Untracked 
|  14|0x00000000a1c00000, 0x00000000a1cb0c00, 0x00000000a1d00000| 69%| O|  |TAMS 0x00000000a1c00000, 0x00000000a1c00000| Untracked 
|  15|0x00000000a1d00000, 0x00000000a1e00000, 0x00000000a1e00000|100%|HS|  |TAMS 0x00000000a1d00000, 0x00000000a1d00000| Complete 
|  16|0x00000000a1e00000, 0x00000000a1f00000, 0x00000000a1f00000|100%|HC|  |TAMS 0x00000000a1e00000, 0x00000000a1e00000| Complete 
|  17|0x00000000a1f00000, 0x00000000a1f00000, 0x00000000a2000000|  0%| F|  |TAMS 0x00000000a1f00000, 0x00000000a1f00000| Untracked 
|  18|0x00000000a2000000, 0x00000000a2000000, 0x00000000a2100000|  0%| F|  |TAMS 0x00000000a2000000, 0x00000000a2000000| Untracked 
|  19|0x00000000a2100000, 0x00000000a2100000, 0x00000000a2200000|  0%| F|  |TAMS 0x00000000a2100000, 0x00000000a2100000| Untracked 
|  20|0x00000000a2200000, 0x00000000a2200000, 0x00000000a2300000|  0%| F|  |TAMS 0x00000000a2200000, 0x00000000a2200000| Untracked 
|  21|0x00000000a2300000, 0x00000000a2300000, 0x00000000a2400000|  0%| F|  |TAMS 0x00000000a2300000, 0x00000000a2300000| Untracked 
|  22|0x00000000a2400000, 0x00000000a2400000, 0x00000000a2500000|  0%| F|  |TAMS 0x00000000a2400000, 0x00000000a2400000| Untracked 
|  23|0x00000000a2500000, 0x00000000a2500000, 0x00000000a2600000|  0%| F|  |TAMS 0x00000000a2500000, 0x00000000a2500000| Untracked 
|  24|0x00000000a2600000, 0x00000000a2600000, 0x00000000a2700000|  0%| F|  |TAMS 0x00000000a2600000, 0x00000000a2600000| Untracked 
|  25|0x00000000a2700000, 0x00000000a2700000, 0x00000000a2800000|  0%| F|  |TAMS 0x00000000a2700000, 0x00000000a2700000| Untracked 
|  26|0x00000000a2800000, 0x00000000a2800000, 0x00000000a2900000|  0%| F|  |TAMS 0x00000000a2800000, 0x00000000a2800000| Untracked 
|  27|0x00000000a2900000, 0x00000000a2900000, 0x00000000a2a00000|  0%| F|  |TAMS 0x00000000a2900000, 0x00000000a2900000| Untracked 
|  28|0x00000000a2a00000, 0x00000000a2a00000, 0x00000000a2b00000|  0%| F|  |TAMS 0x00000000a2a00000, 0x00000000a2a00000| Untracked 
|  29|0x00000000a2b00000, 0x00000000a2b00000, 0x00000000a2c00000|  0%| F|  |TAMS 0x00000000a2b00000, 0x00000000a2b00000| Untracked 
|  30|0x00000000a2c00000, 0x00000000a2c00000, 0x00000000a2d00000|  0%| F|  |TAMS 0x00000000a2c00000, 0x00000000a2c00000| Untracked 
|  31|0x00000000a2d00000, 0x00000000a2d00000, 0x00000000a2e00000|  0%| F|  |TAMS 0x00000000a2d00000, 0x00000000a2d00000| Untracked 
|  32|0x00000000a2e00000, 0x00000000a2e00000, 0x00000000a2f00000|  0%| F|  |TAMS 0x00000000a2e00000, 0x00000000a2e00000| Untracked 
|  33|0x00000000a2f00000, 0x00000000a2f00000, 0x00000000a3000000|  0%| F|  |TAMS 0x00000000a2f00000, 0x00000000a2f00000| Untracked 
|  34|0x00000000a3000000, 0x00000000a3000000, 0x00000000a3100000|  0%| F|  |TAMS 0x00000000a3000000, 0x00000000a3000000| Untracked 
|  35|0x00000000a3100000, 0x00000000a3100000, 0x00000000a3200000|  0%| F|  |TAMS 0x00000000a3100000, 0x00000000a3100000| Untracked 
|  36|0x00000000a3200000, 0x00000000a3200000, 0x00000000a3300000|  0%| F|  |TAMS 0x00000000a3200000, 0x00000000a3200000| Untracked 
|  37|0x00000000a3300000, 0x00000000a3300000, 0x00000000a3400000|  0%| F|  |TAMS 0x00000000a3300000, 0x00000000a3300000| Untracked 
|  38|0x00000000a3400000, 0x00000000a3400000, 0x00000000a3500000|  0%| F|  |TAMS 0x00000000a3400000, 0x00000000a3400000| Untracked 
|  39|0x00000000a3500000, 0x00000000a3500000, 0x00000000a3600000|  0%| F|  |TAMS 0x00000000a3500000, 0x00000000a3500000| Untracked 
|  40|0x00000000a3600000, 0x00000000a3600000, 0x00000000a3700000|  0%| F|  |TAMS 0x00000000a3600000, 0x00000000a3600000| Untracked 
|  41|0x00000000a3700000, 0x00000000a3779418, 0x00000000a3800000| 47%| S|CS|TAMS 0x00000000a3700000, 0x00000000a3700000| Complete 
|  42|0x00000000a3800000, 0x00000000a3900000, 0x00000000a3900000|100%| S|CS|TAMS 0x00000000a3800000, 0x00000000a3800000| Complete 
|  43|0x00000000a3900000, 0x00000000a3a00000, 0x00000000a3a00000|100%| S|CS|TAMS 0x00000000a3900000, 0x00000000a3900000| Complete 
|  44|0x00000000a3a00000, 0x00000000a3b00000, 0x00000000a3b00000|100%| S|CS|TAMS 0x00000000a3a00000, 0x00000000a3a00000| Complete 
|  45|0x00000000a3b00000, 0x00000000a3c00000, 0x00000000a3c00000|100%| S|CS|TAMS 0x00000000a3b00000, 0x00000000a3b00000| Complete 
|  46|0x00000000a3c00000, 0x00000000a3c00000, 0x00000000a3d00000|  0%| F|  |TAMS 0x00000000a3c00000, 0x00000000a3c00000| Untracked 
|  47|0x00000000a3d00000, 0x00000000a3d00000, 0x00000000a3e00000|  0%| F|  |TAMS 0x00000000a3d00000, 0x00000000a3d00000| Untracked 
|  48|0x00000000a3e00000, 0x00000000a3e00000, 0x00000000a3f00000|  0%| F|  |TAMS 0x00000000a3e00000, 0x00000000a3e00000| Untracked 
|  49|0x00000000a3f00000, 0x00000000a3f00000, 0x00000000a4000000|  0%| F|  |TAMS 0x00000000a3f00000, 0x00000000a3f00000| Untracked 
|  50|0x00000000a4000000, 0x00000000a4000000, 0x00000000a4100000|  0%| F|  |TAMS 0x00000000a4000000, 0x00000000a4000000| Untracked 
|  51|0x00000000a4100000, 0x00000000a4100000, 0x00000000a4200000|  0%| F|  |TAMS 0x00000000a4100000, 0x00000000a4100000| Untracked 
|  52|0x00000000a4200000, 0x00000000a4200000, 0x00000000a4300000|  0%| F|  |TAMS 0x00000000a4200000, 0x00000000a4200000| Untracked 
|  53|0x00000000a4300000, 0x00000000a4300000, 0x00000000a4400000|  0%| F|  |TAMS 0x00000000a4300000, 0x00000000a4300000| Untracked 
|  54|0x00000000a4400000, 0x00000000a4400000, 0x00000000a4500000|  0%| F|  |TAMS 0x00000000a4400000, 0x00000000a4400000| Untracked 
|  55|0x00000000a4500000, 0x00000000a4500000, 0x00000000a4600000|  0%| F|  |TAMS 0x00000000a4500000, 0x00000000a4500000| Untracked 
|  56|0x00000000a4600000, 0x00000000a4600000, 0x00000000a4700000|  0%| F|  |TAMS 0x00000000a4600000, 0x00000000a4600000| Untracked 
|  57|0x00000000a4700000, 0x00000000a4700000, 0x00000000a4800000|  0%| F|  |TAMS 0x00000000a4700000, 0x00000000a4700000| Untracked 
|  58|0x00000000a4800000, 0x00000000a4800000, 0x00000000a4900000|  0%| F|  |TAMS 0x00000000a4800000, 0x00000000a4800000| Untracked 
|  59|0x00000000a4900000, 0x00000000a4900000, 0x00000000a4a00000|  0%| F|  |TAMS 0x00000000a4900000, 0x00000000a4900000| Untracked 
|  60|0x00000000a4a00000, 0x00000000a4a00000, 0x00000000a4b00000|  0%| F|  |TAMS 0x00000000a4a00000, 0x00000000a4a00000| Untracked 
|  61|0x00000000a4b00000, 0x00000000a4b00000, 0x00000000a4c00000|  0%| F|  |TAMS 0x00000000a4b00000, 0x00000000a4b00000| Untracked 
|  62|0x00000000a4c00000, 0x00000000a4c00000, 0x00000000a4d00000|  0%| F|  |TAMS 0x00000000a4c00000, 0x00000000a4c00000| Untracked 
|  63|0x00000000a4d00000, 0x00000000a4d00000, 0x00000000a4e00000|  0%| F|  |TAMS 0x00000000a4d00000, 0x00000000a4d00000| Untracked 
|  64|0x00000000a4e00000, 0x00000000a4e00000, 0x00000000a4f00000|  0%| F|  |TAMS 0x00000000a4e00000, 0x00000000a4e00000| Untracked 
|  65|0x00000000a4f00000, 0x00000000a4f00000, 0x00000000a5000000|  0%| F|  |TAMS 0x00000000a4f00000, 0x00000000a4f00000| Untracked 
|  66|0x00000000a5000000, 0x00000000a5000000, 0x00000000a5100000|  0%| F|  |TAMS 0x00000000a5000000, 0x00000000a5000000| Untracked 
|  67|0x00000000a5100000, 0x00000000a5100000, 0x00000000a5200000|  0%| F|  |TAMS 0x00000000a5100000, 0x00000000a5100000| Untracked 
|  68|0x00000000a5200000, 0x00000000a5200000, 0x00000000a5300000|  0%| F|  |TAMS 0x00000000a5200000, 0x00000000a5200000| Untracked 
|  69|0x00000000a5300000, 0x00000000a5300000, 0x00000000a5400000|  0%| F|  |TAMS 0x00000000a5300000, 0x00000000a5300000| Untracked 
|  70|0x00000000a5400000, 0x00000000a5400000, 0x00000000a5500000|  0%| F|  |TAMS 0x00000000a5400000, 0x00000000a5400000| Untracked 
|  71|0x00000000a5500000, 0x00000000a5500000, 0x00000000a5600000|  0%| F|  |TAMS 0x00000000a5500000, 0x00000000a5500000| Untracked 
|  72|0x00000000a5600000, 0x00000000a5600000, 0x00000000a5700000|  0%| F|  |TAMS 0x00000000a5600000, 0x00000000a5600000| Untracked 
|  73|0x00000000a5700000, 0x00000000a5700000, 0x00000000a5800000|  0%| F|  |TAMS 0x00000000a5700000, 0x00000000a5700000| Untracked 
|  74|0x00000000a5800000, 0x00000000a5800000, 0x00000000a5900000|  0%| F|  |TAMS 0x00000000a5800000, 0x00000000a5800000| Untracked 
|  75|0x00000000a5900000, 0x00000000a5900000, 0x00000000a5a00000|  0%| F|  |TAMS 0x00000000a5900000, 0x00000000a5900000| Untracked 
|  76|0x00000000a5a00000, 0x00000000a5a00000, 0x00000000a5b00000|  0%| F|  |TAMS 0x00000000a5a00000, 0x00000000a5a00000| Untracked 
|  77|0x00000000a5b00000, 0x00000000a5b00000, 0x00000000a5c00000|  0%| F|  |TAMS 0x00000000a5b00000, 0x00000000a5b00000| Untracked 
|  78|0x00000000a5c00000, 0x00000000a5c00000, 0x00000000a5d00000|  0%| F|  |TAMS 0x00000000a5c00000, 0x00000000a5c00000| Untracked 
|  79|0x00000000a5d00000, 0x00000000a5d00000, 0x00000000a5e00000|  0%| F|  |TAMS 0x00000000a5d00000, 0x00000000a5d00000| Untracked 
|  80|0x00000000a5e00000, 0x00000000a5e00000, 0x00000000a5f00000|  0%| F|  |TAMS 0x00000000a5e00000, 0x00000000a5e00000| Untracked 
|  81|0x00000000a5f00000, 0x00000000a5f00000, 0x00000000a6000000|  0%| F|  |TAMS 0x00000000a5f00000, 0x00000000a5f00000| Untracked 
|  82|0x00000000a6000000, 0x00000000a6000000, 0x00000000a6100000|  0%| F|  |TAMS 0x00000000a6000000, 0x00000000a6000000| Untracked 
|  83|0x00000000a6100000, 0x00000000a6100000, 0x00000000a6200000|  0%| F|  |TAMS 0x00000000a6100000, 0x00000000a6100000| Untracked 
|  84|0x00000000a6200000, 0x00000000a6200000, 0x00000000a6300000|  0%| F|  |TAMS 0x00000000a6200000, 0x00000000a6200000| Untracked 
|  85|0x00000000a6300000, 0x00000000a6300000, 0x00000000a6400000|  0%| F|  |TAMS 0x00000000a6300000, 0x00000000a6300000| Untracked 
|  86|0x00000000a6400000, 0x00000000a6400000, 0x00000000a6500000|  0%| F|  |TAMS 0x00000000a6400000, 0x00000000a6400000| Untracked 
|  87|0x00000000a6500000, 0x00000000a6600000, 0x00000000a6600000|100%| E|  |TAMS 0x00000000a6500000, 0x00000000a6500000| Complete 
|  88|0x00000000a6600000, 0x00000000a6700000, 0x00000000a6700000|100%| E|CS|TAMS 0x00000000a6600000, 0x00000000a6600000| Complete 
|  89|0x00000000a6700000, 0x00000000a6800000, 0x00000000a6800000|100%| E|CS|TAMS 0x00000000a6700000, 0x00000000a6700000| Complete 
|  90|0x00000000a6800000, 0x00000000a6900000, 0x00000000a6900000|100%| E|CS|TAMS 0x00000000a6800000, 0x00000000a6800000| Complete 
|  91|0x00000000a6900000, 0x00000000a6a00000, 0x00000000a6a00000|100%| E|CS|TAMS 0x00000000a6900000, 0x00000000a6900000| Complete 
|  92|0x00000000a6a00000, 0x00000000a6b00000, 0x00000000a6b00000|100%| E|CS|TAMS 0x00000000a6a00000, 0x00000000a6a00000| Complete 
|  93|0x00000000a6b00000, 0x00000000a6c00000, 0x00000000a6c00000|100%| E|CS|TAMS 0x00000000a6b00000, 0x00000000a6b00000| Complete 
|  94|0x00000000a6c00000, 0x00000000a6d00000, 0x00000000a6d00000|100%| E|CS|TAMS 0x00000000a6c00000, 0x00000000a6c00000| Complete 
|  95|0x00000000a6d00000, 0x00000000a6e00000, 0x00000000a6e00000|100%| E|CS|TAMS 0x00000000a6d00000, 0x00000000a6d00000| Complete 

Card table byte_map: [0x00000230259c0000,0x0000023025cc0000] _byte_map_base: 0x00000230254b9000

Marking Bits (Prev, Next): (CMBitMap*) 0x00000230128bdf10, (CMBitMap*) 0x00000230128bded8
 Prev Bits: [0x0000023027790000, 0x0000023028f58000)
 Next Bits: [0x0000023025fc0000, 0x0000023027788000)

Polling page: 0x000002300fce0000

Metaspace:

Usage:
  Non-class:     28.12 MB capacity,    27.87 MB (>99%) used,   203.66 KB ( <1%) free+waste,    48.38 KB ( <1%) overhead. 
      Class:      3.90 MB capacity,     3.70 MB ( 95%) used,   176.10 KB (  4%) free+waste,    23.06 KB ( <1%) overhead. 
       Both:     32.01 MB capacity,    31.57 MB ( 99%) used,   379.76 KB (  1%) free+waste,    71.44 KB ( <1%) overhead. 

Virtual space:
  Non-class space:       30.00 MB reserved,      28.25 MB ( 94%) committed 
      Class space:        1.00 GB reserved,       4.00 MB ( <1%) committed 
             Both:        1.03 GB reserved,      32.25 MB (  3%) committed 

Chunk freelists:
   Non-Class:  9.00 KB
       Class:  8.00 KB
        Both:  17.00 KB

MaxMetaspaceSize: 17179869184.00 GB
CompressedClassSpaceSize: 1.00 GB
Initial GC threshold: 20.80 MB
Current GC threshold: 35.20 MB
CDS: off

CodeHeap 'non-profiled nmethods': size=120000Kb used=758Kb max_used=758Kb free=119241Kb
 bounds [0x000002301de60000, 0x000002301e0d0000, 0x0000023025390000]
CodeHeap 'profiled nmethods': size=120000Kb used=4393Kb max_used=4393Kb free=115606Kb
 bounds [0x0000023016930000, 0x0000023016d80000, 0x000002301de60000]
CodeHeap 'non-nmethods': size=5760Kb used=1244Kb max_used=1248Kb free=4516Kb
 bounds [0x0000023016390000, 0x0000023016600000, 0x0000023016930000]
 total_blobs=2848 nmethods=2324 adapters=436
 compilation: enabled
              stopped_count=0, restarted_count=0
 full_count=0

Compilation events (20 events):
Event: 2.312 Thread 0x000002302b9cb000 2334       2       org.jetbrains.kotlin.com.intellij.reference.SoftReference::dereference (13 bytes)
Event: 2.312 Thread 0x000002302b9cb000 nmethod 2334 0x0000023016d71510 code [0x0000023016d716c0, 0x0000023016d717e0]
Event: 2.312 Thread 0x000002302b9cb000 2335       2       org.jetbrains.kotlin.com.intellij.reference.SoftReference::<init> (6 bytes)
Event: 2.312 Thread 0x000002302b9cb000 nmethod 2335 0x0000023016d71890 code [0x0000023016d71a40, 0x0000023016d71c10]
Event: 2.323 Thread 0x000002302b9cb000 2336       2       org.jetbrains.kotlin.com.intellij.openapi.vfs.impl.ArchiveHandler::getFile (13 bytes)
Event: 2.343 Thread 0x000002302b9cb000 nmethod 2336 0x0000023016d71c90 code [0x0000023016d71e40, 0x0000023016d71f60]
Event: 2.343 Thread 0x000002302b9cb000 2338   !   2       java.lang.ref.ReferenceQueue::enqueue (119 bytes)
Event: 2.344 Thread 0x000002302b9cb000 nmethod 2338 0x0000023016d72010 code [0x0000023016d721e0, 0x0000023016d72700]
Event: 2.344 Thread 0x000002302b9cb000 2340       2       java.lang.ref.ReferenceQueue::reallyPoll (65 bytes)
Event: 2.344 Thread 0x000002302b9cb000 nmethod 2340 0x0000023016d72890 code [0x0000023016d72a60, 0x0000023016d72d70]
Event: 2.356 Thread 0x000002302b9cb000 2341       2       java.util.WeakHashMap::isEmpty (13 bytes)
Event: 2.356 Thread 0x000002302b9cb000 nmethod 2341 0x0000023016d72e90 code [0x0000023016d73040, 0x0000023016d73180]
Event: 2.356 Thread 0x000002302b9cb000 2342       2       java.util.WeakHashMap::size (18 bytes)
Event: 2.357 Thread 0x000002302b9cb000 nmethod 2342 0x0000023016d73210 code [0x0000023016d733c0, 0x0000023016d73500]
Event: 2.362 Thread 0x000002302b9cb000 2343 %     3       java.util.zip.ZipFile$Source::initCEN @ 228 (697 bytes)
Event: 2.368 Thread 0x000002302b9cb000 nmethod 2343% 0x0000023016d73590 code [0x0000023016d73c00, 0x0000023016d77ac0]
Event: 2.368 Thread 0x000002302b9cb000 2345       2       java.lang.invoke.VarHandleGuards::guard_LII_Z (70 bytes)
Event: 2.369 Thread 0x000002302b9cb000 nmethod 2345 0x0000023016d79610 code [0x0000023016d79860, 0x0000023016d79e80]
Event: 2.369 Thread 0x000002302b9cb000 2344       2       org.jetbrains.kotlin.com.intellij.util.containers.hash.LinkedHashMap$Entry::access$402 (7 bytes)
Event: 2.369 Thread 0x000002302b9cb000 nmethod 2344 0x0000023016d7a310 code [0x0000023016d7a4c0, 0x0000023016d7a5f0]

GC Heap History (6 events):
Event: 0.594 GC heap before
{Heap before GC invocations=0 (full 0):
 garbage-first heap   total 98304K, used 28672K [0x00000000a0e00000, 0x0000000100000000)
  region size 1024K, 24 young (24576K), 0 survivors (0K)
 Metaspace       used 11993K, capacity 12082K, committed 12160K, reserved 1060864K
  class space    used 1066K, capacity 1109K, committed 1152K, reserved 1048576K
}
Event: 0.601 GC heap after
{Heap after GC invocations=1 (full 0):
 garbage-first heap   total 98304K, used 7481K [0x00000000a0e00000, 0x0000000100000000)
  region size 1024K, 3 young (3072K), 3 survivors (3072K)
 Metaspace       used 11993K, capacity 12082K, committed 12160K, reserved 1060864K
  class space    used 1066K, capacity 1109K, committed 1152K, reserved 1048576K
}
Event: 1.314 GC heap before
{Heap before GC invocations=1 (full 0):
 garbage-first heap   total 98304K, used 45369K [0x00000000a0e00000, 0x0000000100000000)
  region size 1024K, 41 young (41984K), 3 survivors (3072K)
 Metaspace       used 20984K, capacity 21195K, committed 21248K, reserved 1069056K
  class space    used 2218K, capacity 2301K, committed 2304K, reserved 1048576K
}
Event: 1.333 GC heap after
{Heap after GC invocations=2 (full 0):
 garbage-first heap   total 98304K, used 11225K [0x00000000a0e00000, 0x0000000100000000)
  region size 1024K, 7 young (7168K), 7 survivors (7168K)
 Metaspace       used 20984K, capacity 21195K, committed 21248K, reserved 1069056K
  class space    used 2218K, capacity 2301K, committed 2304K, reserved 1048576K
}
Event: 2.324 GC heap before
{Heap before GC invocations=3 (full 0):
 garbage-first heap   total 98304K, used 59353K [0x00000000a0e00000, 0x0000000100000000)
  region size 1024K, 50 young (51200K), 7 survivors (7168K)
 Metaspace       used 31976K, capacity 32493K, committed 32764K, reserved 1077248K
  class space    used 3751K, capacity 3960K, committed 4092K, reserved 1048576K
}
Event: 2.343 GC heap after
{Heap after GC invocations=4 (full 0):
 garbage-first heap   total 98304K, used 19624K [0x00000000a0e00000, 0x0000000100000000)
  region size 1024K, 5 young (5120K), 5 survivors (5120K)
 Metaspace       used 31976K, capacity 32493K, committed 32764K, reserved 1077248K
  class space    used 3751K, capacity 3960K, committed 4092K, reserved 1048576K
}

Deoptimization events (20 events):
Event: 2.108 Thread 0x0000023012887000 Uncommon trap: trap_request=0xffffffde fr.pc=0x000002301df0aa84 relative=0x0000000000000064
Event: 2.108 Thread 0x0000023012887000 Uncommon trap: reason=class_check action=maybe_recompile pc=0x000002301df0aa84 method=java.util.LinkedHashMap.afterNodeInsertion(Z)V @ 15 c2
Event: 2.108 Thread 0x0000023012887000 DEOPT PACKING pc=0x000002301df0aa84 sp=0x000000f5928fe0c0
Event: 2.108 Thread 0x0000023012887000 DEOPT UNPACKING pc=0x00000230163da1a7 sp=0x000000f5928fe038 mode 2
Event: 2.108 Thread 0x0000023012887000 Uncommon trap: trap_request=0xffffffde fr.pc=0x000002301df0aa84 relative=0x0000000000000064
Event: 2.108 Thread 0x0000023012887000 Uncommon trap: reason=class_check action=maybe_recompile pc=0x000002301df0aa84 method=java.util.LinkedHashMap.afterNodeInsertion(Z)V @ 15 c2
Event: 2.108 Thread 0x0000023012887000 DEOPT PACKING pc=0x000002301df0aa84 sp=0x000000f5928fe0c0
Event: 2.108 Thread 0x0000023012887000 DEOPT UNPACKING pc=0x00000230163da1a7 sp=0x000000f5928fe038 mode 2
Event: 2.116 Thread 0x0000023012887000 Uncommon trap: trap_request=0xffffff4d fr.pc=0x000002301de7c0ec relative=0x0000000000000a0c
Event: 2.116 Thread 0x0000023012887000 Uncommon trap: reason=unstable_if action=reinterpret pc=0x000002301de7c0ec method=java.util.zip.ZipFile$Source.getEntryPos([BZ)I @ 156 c2
Event: 2.116 Thread 0x0000023012887000 DEOPT PACKING pc=0x000002301de7c0ec sp=0x000000f5928fe360
Event: 2.116 Thread 0x0000023012887000 DEOPT UNPACKING pc=0x00000230163da1a7 sp=0x000000f5928fe300 mode 2
Event: 2.130 Thread 0x0000023012887000 Uncommon trap: trap_request=0xffffffde fr.pc=0x000002301df0aa84 relative=0x0000000000000064
Event: 2.130 Thread 0x0000023012887000 Uncommon trap: reason=class_check action=maybe_recompile pc=0x000002301df0aa84 method=java.util.LinkedHashMap.afterNodeInsertion(Z)V @ 15 c2
Event: 2.130 Thread 0x0000023012887000 DEOPT PACKING pc=0x000002301df0aa84 sp=0x000000f5928fe0c0
Event: 2.130 Thread 0x0000023012887000 DEOPT UNPACKING pc=0x00000230163da1a7 sp=0x000000f5928fe038 mode 2
Event: 2.130 Thread 0x0000023012887000 Uncommon trap: trap_request=0xffffffde fr.pc=0x000002301df0aa84 relative=0x0000000000000064
Event: 2.130 Thread 0x0000023012887000 Uncommon trap: reason=class_check action=maybe_recompile pc=0x000002301df0aa84 method=java.util.LinkedHashMap.afterNodeInsertion(Z)V @ 15 c2
Event: 2.130 Thread 0x0000023012887000 DEOPT PACKING pc=0x000002301df0aa84 sp=0x000000f5928fe0c0
Event: 2.130 Thread 0x0000023012887000 DEOPT UNPACKING pc=0x00000230163da1a7 sp=0x000000f5928fe038 mode 2

Classes redefined (0 events):
No events

Internal exceptions (20 events):
Event: 1.064 Thread 0x0000023012887000 Exception <a 'java/lang/NoSuchMethodError'{0x00000000a510bd18}: 'long java.lang.invoke.Invokers$Holder.invoke_MT(java.lang.Object, java.lang.Object, java.lang.Object, java.lang.Object)'> (0x00000000a510bd18) thrown at [./src/hotspot/share/interpreter/linkResolver.cpp, line 773]
Event: 1.064 Thread 0x0000023012887000 Exception <a 'java/lang/NoSuchMethodError'{0x00000000a510f398}: 'long java.lang.invoke.DelegatingMethodHandle$Holder.reinvoke_L(java.lang.Object, java.lang.Object, java.lang.Object)'> (0x00000000a510f398) thrown at [./src/hotspot/share/interpreter/linkResolver.cpp, line 773]
Event: 1.066 Thread 0x0000023012887000 Exception <a 'java/lang/NoSuchMethodError'{0x00000000a5119058}: 'int java.lang.invoke.DirectMethodHandle$Holder.invokeSpecial(java.lang.Object, java.lang.Object, java.lang.Object, java.lang.Object)'> (0x00000000a5119058) thrown at [./src/hotspot/share/interpreter/linkResolver.cpp, line 773]
Event: 1.068 Thread 0x0000023012887000 Exception <a 'java/lang/NoSuchMethodError'{0x00000000a5127e38}: 'int java.lang.invoke.DelegatingMethodHandle$Holder.reinvoke_L(java.lang.Object, java.lang.Object, java.lang.Object, long, int)'> (0x00000000a5127e38) thrown at [./src/hotspot/share/interpreter/linkResolver.cpp, line 773]
Event: 1.307 Thread 0x0000023012887000 Exception <a 'java/lang/NoSuchMethodError'{0x00000000a454c7c8}: 'java.lang.Object java.lang.invoke.DirectMethodHandle$Holder.invokeStaticInit(java.lang.Object, int)'> (0x00000000a454c7c8) thrown at [./src/hotspot/share/interpreter/linkResolver.cpp, line 773]
Event: 1.372 Thread 0x0000023012887000 Exception <a 'java/lang/NoSuchMethodError'{0x00000000a6c49350}: 'long java.lang.invoke.DirectMethodHandle$Holder.invokeStatic(java.lang.Object)'> (0x00000000a6c49350) thrown at [./src/hotspot/share/interpreter/linkResolver.cpp, line 773]
Event: 1.372 Thread 0x0000023012887000 Exception <a 'java/lang/NoSuchMethodError'{0x00000000a6c4c1a8}: 'long java.lang.invoke.DirectMethodHandle$Holder.invokeStaticInit(java.lang.Object)'> (0x00000000a6c4c1a8) thrown at [./src/hotspot/share/interpreter/linkResolver.cpp, line 773]
Event: 1.400 Thread 0x0000023012887000 Exception <a 'java/lang/NoSuchMethodError'{0x00000000a6bc0b38}: 'int java.lang.invoke.DirectMethodHandle$Holder.invokeSpecialIFC(java.lang.Object, java.lang.Object, int)'> (0x00000000a6bc0b38) thrown at [./src/hotspot/share/interpreter/linkResolver.cpp, line 773]
Event: 1.460 Thread 0x0000023012887000 Exception <a 'java/lang/NoSuchMethodError'{0x00000000a6886748}: 'int java.lang.invoke.DirectMethodHandle$Holder.invokeStaticInit(java.lang.Object, java.lang.Object, java.lang.Object)'> (0x00000000a6886748) thrown at [./src/hotspot/share/interpreter/linkResolver.cpp, line 773]
Event: 1.464 Thread 0x0000023012887000 Exception <a 'java/lang/NoSuchMethodError'{0x00000000a68b2478}: 'int java.lang.invoke.DirectMethodHandle$Holder.invokeStaticInit(java.lang.Object, java.lang.Object)'> (0x00000000a68b2478) thrown at [./src/hotspot/share/interpreter/linkResolver.cpp, line 773]
Event: 1.513 Thread 0x0000023012887000 Exception <a 'java/lang/NoSuchMethodError'{0x00000000a66cabf0}: 'void java.lang.invoke.DirectMethodHandle$Holder.invokeSpecial(java.lang.Object, java.lang.Object)'> (0x00000000a66cabf0) thrown at [./src/hotspot/share/interpreter/linkResolver.cpp, line 773]
Event: 1.699 Thread 0x0000023012887000 Exception <a 'java/lang/NoSuchMethodError'{0x00000000a5d40de0}: 'java.lang.Object java.lang.invoke.DirectMethodHandle$Holder.invokeStatic(java.lang.Object, java.lang.Object, java.lang.Object, java.lang.Object, java.lang.Object, java.lang.Object, java.lang.Object, java.lang.Object, java.lang.Object, java.lang.Object, java.lang.Object, java.lang.Object, java.lang.Object, java.lang.Object, java.lang.Object)'> (0x00000000a5d40de0) thrown at [./src/hotspot/share/interpreter/linkResolver.cpp, line 773]
Event: 1.700 Thread 0x0000023012887000 Exception <a 'java/lang/NoSuchMethodError'{0x00000000a5d4ede8}: 'java.lang.Object java.lang.invoke.DirectMethodHandle$Holder.invokeStatic(java.lang.Object, java.lang.Object, java.lang.Object, java.lang.Object, java.lang.Object, java.lang.Object, java.lang.Object, java.lang.Object, java.lang.Object, java.lang.Object, java.lang.Object, java.lang.Object, java.lang.Object, java.lang.Object, java.lang.Object, java.lang.Object)'> (0x00000000a5d4ede8) thrown at [./src/hotspot/share/interpreter/linkResolver.cpp, l
Event: 1.702 Thread 0x0000023012887000 Exception <a 'java/lang/NoSuchMethodError'{0x00000000a5d5cd00}: 'java.lang.Object java.lang.invoke.DirectMethodHandle$Holder.invokeSpecial(java.lang.Object, java.lang.Object, int, int, java.lang.Object, java.lang.Object, java.lang.Object)'> (0x00000000a5d5cd00) thrown at [./src/hotspot/share/interpreter/linkResolver.cpp, line 773]
Event: 1.702 Thread 0x0000023012887000 Exception <a 'java/lang/NoSuchMethodError'{0x00000000a5d60538}: 'java.lang.Object java.lang.invoke.DelegatingMethodHandle$Holder.reinvoke_L(java.lang.Object, int, int, java.lang.Object, java.lang.Object, java.lang.Object)'> (0x00000000a5d60538) thrown at [./src/hotspot/share/interpreter/linkResolver.cpp, line 773]
Event: 1.703 Thread 0x0000023012887000 Exception <a 'java/lang/NoSuchMethodError'{0x00000000a5d648c0}: 'java.lang.Object java.lang.invoke.DirectMethodHandle$Holder.invokeStatic(java.lang.Object, java.lang.Object, java.lang.Object, java.lang.Object, int)'> (0x00000000a5d648c0) thrown at [./src/hotspot/share/interpreter/linkResolver.cpp, line 773]
Event: 1.742 Thread 0x0000023012887000 Exception <a 'java/lang/NoSuchMethodError'{0x00000000a5c8ad78}: 'void java.lang.invoke.DirectMethodHandle$Holder.invokeStatic(java.lang.Object, java.lang.Object, java.lang.Object, java.lang.Object)'> (0x00000000a5c8ad78) thrown at [./src/hotspot/share/interpreter/linkResolver.cpp, line 773]
Event: 1.806 Thread 0x0000023012887000 Exception <a 'java/lang/NoSuchMethodError'{0x00000000a587cb60}: 'void java.lang.invoke.DirectMethodHandle$Holder.invokeStaticInit(java.lang.Object, java.lang.Object)'> (0x00000000a587cb60) thrown at [./src/hotspot/share/interpreter/linkResolver.cpp, line 773]
Event: 1.947 Thread 0x0000023012887000 Exception <a 'java/lang/NoSuchMethodError'{0x00000000a5074af8}: 'void java.lang.invoke.DirectMethodHandle$Holder.invokeVirtual(java.lang.Object, java.lang.Object)'> (0x00000000a5074af8) thrown at [./src/hotspot/share/interpreter/linkResolver.cpp, line 773]
Event: 1.962 Thread 0x0000023012887000 Exception <a 'java/lang/NoSuchMethodError'{0x00000000a4f09380}: 'int java.lang.invoke.DirectMethodHandle$Holder.invokeVirtual(java.lang.Object, java.lang.Object)'> (0x00000000a4f09380) thrown at [./src/hotspot/share/interpreter/linkResolver.cpp, line 773]

Events (20 events):
Event: 2.408 loading class org/jetbrains/kotlin/cli/jvm/modules/CliJavaModuleResolver$Companion
Event: 2.408 loading class org/jetbrains/kotlin/cli/jvm/modules/CliJavaModuleResolver$Companion done
Event: 2.408 loading class org/jetbrains/kotlin/cli/jvm/modules/CliJavaModuleResolver$virtualFileFinder$2
Event: 2.408 loading class org/jetbrains/kotlin/cli/jvm/modules/CliJavaModuleResolver$virtualFileFinder$2 done
Event: 2.409 loading class org/jetbrains/kotlin/cli/jvm/compiler/CliVirtualFileFinderFactory
Event: 2.409 loading class org/jetbrains/kotlin/cli/jvm/compiler/CliVirtualFileFinderFactory done
Event: 2.409 loading class org/jetbrains/kotlin/load/kotlin/VirtualFileFinderFactory
Event: 2.409 loading class org/jetbrains/kotlin/load/kotlin/VirtualFileFinderFactory done
Event: 2.409 loading class org/jetbrains/kotlin/load/kotlin/MetadataFinderFactory
Event: 2.409 loading class org/jetbrains/kotlin/load/kotlin/MetadataFinderFactory done
Event: 2.409 loading class org/jetbrains/kotlin/config/AppendJavaSourceRootsHandlerKeyKt
Event: 2.409 loading class org/jetbrains/kotlin/config/AppendJavaSourceRootsHandlerKeyKt done
Event: 2.410 loading class org/jetbrains/kotlin/cli/jvm/compiler/KotlinCoreEnvironment$6
Event: 2.410 loading class org/jetbrains/kotlin/cli/jvm/compiler/KotlinCoreEnvironment$6 done
Event: 2.414 loading class org/jetbrains/kotlin/cli/jvm/compiler/JavaLanguageLevelKt
Event: 2.414 loading class org/jetbrains/kotlin/cli/jvm/compiler/JavaLanguageLevelKt done
Event: 2.415 loading class org/jetbrains/kotlin/com/intellij/openapi/fileEditor/impl/LoadTextUtil
Event: 2.415 loading class org/jetbrains/kotlin/com/intellij/openapi/fileEditor/impl/LoadTextUtil done
Event: 2.416 loading class org/jetbrains/kotlin/com/intellij/openapi/fileEditor/impl/LoadTextUtil$SevenBitCharset
Event: 2.416 loading class org/jetbrains/kotlin/com/intellij/openapi/fileEditor/impl/LoadTextUtil$SevenBitCharset done


Dynamic libraries:
0x00007ff6758b0000 - 0x00007ff6758ba000 	C:\Program Files\Android\Android Studio\jre\bin\java.exe
0x00007ffd3c620000 - 0x00007ffd3c80d000 	C:\Windows\SYSTEM32\ntdll.dll
0x00007ffd0b230000 - 0x00007ffd0b247000 	C:\Program Files\Avast Software\Avast\aswhook.dll
0x00007ffd3c400000 - 0x00007ffd3c4b3000 	C:\Windows\System32\KERNEL32.DLL
0x00007ffd39030000 - 0x00007ffd392c3000 	C:\Windows\System32\KERNELBASE.dll
0x00007ffd39620000 - 0x00007ffd3971c000 	C:\Windows\System32\ucrtbase.dll
0x00007ffd115a0000 - 0x00007ffd115b9000 	C:\Program Files\Android\Android Studio\jre\bin\jli.dll
0x00007ffd11580000 - 0x00007ffd11597000 	C:\Program Files\Android\Android Studio\jre\bin\VCRUNTIME140.dll
0x00007ffd39880000 - 0x00007ffd39a17000 	C:\Windows\System32\USER32.dll
0x00007ffd38720000 - 0x00007ffd38740000 	C:\Windows\System32\win32u.dll
0x00007ffd3c220000 - 0x00007ffd3c249000 	C:\Windows\System32\GDI32.dll
0x00007ffd1e5b0000 - 0x00007ffd1e829000 	C:\Windows\WinSxS\amd64_microsoft.windows.common-controls_6595b64144ccf1df_6.0.17763.316_none_05b53be2071f46b6\COMCTL32.dll
0x00007ffd38740000 - 0x00007ffd388da000 	C:\Windows\System32\gdi32full.dll
0x00007ffd39530000 - 0x00007ffd395d0000 	C:\Windows\System32\msvcp_win.dll
0x00007ffd3c250000 - 0x00007ffd3c2ee000 	C:\Windows\System32\msvcrt.dll
0x00007ffd39a20000 - 0x00007ffd39d4d000 	C:\Windows\System32\combase.dll
0x00007ffd3ab10000 - 0x00007ffd3ac32000 	C:\Windows\System32\RPCRT4.dll
0x00007ffd392d0000 - 0x00007ffd3934e000 	C:\Windows\System32\bcryptPrimitives.dll
0x00007ffd3a660000 - 0x00007ffd3a68e000 	C:\Windows\System32\IMM32.DLL
0x00007ffcfce00000 - 0x00007ffcfce9d000 	C:\Program Files\Android\Android Studio\jre\bin\msvcp140.dll
0x0000023011540000 - 0x0000023012042000 	C:\Program Files\Android\Android Studio\jre\bin\server\jvm.dll
0x00007ffd3a330000 - 0x00007ffd3a3d3000 	C:\Windows\System32\ADVAPI32.dll
0x00007ffd3c360000 - 0x00007ffd3c3fe000 	C:\Windows\System32\sechost.dll
0x00007ffd3a190000 - 0x00007ffd3a198000 	C:\Windows\System32\PSAPI.DLL
0x00007ffd287b0000 - 0x00007ffd287b9000 	C:\Windows\SYSTEM32\WSOCK32.dll
0x00007ffd36790000 - 0x00007ffd367b4000 	C:\Windows\SYSTEM32\WINMM.dll
0x00007ffd33960000 - 0x00007ffd3396a000 	C:\Windows\SYSTEM32\VERSION.dll
0x00007ffd3a1a0000 - 0x00007ffd3a20d000 	C:\Windows\System32\WS2_32.dll
0x00007ffd36670000 - 0x00007ffd3669d000 	C:\Windows\SYSTEM32\WINMMBASE.dll
0x00007ffd395d0000 - 0x00007ffd3961a000 	C:\Windows\System32\cfgmgr32.dll
0x00007ffd38650000 - 0x00007ffd38661000 	C:\Windows\System32\kernel.appcore.dll
0x00007ffd2f190000 - 0x00007ffd2f1a1000 	C:\Program Files\Android\Android Studio\jre\bin\verify.dll
0x00007ffd2ff90000 - 0x00007ffd3017d000 	C:\Windows\SYSTEM32\DBGHELP.DLL
0x00007ffd2bf90000 - 0x00007ffd2bfba000 	C:\Windows\SYSTEM32\dbgcore.DLL
0x00007ffd2f160000 - 0x00007ffd2f189000 	C:\Program Files\Android\Android Studio\jre\bin\java.dll
0x00007ffd2ef50000 - 0x00007ffd2ef5b000 	C:\Program Files\Android\Android Studio\jre\bin\jimage.dll
0x00007ffd2ef30000 - 0x00007ffd2ef48000 	C:\Program Files\Android\Android Studio\jre\bin\zip.dll
0x00007ffd3ad30000 - 0x00007ffd3c21f000 	C:\Windows\System32\SHELL32.dll
0x00007ffd3a210000 - 0x00007ffd3a2b8000 	C:\Windows\System32\shcore.dll
0x00007ffd388e0000 - 0x00007ffd3902a000 	C:\Windows\System32\windows.storage.dll
0x00007ffd386f0000 - 0x00007ffd38714000 	C:\Windows\System32\profapi.dll
0x00007ffd38670000 - 0x00007ffd386cd000 	C:\Windows\System32\powrprof.dll
0x00007ffd39d50000 - 0x00007ffd39da2000 	C:\Windows\System32\shlwapi.dll
0x00007ffd39800000 - 0x00007ffd39817000 	C:\Windows\System32\cryptsp.dll
0x00007ffd2ef10000 - 0x00007ffd2ef2a000 	C:\Program Files\Android\Android Studio\jre\bin\net.dll
0x00007ffd2b0d0000 - 0x00007ffd2b1c1000 	C:\Windows\SYSTEM32\WINHTTP.dll
0x00007ffd37e80000 - 0x00007ffd37ee7000 	C:\Windows\system32\mswsock.dll
0x00007ffd2eef0000 - 0x00007ffd2ef04000 	C:\Program Files\Android\Android Studio\jre\bin\nio.dll

dbghelp: loaded successfully - version: 4.0.5 - missing functions: none
symbol engine: initialized successfully - sym options: 0x614 - pdb path: .;C:\Program Files\Android\Android Studio\jre\bin;C:\Windows\SYSTEM32;C:\Program Files\Avast Software\Avast;C:\Windows\WinSxS\amd64_microsoft.windows.common-controls_6595b64144ccf1df_6.0.17763.316_none_05b53be2071f46b6;C:\Program Files\Android\Android Studio\jre\bin\server

VM Arguments:
java_command: org.jetbrains.kotlin.cli.jvm.K2JVMCompiler @C:\Users\Artem\AndroidStudioProjects\LTechTestTask\app\build\20230126_1367192986498272910.compiler.options
java_class_path (initial): C:\Users\Artem\StudioProjects\CoolNews\caches\modules-2\files-2.1\org.jetbrains.kotlin\kotlin-compiler-embeddable\1.7.20\8db18559a581dd2c36ddfd5046af145650f5b126\kotlin-compiler-embeddable-1.7.20.jar;C:\Users\Artem\StudioProjects\CoolNews\caches\modules-2\files-2.1\org.jetbrains.kotlin\kotlin-reflect\1.7.20\12b2501e33bb6373e8e347c86d85481863629381\kotlin-reflect-1.7.20.jar;C:\Users\Artem\StudioProjects\CoolNews\caches\modules-2\files-2.1\org.jetbrains.kotlin\kotlin-stdlib\1.7.20\726594ea9ba2beb2ee113647fefa9a10f9fabe52\kotlin-stdlib-1.7.20.jar;C:\Users\Artem\StudioProjects\CoolNews\caches\modules-2\files-2.1\org.jetbrains.kotlin\kotlin-script-runtime\1.7.20\bcd1cc6f865e632550357fcc59f5ffd532615a8\kotlin-script-runtime-1.7.20.jar;C:\Users\Artem\StudioProjects\CoolNews\caches\modules-2\files-2.1\org.jetbrains.kotlin\kotlin-daemon-embeddable\1.7.20\1e24355adad8d529d75d5b19eab55484057431ba\kotlin-daemon-embeddable-1.7.20.jar;C:\Users\Artem\StudioProjects\CoolNews\caches\modules-2\files-2.1\org.jetbrains.intellij.deps\trove4j\1.0.20200330\3afb14d5f9ceb459d724e907a21145e8ff394f02\trove4j-1.0.20200330.jar;C:\Users\Artem\StudioProjects\CoolNews\caches\modules-2\files-2.1\net.java.dev.jna\jna\5.6.0\330f2244e9030119ab3030fc3fededc86713d9cc\jna-5.6.0.jar;C:\Users\Artem\StudioProjects\CoolNews\caches\modules-2\files-2.1\org.jetbrains.kotlin\kotlin-stdlib-common\1.7.20\e15351bdaf9fa06f009be5da7a202e4184f00ae3\kotlin-stdlib-common-1.7.20.jar;C:\Users\Artem\StudioProjects\CoolNews\caches\modules-2\files-2.1\org.jetbrains\annotations\13.0\919f0dfe192fb4e063e7dacadee7f8bb9a2672a9\annotations-13.0.jar
Launcher Type: SUN_STANDARD

[Global flags]
     intx CICompilerCount                          = 4                                         {product} {ergonomic}
     uint ConcGCThreads                            = 2                                         {product} {ergonomic}
     uint G1ConcRefinementThreads                  = 8                                         {product} {ergonomic}
   size_t G1HeapRegionSize                         = 1048576                                   {product} {ergonomic}
    uintx GCDrainStackTargetSize                   = 64                                        {product} {ergonomic}
   size_t InitialHeapSize                          = 100663296                                 {product} {ergonomic}
   size_t MarkStackSize                            = 4194304                                   {product} {ergonomic}
   size_t MaxHeapSize                              = 1595932672                                {product} {ergonomic}
   size_t MaxNewSize                               = 957349888                                 {product} {ergonomic}
   size_t MinHeapDeltaBytes                        = 1048576                                   {product} {ergonomic}
    uintx NonNMethodCodeHeapSize                   = 5836300                                {pd product} {ergonomic}
    uintx NonProfiledCodeHeapSize                  = 122910970                              {pd product} {ergonomic}
    uintx ProfiledCodeHeapSize                     = 122910970                              {pd product} {ergonomic}
    uintx ReservedCodeCacheSize                    = 251658240                              {pd product} {ergonomic}
     bool SegmentedCodeCache                       = true                                      {product} {ergonomic}
     bool UseCompressedClassPointers               = true                                 {lp64_product} {ergonomic}
     bool UseCompressedOops                        = true                                 {lp64_product} {ergonomic}
     bool UseG1GC                                  = true                                      {product} {ergonomic}
     bool UseLargePagesIndividualAllocation        = false                                  {pd product} {ergonomic}

Logging:
Log output configuration:
 #0: stdout all=warning uptime,level,tags
 #1: stderr all=off uptime,level,tags

Environment Variables:
PATH=C:\Windows\system32;C:\Windows;C:\Windows\System32\Wbem;C:\Windows\System32\WindowsPowerShell\v1.0\;C:\Program Files (x86)\NVIDIA Corporation\PhysX\Common;C:\Program Files\Common Files\Autodesk Shared\;C:\Program Files\Git\cmd;C:\Users\Artem\AppData\Local\Microsoft\WindowsApps;
USERNAME=Artem
OS=Windows_NT
PROCESSOR_IDENTIFIER=AMD64 Family 23 Model 24 Stepping 1, AuthenticAMD



---------------  S Y S T E M  ---------------

OS: Windows 10 , 64 bit Build 17763 (10.0.17763.292)
OS uptime: 0 days 10:53 hours

CPU:total 8 (initial active 8) (8 cores per cpu, 2 threads per core) family 23 model 24 stepping 1 microcode 0x0, cmov, cx8, fxsr, mmx, sse, sse2, sse3, ssse3, sse4.1, sse4.2, popcnt, avx, avx2, aes, clmul, mmxext, 3dnowpref, lzcnt, sse4a, ht, tsc, tscinvbit, tscinv, bmi1, bmi2, adx, sha, fma

Memory: 4k page, system-wide physical 6082M (183M free)
TotalPageFile size 10178M (AvailPageFile size 5M)
current process WorkingSet (physical memory assigned to process): 184M, peak: 184M
current process commit charge ("private bytes"): 252M, peak: 252M

vm_info: OpenJDK 64-Bit Server VM (11.0.13+0-b1751.21-8125866) for windows-amd64 JRE (11.0.13+0-b1751.21-8125866), built on Feb  2 2022 03:00:22 by "builder" with MS VC++ 14.0 (VS2015)

END.
